<?xml version="1.0" encoding="UTF-8" ?>
<testsuite errors="0" failures="1" hostname="osgp-cucumber-tests-platform-publiclighting-7x89j" name="Set light schedule(PublicLightingScheduleManagement Set Light Schedule)" skipped="0" tests="1" time="31.468" timestamp="2025-04-04T13:05:45">
  <properties />
  <testcase classname="org.opensmartgridplatform.cucumber.execution.DescriptionAsTest" name="Set light schedule(PublicLightingScheduleManagement Set Light Schedule)" time="31.468">
    <error message="Timeout after [30] seconds." type="org.opentest4j.AssertionFailedError">org.opentest4j.AssertionFailedError: Timeout after [30] seconds.
	at org.opensmartgridplatform.cucumber.core.Wait.untilAndReturn(Wait.java:53)
	at org.opensmartgridplatform.cucumber.platform.publiclighting.glue.steps.ws.publiclighting.schedulemanagement.SetLightScheduleSteps.thePlatformBuffersASetLightScheduleResponseMessageForDevice(SetLightScheduleSteps.java:298)
	at ✽.the platform buffers a set light schedule response message for device &quot;TEST1024000000001&quot;(classpath:features/publiclighting/osgp-adapter-ws-publiclighting/ScheduleManagement/SetLightSchedule.feature:38)
</error>
  </testcase>
  <system-out><![CDATA[[2025-04-04 13:05:45.527] [osgp-cucumber-tests-platform-publiclighting-7x89j] [main] INFO o.o.c.platform.database.CoreDatabase@batchDeleteAll:131 - Starting batchDeleteAll()
[2025-04-04 13:05:45.536] [osgp-cucumber-tests-platform-publiclighting-7x89j] [main] INFO o.o.c.platform.database.CoreDatabase@normalDeleteAll:154 - Starting normalDeleteAll()
[2025-04-04 13:05:45.572] [osgp-cucumber-tests-platform-publiclighting-7x89j] [main] INFO o.o.c.p.p.m.o.MockOslpServer@mockSetScheduleResponse:611 - Mocking response for device dGVzdDEyMzQ1Njc4 of message type: SET_LIGHT_SCHEDULE
[2025-04-04 13:05:45.661] [osgp-cucumber-tests-platform-publiclighting-7x89j] [main] INFO o.o.c.p.p.g.s.w.p.s.SetLightScheduleSteps@theSetLightScheduleAsyncResponseContains:274 - Got CorrelationUid: [test-org|||TEST1024000000001|||20250404130545593|||3edf02e7-2190-4831-9de3-3b8507490df4]
[2025-04-04 13:05:45.662] [osgp-cucumber-tests-platform-publiclighting-7x89j] [main] INFO o.o.c.p.p.m.o.MockOslpServer@waitForRequest:187 - Device dGVzdDEyMzQ1Njc4 is waiting for request of message type: SET_LIGHT_SCHEDULE, receivedResponses: 0
[2025-04-04 13:05:45.662] [osgp-cucumber-tests-platform-publiclighting-7x89j] [main] INFO o.o.c.p.p.m.o.MockOslpServer@waitForRequest:199 - Sleeping 1s 1 - Device dGVzdDEyMzQ1Njc4 is waiting for a request of message type: SET_LIGHT_SCHEDULE
[2025-04-04 13:05:46.052] [osgp-cucumber-tests-platform-publiclighting-7x89j] [disposableNioEventLoopGroup-6-19] INFO o.o.c.p.p.m.o.MockOslpChannelHandler@handleRequest:403 - Device dGVzdDEyMzQ1Njc4 received [setScheduleRequest {
  schedules {
    weekday: ABSOLUTEDAY
    startDay: "20130301"
    endDay: "20131231"
    actionTime: SUNRISE
    window {
      minutesBefore: 60
      minutesAfter: 90
    }
    value {
      index: "\000"
      on: false
    }
    triggerType: LIGHT_TRIGGER
  }
  scheduleType: LIGHT
}
], sequence number [[0, 0]]
[2025-04-04 13:05:46.053] [osgp-cucumber-tests-platform-publiclighting-7x89j] [disposableNioEventLoopGroup-6-19] INFO o.o.c.p.p.m.o.MockOslpChannelHandler@handleRequest:425 - Device dGVzdDEyMzQ1Njc4 mocked response: [setScheduleResponse {
  status: OK
}
]
[2025-04-04 13:05:46.662] [osgp-cucumber-tests-platform-publiclighting-7x89j] [main] INFO o.o.c.p.p.m.o.MockOslpServer@waitForRequest:214 - Device dGVzdDEyMzQ1Njc4 received a request of message type: SET_LIGHT_SCHEDULE
[2025-04-04 13:05:46.690] [osgp-cucumber-tests-platform-publiclighting-7x89j] [main] INFO o.o.c.p.p.g.s.w.p.s.SetLightScheduleSteps@lambda$thePlatformBuffersASetLightScheduleResponseMessageForDevice$0:303 - Received a SOAP fault on setSchedule
[2025-04-04 13:05:46.690] [osgp-cucumber-tests-platform-publiclighting-7x89j] [main] ERROR o.o.cucumber.core.Wait@handleException:151 - Caught an exception: [Received a SOAP fault on setSchedule that could be rejected because the CorrelationUid is unknown]
[2025-04-04 13:05:46.690] [osgp-cucumber-tests-platform-publiclighting-7x89j] [main] INFO o.o.cucumber.core.Wait@untilAndReturn:74 - ... polling in Wait.until (0 seconds) ...
[2025-04-04 13:05:47.203] [osgp-cucumber-tests-platform-publiclighting-7x89j] [main] INFO o.o.c.p.p.g.s.w.p.s.SetLightScheduleSteps@lambda$thePlatformBuffersASetLightScheduleResponseMessageForDevice$0:303 - Received a SOAP fault on setSchedule
[2025-04-04 13:05:47.203] [osgp-cucumber-tests-platform-publiclighting-7x89j] [main] ERROR o.o.cucumber.core.Wait@handleException:151 - Caught an exception: [Received a SOAP fault on setSchedule that could be rejected because the CorrelationUid is unknown]
[2025-04-04 13:05:47.203] [osgp-cucumber-tests-platform-publiclighting-7x89j] [main] INFO o.o.cucumber.core.Wait@untilAndReturn:74 - ... polling in Wait.until (0 seconds) ...
[2025-04-04 13:05:47.716] [osgp-cucumber-tests-platform-publiclighting-7x89j] [main] INFO o.o.c.p.p.g.s.w.p.s.SetLightScheduleSteps@lambda$thePlatformBuffersASetLightScheduleResponseMessageForDevice$0:303 - Received a SOAP fault on setSchedule
[2025-04-04 13:05:47.716] [osgp-cucumber-tests-platform-publiclighting-7x89j] [main] ERROR o.o.cucumber.core.Wait@handleException:151 - Caught an exception: [Received a SOAP fault on setSchedule that could be rejected because the CorrelationUid is unknown]
[2025-04-04 13:05:47.716] [osgp-cucumber-tests-platform-publiclighting-7x89j] [main] INFO o.o.cucumber.core.Wait@untilAndReturn:74 - ... polling in Wait.until (1 seconds) ...
[2025-04-04 13:05:48.229] [osgp-cucumber-tests-platform-publiclighting-7x89j] [main] INFO o.o.c.p.p.g.s.w.p.s.SetLightScheduleSteps@lambda$thePlatformBuffersASetLightScheduleResponseMessageForDevice$0:303 - Received a SOAP fault on setSchedule
[2025-04-04 13:05:48.229] [osgp-cucumber-tests-platform-publiclighting-7x89j] [main] ERROR o.o.cucumber.core.Wait@handleException:151 - Caught an exception: [Received a SOAP fault on setSchedule that could be rejected because the CorrelationUid is unknown]
[2025-04-04 13:05:48.229] [osgp-cucumber-tests-platform-publiclighting-7x89j] [main] INFO o.o.cucumber.core.Wait@untilAndReturn:74 - ... polling in Wait.until (1 seconds) ...
[2025-04-04 13:05:48.741] [osgp-cucumber-tests-platform-publiclighting-7x89j] [main] INFO o.o.c.p.p.g.s.w.p.s.SetLightScheduleSteps@lambda$thePlatformBuffersASetLightScheduleResponseMessageForDevice$0:303 - Received a SOAP fault on setSchedule
[2025-04-04 13:05:48.741] [osgp-cucumber-tests-platform-publiclighting-7x89j] [main] ERROR o.o.cucumber.core.Wait@handleException:151 - Caught an exception: [Received a SOAP fault on setSchedule that could be rejected because the CorrelationUid is unknown]
[2025-04-04 13:05:48.741] [osgp-cucumber-tests-platform-publiclighting-7x89j] [main] INFO o.o.cucumber.core.Wait@untilAndReturn:74 - ... polling in Wait.until (2 seconds) ...
[2025-04-04 13:05:49.254] [osgp-cucumber-tests-platform-publiclighting-7x89j] [main] INFO o.o.c.p.p.g.s.w.p.s.SetLightScheduleSteps@lambda$thePlatformBuffersASetLightScheduleResponseMessageForDevice$0:303 - Received a SOAP fault on setSchedule
[2025-04-04 13:05:49.254] [osgp-cucumber-tests-platform-publiclighting-7x89j] [main] ERROR o.o.cucumber.core.Wait@handleException:151 - Caught an exception: [Received a SOAP fault on setSchedule that could be rejected because the CorrelationUid is unknown]
[2025-04-04 13:05:49.254] [osgp-cucumber-tests-platform-publiclighting-7x89j] [main] INFO o.o.cucumber.core.Wait@untilAndReturn:74 - ... polling in Wait.until (2 seconds) ...
[2025-04-04 13:05:49.767] [osgp-cucumber-tests-platform-publiclighting-7x89j] [main] INFO o.o.c.p.p.g.s.w.p.s.SetLightScheduleSteps@lambda$thePlatformBuffersASetLightScheduleResponseMessageForDevice$0:303 - Received a SOAP fault on setSchedule
[2025-04-04 13:05:49.767] [osgp-cucumber-tests-platform-publiclighting-7x89j] [main] ERROR o.o.cucumber.core.Wait@handleException:151 - Caught an exception: [Received a SOAP fault on setSchedule that could be rejected because the CorrelationUid is unknown]
[2025-04-04 13:05:49.767] [osgp-cucumber-tests-platform-publiclighting-7x89j] [main] INFO o.o.cucumber.core.Wait@untilAndReturn:74 - ... polling in Wait.until (3 seconds) ...
[2025-04-04 13:05:50.280] [osgp-cucumber-tests-platform-publiclighting-7x89j] [main] INFO o.o.c.p.p.g.s.w.p.s.SetLightScheduleSteps@lambda$thePlatformBuffersASetLightScheduleResponseMessageForDevice$0:303 - Received a SOAP fault on setSchedule
[2025-04-04 13:05:50.280] [osgp-cucumber-tests-platform-publiclighting-7x89j] [main] ERROR o.o.cucumber.core.Wait@handleException:151 - Caught an exception: [Received a SOAP fault on setSchedule that could be rejected because the CorrelationUid is unknown]
[2025-04-04 13:05:50.280] [osgp-cucumber-tests-platform-publiclighting-7x89j] [main] INFO o.o.cucumber.core.Wait@untilAndReturn:74 - ... polling in Wait.until (3 seconds) ...
[2025-04-04 13:05:50.794] [osgp-cucumber-tests-platform-publiclighting-7x89j] [main] INFO o.o.c.p.p.g.s.w.p.s.SetLightScheduleSteps@lambda$thePlatformBuffersASetLightScheduleResponseMessageForDevice$0:303 - Received a SOAP fault on setSchedule
[2025-04-04 13:05:50.794] [osgp-cucumber-tests-platform-publiclighting-7x89j] [main] ERROR o.o.cucumber.core.Wait@handleException:151 - Caught an exception: [Received a SOAP fault on setSchedule that could be rejected because the CorrelationUid is unknown]
[2025-04-04 13:05:50.794] [osgp-cucumber-tests-platform-publiclighting-7x89j] [main] INFO o.o.cucumber.core.Wait@untilAndReturn:74 - ... polling in Wait.until (4 seconds) ...
[2025-04-04 13:05:51.306] [osgp-cucumber-tests-platform-publiclighting-7x89j] [main] INFO o.o.c.p.p.g.s.w.p.s.SetLightScheduleSteps@lambda$thePlatformBuffersASetLightScheduleResponseMessageForDevice$0:303 - Received a SOAP fault on setSchedule
[2025-04-04 13:05:51.306] [osgp-cucumber-tests-platform-publiclighting-7x89j] [main] ERROR o.o.cucumber.core.Wait@handleException:151 - Caught an exception: [Received a SOAP fault on setSchedule that could be rejected because the CorrelationUid is unknown]
[2025-04-04 13:05:51.306] [osgp-cucumber-tests-platform-publiclighting-7x89j] [main] INFO o.o.cucumber.core.Wait@untilAndReturn:74 - ... polling in Wait.until (4 seconds) ...
[2025-04-04 13:05:51.820] [osgp-cucumber-tests-platform-publiclighting-7x89j] [main] INFO o.o.c.p.p.g.s.w.p.s.SetLightScheduleSteps@lambda$thePlatformBuffersASetLightScheduleResponseMessageForDevice$0:303 - Received a SOAP fault on setSchedule
[2025-04-04 13:05:51.820] [osgp-cucumber-tests-platform-publiclighting-7x89j] [main] ERROR o.o.cucumber.core.Wait@handleException:151 - Caught an exception: [Received a SOAP fault on setSchedule that could be rejected because the CorrelationUid is unknown]
[2025-04-04 13:05:51.821] [osgp-cucumber-tests-platform-publiclighting-7x89j] [main] INFO o.o.cucumber.core.Wait@untilAndReturn:74 - ... polling in Wait.until (5 seconds) ...
[2025-04-04 13:05:52.333] [osgp-cucumber-tests-platform-publiclighting-7x89j] [main] INFO o.o.c.p.p.g.s.w.p.s.SetLightScheduleSteps@lambda$thePlatformBuffersASetLightScheduleResponseMessageForDevice$0:303 - Received a SOAP fault on setSchedule
[2025-04-04 13:05:52.333] [osgp-cucumber-tests-platform-publiclighting-7x89j] [main] ERROR o.o.cucumber.core.Wait@handleException:151 - Caught an exception: [Received a SOAP fault on setSchedule that could be rejected because the CorrelationUid is unknown]
[2025-04-04 13:05:52.333] [osgp-cucumber-tests-platform-publiclighting-7x89j] [main] INFO o.o.cucumber.core.Wait@untilAndReturn:74 - ... polling in Wait.until (5 seconds) ...
[2025-04-04 13:05:52.848] [osgp-cucumber-tests-platform-publiclighting-7x89j] [main] INFO o.o.c.p.p.g.s.w.p.s.SetLightScheduleSteps@lambda$thePlatformBuffersASetLightScheduleResponseMessageForDevice$0:303 - Received a SOAP fault on setSchedule
[2025-04-04 13:05:52.848] [osgp-cucumber-tests-platform-publiclighting-7x89j] [main] ERROR o.o.cucumber.core.Wait@handleException:151 - Caught an exception: [Received a SOAP fault on setSchedule that could be rejected because the CorrelationUid is unknown]
[2025-04-04 13:05:52.848] [osgp-cucumber-tests-platform-publiclighting-7x89j] [main] INFO o.o.cucumber.core.Wait@untilAndReturn:74 - ... polling in Wait.until (6 seconds) ...
[2025-04-04 13:05:53.361] [osgp-cucumber-tests-platform-publiclighting-7x89j] [main] INFO o.o.c.p.p.g.s.w.p.s.SetLightScheduleSteps@lambda$thePlatformBuffersASetLightScheduleResponseMessageForDevice$0:303 - Received a SOAP fault on setSchedule
[2025-04-04 13:05:53.361] [osgp-cucumber-tests-platform-publiclighting-7x89j] [main] ERROR o.o.cucumber.core.Wait@handleException:151 - Caught an exception: [Received a SOAP fault on setSchedule that could be rejected because the CorrelationUid is unknown]
[2025-04-04 13:05:53.362] [osgp-cucumber-tests-platform-publiclighting-7x89j] [main] INFO o.o.cucumber.core.Wait@untilAndReturn:74 - ... polling in Wait.until (6 seconds) ...
[2025-04-04 13:05:53.875] [osgp-cucumber-tests-platform-publiclighting-7x89j] [main] INFO o.o.c.p.p.g.s.w.p.s.SetLightScheduleSteps@lambda$thePlatformBuffersASetLightScheduleResponseMessageForDevice$0:303 - Received a SOAP fault on setSchedule
[2025-04-04 13:05:53.875] [osgp-cucumber-tests-platform-publiclighting-7x89j] [main] ERROR o.o.cucumber.core.Wait@handleException:151 - Caught an exception: [Received a SOAP fault on setSchedule that could be rejected because the CorrelationUid is unknown]
[2025-04-04 13:05:53.875] [osgp-cucumber-tests-platform-publiclighting-7x89j] [main] INFO o.o.cucumber.core.Wait@untilAndReturn:74 - ... polling in Wait.until (7 seconds) ...
[2025-04-04 13:05:54.387] [osgp-cucumber-tests-platform-publiclighting-7x89j] [main] INFO o.o.c.p.p.g.s.w.p.s.SetLightScheduleSteps@lambda$thePlatformBuffersASetLightScheduleResponseMessageForDevice$0:303 - Received a SOAP fault on setSchedule
[2025-04-04 13:05:54.387] [osgp-cucumber-tests-platform-publiclighting-7x89j] [main] ERROR o.o.cucumber.core.Wait@handleException:151 - Caught an exception: [Received a SOAP fault on setSchedule that could be rejected because the CorrelationUid is unknown]
[2025-04-04 13:05:54.387] [osgp-cucumber-tests-platform-publiclighting-7x89j] [main] INFO o.o.cucumber.core.Wait@untilAndReturn:74 - ... polling in Wait.until (7 seconds) ...
[2025-04-04 13:05:54.900] [osgp-cucumber-tests-platform-publiclighting-7x89j] [main] INFO o.o.c.p.p.g.s.w.p.s.SetLightScheduleSteps@lambda$thePlatformBuffersASetLightScheduleResponseMessageForDevice$0:303 - Received a SOAP fault on setSchedule
[2025-04-04 13:05:54.900] [osgp-cucumber-tests-platform-publiclighting-7x89j] [main] ERROR o.o.cucumber.core.Wait@handleException:151 - Caught an exception: [Received a SOAP fault on setSchedule that could be rejected because the CorrelationUid is unknown]
[2025-04-04 13:05:54.900] [osgp-cucumber-tests-platform-publiclighting-7x89j] [main] INFO o.o.cucumber.core.Wait@untilAndReturn:74 - ... polling in Wait.until (8 seconds) ...
[2025-04-04 13:05:55.414] [osgp-cucumber-tests-platform-publiclighting-7x89j] [main] INFO o.o.c.p.p.g.s.w.p.s.SetLightScheduleSteps@lambda$thePlatformBuffersASetLightScheduleResponseMessageForDevice$0:303 - Received a SOAP fault on setSchedule
[2025-04-04 13:05:55.414] [osgp-cucumber-tests-platform-publiclighting-7x89j] [main] ERROR o.o.cucumber.core.Wait@handleException:151 - Caught an exception: [Received a SOAP fault on setSchedule that could be rejected because the CorrelationUid is unknown]
[2025-04-04 13:05:55.414] [osgp-cucumber-tests-platform-publiclighting-7x89j] [main] INFO o.o.cucumber.core.Wait@untilAndReturn:74 - ... polling in Wait.until (8 seconds) ...
[2025-04-04 13:05:55.927] [osgp-cucumber-tests-platform-publiclighting-7x89j] [main] INFO o.o.c.p.p.g.s.w.p.s.SetLightScheduleSteps@lambda$thePlatformBuffersASetLightScheduleResponseMessageForDevice$0:303 - Received a SOAP fault on setSchedule
[2025-04-04 13:05:55.927] [osgp-cucumber-tests-platform-publiclighting-7x89j] [main] ERROR o.o.cucumber.core.Wait@handleException:151 - Caught an exception: [Received a SOAP fault on setSchedule that could be rejected because the CorrelationUid is unknown]
[2025-04-04 13:05:55.927] [osgp-cucumber-tests-platform-publiclighting-7x89j] [main] INFO o.o.cucumber.core.Wait@untilAndReturn:74 - ... polling in Wait.until (9 seconds) ...
[2025-04-04 13:05:56.440] [osgp-cucumber-tests-platform-publiclighting-7x89j] [main] INFO o.o.c.p.p.g.s.w.p.s.SetLightScheduleSteps@lambda$thePlatformBuffersASetLightScheduleResponseMessageForDevice$0:303 - Received a SOAP fault on setSchedule
[2025-04-04 13:05:56.440] [osgp-cucumber-tests-platform-publiclighting-7x89j] [main] ERROR o.o.cucumber.core.Wait@handleException:151 - Caught an exception: [Received a SOAP fault on setSchedule that could be rejected because the CorrelationUid is unknown]
[2025-04-04 13:05:56.440] [osgp-cucumber-tests-platform-publiclighting-7x89j] [main] INFO o.o.cucumber.core.Wait@untilAndReturn:74 - ... polling in Wait.until (9 seconds) ...
[2025-04-04 13:05:56.966] [osgp-cucumber-tests-platform-publiclighting-7x89j] [main] INFO o.o.c.p.p.g.s.w.p.s.SetLightScheduleSteps@lambda$thePlatformBuffersASetLightScheduleResponseMessageForDevice$0:303 - Received a SOAP fault on setSchedule
[2025-04-04 13:05:56.966] [osgp-cucumber-tests-platform-publiclighting-7x89j] [main] ERROR o.o.cucumber.core.Wait@handleException:151 - Caught an exception: [Received a SOAP fault on setSchedule that could be rejected because the CorrelationUid is unknown]
[2025-04-04 13:05:56.966] [osgp-cucumber-tests-platform-publiclighting-7x89j] [main] INFO o.o.cucumber.core.Wait@untilAndReturn:74 - ... polling in Wait.until (10 seconds) ...
[2025-04-04 13:05:57.478] [osgp-cucumber-tests-platform-publiclighting-7x89j] [main] INFO o.o.c.p.p.g.s.w.p.s.SetLightScheduleSteps@lambda$thePlatformBuffersASetLightScheduleResponseMessageForDevice$0:303 - Received a SOAP fault on setSchedule
[2025-04-04 13:05:57.478] [osgp-cucumber-tests-platform-publiclighting-7x89j] [main] ERROR o.o.cucumber.core.Wait@handleException:151 - Caught an exception: [Received a SOAP fault on setSchedule that could be rejected because the CorrelationUid is unknown]
[2025-04-04 13:05:57.478] [osgp-cucumber-tests-platform-publiclighting-7x89j] [main] INFO o.o.cucumber.core.Wait@untilAndReturn:74 - ... polling in Wait.until (10 seconds) ...
[2025-04-04 13:05:57.992] [osgp-cucumber-tests-platform-publiclighting-7x89j] [main] INFO o.o.c.p.p.g.s.w.p.s.SetLightScheduleSteps@lambda$thePlatformBuffersASetLightScheduleResponseMessageForDevice$0:303 - Received a SOAP fault on setSchedule
[2025-04-04 13:05:57.992] [osgp-cucumber-tests-platform-publiclighting-7x89j] [main] ERROR o.o.cucumber.core.Wait@handleException:151 - Caught an exception: [Received a SOAP fault on setSchedule that could be rejected because the CorrelationUid is unknown]
[2025-04-04 13:05:57.992] [osgp-cucumber-tests-platform-publiclighting-7x89j] [main] INFO o.o.cucumber.core.Wait@untilAndReturn:74 - ... polling in Wait.until (11 seconds) ...
[2025-04-04 13:05:58.504] [osgp-cucumber-tests-platform-publiclighting-7x89j] [main] INFO o.o.c.p.p.g.s.w.p.s.SetLightScheduleSteps@lambda$thePlatformBuffersASetLightScheduleResponseMessageForDevice$0:303 - Received a SOAP fault on setSchedule
[2025-04-04 13:05:58.505] [osgp-cucumber-tests-platform-publiclighting-7x89j] [main] ERROR o.o.cucumber.core.Wait@handleException:151 - Caught an exception: [Received a SOAP fault on setSchedule that could be rejected because the CorrelationUid is unknown]
[2025-04-04 13:05:58.505] [osgp-cucumber-tests-platform-publiclighting-7x89j] [main] INFO o.o.cucumber.core.Wait@untilAndReturn:74 - ... polling in Wait.until (11 seconds) ...
[2025-04-04 13:05:59.018] [osgp-cucumber-tests-platform-publiclighting-7x89j] [main] INFO o.o.c.p.p.g.s.w.p.s.SetLightScheduleSteps@lambda$thePlatformBuffersASetLightScheduleResponseMessageForDevice$0:303 - Received a SOAP fault on setSchedule
[2025-04-04 13:05:59.018] [osgp-cucumber-tests-platform-publiclighting-7x89j] [main] ERROR o.o.cucumber.core.Wait@handleException:151 - Caught an exception: [Received a SOAP fault on setSchedule that could be rejected because the CorrelationUid is unknown]
[2025-04-04 13:05:59.018] [osgp-cucumber-tests-platform-publiclighting-7x89j] [main] INFO o.o.cucumber.core.Wait@untilAndReturn:74 - ... polling in Wait.until (12 seconds) ...
[2025-04-04 13:05:59.530] [osgp-cucumber-tests-platform-publiclighting-7x89j] [main] INFO o.o.c.p.p.g.s.w.p.s.SetLightScheduleSteps@lambda$thePlatformBuffersASetLightScheduleResponseMessageForDevice$0:303 - Received a SOAP fault on setSchedule
[2025-04-04 13:05:59.530] [osgp-cucumber-tests-platform-publiclighting-7x89j] [main] ERROR o.o.cucumber.core.Wait@handleException:151 - Caught an exception: [Received a SOAP fault on setSchedule that could be rejected because the CorrelationUid is unknown]
[2025-04-04 13:05:59.530] [osgp-cucumber-tests-platform-publiclighting-7x89j] [main] INFO o.o.cucumber.core.Wait@untilAndReturn:74 - ... polling in Wait.until (12 seconds) ...
[2025-04-04 13:06:00.042] [osgp-cucumber-tests-platform-publiclighting-7x89j] [main] INFO o.o.c.p.p.g.s.w.p.s.SetLightScheduleSteps@lambda$thePlatformBuffersASetLightScheduleResponseMessageForDevice$0:303 - Received a SOAP fault on setSchedule
[2025-04-04 13:06:00.043] [osgp-cucumber-tests-platform-publiclighting-7x89j] [main] ERROR o.o.cucumber.core.Wait@handleException:151 - Caught an exception: [Received a SOAP fault on setSchedule that could be rejected because the CorrelationUid is unknown]
[2025-04-04 13:06:00.043] [osgp-cucumber-tests-platform-publiclighting-7x89j] [main] INFO o.o.cucumber.core.Wait@untilAndReturn:74 - ... polling in Wait.until (13 seconds) ...
[2025-04-04 13:06:00.555] [osgp-cucumber-tests-platform-publiclighting-7x89j] [main] INFO o.o.c.p.p.g.s.w.p.s.SetLightScheduleSteps@lambda$thePlatformBuffersASetLightScheduleResponseMessageForDevice$0:303 - Received a SOAP fault on setSchedule
[2025-04-04 13:06:00.555] [osgp-cucumber-tests-platform-publiclighting-7x89j] [main] ERROR o.o.cucumber.core.Wait@handleException:151 - Caught an exception: [Received a SOAP fault on setSchedule that could be rejected because the CorrelationUid is unknown]
[2025-04-04 13:06:00.555] [osgp-cucumber-tests-platform-publiclighting-7x89j] [main] INFO o.o.cucumber.core.Wait@untilAndReturn:74 - ... polling in Wait.until (13 seconds) ...
[2025-04-04 13:06:01.069] [osgp-cucumber-tests-platform-publiclighting-7x89j] [main] INFO o.o.c.p.p.g.s.w.p.s.SetLightScheduleSteps@lambda$thePlatformBuffersASetLightScheduleResponseMessageForDevice$0:303 - Received a SOAP fault on setSchedule
[2025-04-04 13:06:01.069] [osgp-cucumber-tests-platform-publiclighting-7x89j] [main] ERROR o.o.cucumber.core.Wait@handleException:151 - Caught an exception: [Received a SOAP fault on setSchedule that could be rejected because the CorrelationUid is unknown]
[2025-04-04 13:06:01.069] [osgp-cucumber-tests-platform-publiclighting-7x89j] [main] INFO o.o.cucumber.core.Wait@untilAndReturn:74 - ... polling in Wait.until (14 seconds) ...
[2025-04-04 13:06:01.582] [osgp-cucumber-tests-platform-publiclighting-7x89j] [main] INFO o.o.c.p.p.g.s.w.p.s.SetLightScheduleSteps@lambda$thePlatformBuffersASetLightScheduleResponseMessageForDevice$0:303 - Received a SOAP fault on setSchedule
[2025-04-04 13:06:01.582] [osgp-cucumber-tests-platform-publiclighting-7x89j] [main] ERROR o.o.cucumber.core.Wait@handleException:151 - Caught an exception: [Received a SOAP fault on setSchedule that could be rejected because the CorrelationUid is unknown]
[2025-04-04 13:06:01.582] [osgp-cucumber-tests-platform-publiclighting-7x89j] [main] INFO o.o.cucumber.core.Wait@untilAndReturn:74 - ... polling in Wait.until (14 seconds) ...
[2025-04-04 13:06:02.095] [osgp-cucumber-tests-platform-publiclighting-7x89j] [main] INFO o.o.c.p.p.g.s.w.p.s.SetLightScheduleSteps@lambda$thePlatformBuffersASetLightScheduleResponseMessageForDevice$0:303 - Received a SOAP fault on setSchedule
[2025-04-04 13:06:02.096] [osgp-cucumber-tests-platform-publiclighting-7x89j] [main] ERROR o.o.cucumber.core.Wait@handleException:151 - Caught an exception: [Received a SOAP fault on setSchedule that could be rejected because the CorrelationUid is unknown]
[2025-04-04 13:06:02.096] [osgp-cucumber-tests-platform-publiclighting-7x89j] [main] INFO o.o.cucumber.core.Wait@untilAndReturn:74 - ... polling in Wait.until (15 seconds) ...
[2025-04-04 13:06:02.608] [osgp-cucumber-tests-platform-publiclighting-7x89j] [main] INFO o.o.c.p.p.g.s.w.p.s.SetLightScheduleSteps@lambda$thePlatformBuffersASetLightScheduleResponseMessageForDevice$0:303 - Received a SOAP fault on setSchedule
[2025-04-04 13:06:02.608] [osgp-cucumber-tests-platform-publiclighting-7x89j] [main] ERROR o.o.cucumber.core.Wait@handleException:151 - Caught an exception: [Received a SOAP fault on setSchedule that could be rejected because the CorrelationUid is unknown]
[2025-04-04 13:06:02.608] [osgp-cucumber-tests-platform-publiclighting-7x89j] [main] INFO o.o.cucumber.core.Wait@untilAndReturn:74 - ... polling in Wait.until (15 seconds) ...
[2025-04-04 13:06:03.122] [osgp-cucumber-tests-platform-publiclighting-7x89j] [main] INFO o.o.c.p.p.g.s.w.p.s.SetLightScheduleSteps@lambda$thePlatformBuffersASetLightScheduleResponseMessageForDevice$0:303 - Received a SOAP fault on setSchedule
[2025-04-04 13:06:03.122] [osgp-cucumber-tests-platform-publiclighting-7x89j] [main] ERROR o.o.cucumber.core.Wait@handleException:151 - Caught an exception: [Received a SOAP fault on setSchedule that could be rejected because the CorrelationUid is unknown]
[2025-04-04 13:06:03.122] [osgp-cucumber-tests-platform-publiclighting-7x89j] [main] INFO o.o.cucumber.core.Wait@untilAndReturn:74 - ... polling in Wait.until (16 seconds) ...
[2025-04-04 13:06:03.634] [osgp-cucumber-tests-platform-publiclighting-7x89j] [main] INFO o.o.c.p.p.g.s.w.p.s.SetLightScheduleSteps@lambda$thePlatformBuffersASetLightScheduleResponseMessageForDevice$0:303 - Received a SOAP fault on setSchedule
[2025-04-04 13:06:03.634] [osgp-cucumber-tests-platform-publiclighting-7x89j] [main] ERROR o.o.cucumber.core.Wait@handleException:151 - Caught an exception: [Received a SOAP fault on setSchedule that could be rejected because the CorrelationUid is unknown]
[2025-04-04 13:06:03.634] [osgp-cucumber-tests-platform-publiclighting-7x89j] [main] INFO o.o.cucumber.core.Wait@untilAndReturn:74 - ... polling in Wait.until (16 seconds) ...
[2025-04-04 13:06:04.147] [osgp-cucumber-tests-platform-publiclighting-7x89j] [main] INFO o.o.c.p.p.g.s.w.p.s.SetLightScheduleSteps@lambda$thePlatformBuffersASetLightScheduleResponseMessageForDevice$0:303 - Received a SOAP fault on setSchedule
[2025-04-04 13:06:04.147] [osgp-cucumber-tests-platform-publiclighting-7x89j] [main] ERROR o.o.cucumber.core.Wait@handleException:151 - Caught an exception: [Received a SOAP fault on setSchedule that could be rejected because the CorrelationUid is unknown]
[2025-04-04 13:06:04.147] [osgp-cucumber-tests-platform-publiclighting-7x89j] [main] INFO o.o.cucumber.core.Wait@untilAndReturn:74 - ... polling in Wait.until (17 seconds) ...
[2025-04-04 13:06:04.660] [osgp-cucumber-tests-platform-publiclighting-7x89j] [main] INFO o.o.c.p.p.g.s.w.p.s.SetLightScheduleSteps@lambda$thePlatformBuffersASetLightScheduleResponseMessageForDevice$0:303 - Received a SOAP fault on setSchedule
[2025-04-04 13:06:04.660] [osgp-cucumber-tests-platform-publiclighting-7x89j] [main] ERROR o.o.cucumber.core.Wait@handleException:151 - Caught an exception: [Received a SOAP fault on setSchedule that could be rejected because the CorrelationUid is unknown]
[2025-04-04 13:06:04.660] [osgp-cucumber-tests-platform-publiclighting-7x89j] [main] INFO o.o.cucumber.core.Wait@untilAndReturn:74 - ... polling in Wait.until (17 seconds) ...
[2025-04-04 13:06:05.173] [osgp-cucumber-tests-platform-publiclighting-7x89j] [main] INFO o.o.c.p.p.g.s.w.p.s.SetLightScheduleSteps@lambda$thePlatformBuffersASetLightScheduleResponseMessageForDevice$0:303 - Received a SOAP fault on setSchedule
[2025-04-04 13:06:05.173] [osgp-cucumber-tests-platform-publiclighting-7x89j] [main] ERROR o.o.cucumber.core.Wait@handleException:151 - Caught an exception: [Received a SOAP fault on setSchedule that could be rejected because the CorrelationUid is unknown]
[2025-04-04 13:06:05.173] [osgp-cucumber-tests-platform-publiclighting-7x89j] [main] INFO o.o.cucumber.core.Wait@untilAndReturn:74 - ... polling in Wait.until (18 seconds) ...
[2025-04-04 13:06:05.687] [osgp-cucumber-tests-platform-publiclighting-7x89j] [main] INFO o.o.c.p.p.g.s.w.p.s.SetLightScheduleSteps@lambda$thePlatformBuffersASetLightScheduleResponseMessageForDevice$0:303 - Received a SOAP fault on setSchedule
[2025-04-04 13:06:05.687] [osgp-cucumber-tests-platform-publiclighting-7x89j] [main] ERROR o.o.cucumber.core.Wait@handleException:151 - Caught an exception: [Received a SOAP fault on setSchedule that could be rejected because the CorrelationUid is unknown]
[2025-04-04 13:06:05.687] [osgp-cucumber-tests-platform-publiclighting-7x89j] [main] INFO o.o.cucumber.core.Wait@untilAndReturn:74 - ... polling in Wait.until (19 seconds) ...
[2025-04-04 13:06:06.200] [osgp-cucumber-tests-platform-publiclighting-7x89j] [main] INFO o.o.c.p.p.g.s.w.p.s.SetLightScheduleSteps@lambda$thePlatformBuffersASetLightScheduleResponseMessageForDevice$0:303 - Received a SOAP fault on setSchedule
[2025-04-04 13:06:06.200] [osgp-cucumber-tests-platform-publiclighting-7x89j] [main] ERROR o.o.cucumber.core.Wait@handleException:151 - Caught an exception: [Received a SOAP fault on setSchedule that could be rejected because the CorrelationUid is unknown]
[2025-04-04 13:06:06.200] [osgp-cucumber-tests-platform-publiclighting-7x89j] [main] INFO o.o.cucumber.core.Wait@untilAndReturn:74 - ... polling in Wait.until (19 seconds) ...
[2025-04-04 13:06:06.713] [osgp-cucumber-tests-platform-publiclighting-7x89j] [main] INFO o.o.c.p.p.g.s.w.p.s.SetLightScheduleSteps@lambda$thePlatformBuffersASetLightScheduleResponseMessageForDevice$0:303 - Received a SOAP fault on setSchedule
[2025-04-04 13:06:06.713] [osgp-cucumber-tests-platform-publiclighting-7x89j] [main] ERROR o.o.cucumber.core.Wait@handleException:151 - Caught an exception: [Received a SOAP fault on setSchedule that could be rejected because the CorrelationUid is unknown]
[2025-04-04 13:06:06.713] [osgp-cucumber-tests-platform-publiclighting-7x89j] [main] INFO o.o.cucumber.core.Wait@untilAndReturn:74 - ... polling in Wait.until (20 seconds) ...
[2025-04-04 13:06:07.241] [osgp-cucumber-tests-platform-publiclighting-7x89j] [main] INFO o.o.c.p.p.g.s.w.p.s.SetLightScheduleSteps@lambda$thePlatformBuffersASetLightScheduleResponseMessageForDevice$0:303 - Received a SOAP fault on setSchedule
[2025-04-04 13:06:07.242] [osgp-cucumber-tests-platform-publiclighting-7x89j] [main] ERROR o.o.cucumber.core.Wait@handleException:151 - Caught an exception: [Received a SOAP fault on setSchedule that could be rejected because the CorrelationUid is unknown]
[2025-04-04 13:06:07.242] [osgp-cucumber-tests-platform-publiclighting-7x89j] [main] INFO o.o.cucumber.core.Wait@untilAndReturn:74 - ... polling in Wait.until (20 seconds) ...
[2025-04-04 13:06:07.755] [osgp-cucumber-tests-platform-publiclighting-7x89j] [main] INFO o.o.c.p.p.g.s.w.p.s.SetLightScheduleSteps@lambda$thePlatformBuffersASetLightScheduleResponseMessageForDevice$0:303 - Received a SOAP fault on setSchedule
[2025-04-04 13:06:07.755] [osgp-cucumber-tests-platform-publiclighting-7x89j] [main] ERROR o.o.cucumber.core.Wait@handleException:151 - Caught an exception: [Received a SOAP fault on setSchedule that could be rejected because the CorrelationUid is unknown]
[2025-04-04 13:06:07.755] [osgp-cucumber-tests-platform-publiclighting-7x89j] [main] INFO o.o.cucumber.core.Wait@untilAndReturn:74 - ... polling in Wait.until (21 seconds) ...
[2025-04-04 13:06:08.268] [osgp-cucumber-tests-platform-publiclighting-7x89j] [main] INFO o.o.c.p.p.g.s.w.p.s.SetLightScheduleSteps@lambda$thePlatformBuffersASetLightScheduleResponseMessageForDevice$0:303 - Received a SOAP fault on setSchedule
[2025-04-04 13:06:08.268] [osgp-cucumber-tests-platform-publiclighting-7x89j] [main] ERROR o.o.cucumber.core.Wait@handleException:151 - Caught an exception: [Received a SOAP fault on setSchedule that could be rejected because the CorrelationUid is unknown]
[2025-04-04 13:06:08.268] [osgp-cucumber-tests-platform-publiclighting-7x89j] [main] INFO o.o.cucumber.core.Wait@untilAndReturn:74 - ... polling in Wait.until (21 seconds) ...
[2025-04-04 13:06:08.781] [osgp-cucumber-tests-platform-publiclighting-7x89j] [main] INFO o.o.c.p.p.g.s.w.p.s.SetLightScheduleSteps@lambda$thePlatformBuffersASetLightScheduleResponseMessageForDevice$0:303 - Received a SOAP fault on setSchedule
[2025-04-04 13:06:08.781] [osgp-cucumber-tests-platform-publiclighting-7x89j] [main] ERROR o.o.cucumber.core.Wait@handleException:151 - Caught an exception: [Received a SOAP fault on setSchedule that could be rejected because the CorrelationUid is unknown]
[2025-04-04 13:06:08.781] [osgp-cucumber-tests-platform-publiclighting-7x89j] [main] INFO o.o.cucumber.core.Wait@untilAndReturn:74 - ... polling in Wait.until (22 seconds) ...
[2025-04-04 13:06:09.295] [osgp-cucumber-tests-platform-publiclighting-7x89j] [main] INFO o.o.c.p.p.g.s.w.p.s.SetLightScheduleSteps@lambda$thePlatformBuffersASetLightScheduleResponseMessageForDevice$0:303 - Received a SOAP fault on setSchedule
[2025-04-04 13:06:09.295] [osgp-cucumber-tests-platform-publiclighting-7x89j] [main] ERROR o.o.cucumber.core.Wait@handleException:151 - Caught an exception: [Received a SOAP fault on setSchedule that could be rejected because the CorrelationUid is unknown]
[2025-04-04 13:06:09.295] [osgp-cucumber-tests-platform-publiclighting-7x89j] [main] INFO o.o.cucumber.core.Wait@untilAndReturn:74 - ... polling in Wait.until (22 seconds) ...
[2025-04-04 13:06:09.809] [osgp-cucumber-tests-platform-publiclighting-7x89j] [main] INFO o.o.c.p.p.g.s.w.p.s.SetLightScheduleSteps@lambda$thePlatformBuffersASetLightScheduleResponseMessageForDevice$0:303 - Received a SOAP fault on setSchedule
[2025-04-04 13:06:09.809] [osgp-cucumber-tests-platform-publiclighting-7x89j] [main] ERROR o.o.cucumber.core.Wait@handleException:151 - Caught an exception: [Received a SOAP fault on setSchedule that could be rejected because the CorrelationUid is unknown]
[2025-04-04 13:06:09.809] [osgp-cucumber-tests-platform-publiclighting-7x89j] [main] INFO o.o.cucumber.core.Wait@untilAndReturn:74 - ... polling in Wait.until (23 seconds) ...
[2025-04-04 13:06:10.322] [osgp-cucumber-tests-platform-publiclighting-7x89j] [main] INFO o.o.c.p.p.g.s.w.p.s.SetLightScheduleSteps@lambda$thePlatformBuffersASetLightScheduleResponseMessageForDevice$0:303 - Received a SOAP fault on setSchedule
[2025-04-04 13:06:10.322] [osgp-cucumber-tests-platform-publiclighting-7x89j] [main] ERROR o.o.cucumber.core.Wait@handleException:151 - Caught an exception: [Received a SOAP fault on setSchedule that could be rejected because the CorrelationUid is unknown]
[2025-04-04 13:06:10.322] [osgp-cucumber-tests-platform-publiclighting-7x89j] [main] INFO o.o.cucumber.core.Wait@untilAndReturn:74 - ... polling in Wait.until (23 seconds) ...
[2025-04-04 13:06:10.835] [osgp-cucumber-tests-platform-publiclighting-7x89j] [main] INFO o.o.c.p.p.g.s.w.p.s.SetLightScheduleSteps@lambda$thePlatformBuffersASetLightScheduleResponseMessageForDevice$0:303 - Received a SOAP fault on setSchedule
[2025-04-04 13:06:10.835] [osgp-cucumber-tests-platform-publiclighting-7x89j] [main] ERROR o.o.cucumber.core.Wait@handleException:151 - Caught an exception: [Received a SOAP fault on setSchedule that could be rejected because the CorrelationUid is unknown]
[2025-04-04 13:06:10.835] [osgp-cucumber-tests-platform-publiclighting-7x89j] [main] INFO o.o.cucumber.core.Wait@untilAndReturn:74 - ... polling in Wait.until (24 seconds) ...
[2025-04-04 13:06:11.348] [osgp-cucumber-tests-platform-publiclighting-7x89j] [main] INFO o.o.c.p.p.g.s.w.p.s.SetLightScheduleSteps@lambda$thePlatformBuffersASetLightScheduleResponseMessageForDevice$0:303 - Received a SOAP fault on setSchedule
[2025-04-04 13:06:11.348] [osgp-cucumber-tests-platform-publiclighting-7x89j] [main] ERROR o.o.cucumber.core.Wait@handleException:151 - Caught an exception: [Received a SOAP fault on setSchedule that could be rejected because the CorrelationUid is unknown]
[2025-04-04 13:06:11.348] [osgp-cucumber-tests-platform-publiclighting-7x89j] [main] INFO o.o.cucumber.core.Wait@untilAndReturn:74 - ... polling in Wait.until (24 seconds) ...
[2025-04-04 13:06:11.861] [osgp-cucumber-tests-platform-publiclighting-7x89j] [main] INFO o.o.c.p.p.g.s.w.p.s.SetLightScheduleSteps@lambda$thePlatformBuffersASetLightScheduleResponseMessageForDevice$0:303 - Received a SOAP fault on setSchedule
[2025-04-04 13:06:11.861] [osgp-cucumber-tests-platform-publiclighting-7x89j] [main] ERROR o.o.cucumber.core.Wait@handleException:151 - Caught an exception: [Received a SOAP fault on setSchedule that could be rejected because the CorrelationUid is unknown]
[2025-04-04 13:06:11.861] [osgp-cucumber-tests-platform-publiclighting-7x89j] [main] INFO o.o.cucumber.core.Wait@untilAndReturn:74 - ... polling in Wait.until (25 seconds) ...
[2025-04-04 13:06:12.387] [osgp-cucumber-tests-platform-publiclighting-7x89j] [main] INFO o.o.c.p.p.g.s.w.p.s.SetLightScheduleSteps@lambda$thePlatformBuffersASetLightScheduleResponseMessageForDevice$0:303 - Received a SOAP fault on setSchedule
[2025-04-04 13:06:12.387] [osgp-cucumber-tests-platform-publiclighting-7x89j] [main] ERROR o.o.cucumber.core.Wait@handleException:151 - Caught an exception: [Received a SOAP fault on setSchedule that could be rejected because the CorrelationUid is unknown]
[2025-04-04 13:06:12.387] [osgp-cucumber-tests-platform-publiclighting-7x89j] [main] INFO o.o.cucumber.core.Wait@untilAndReturn:74 - ... polling in Wait.until (25 seconds) ...
[2025-04-04 13:06:12.900] [osgp-cucumber-tests-platform-publiclighting-7x89j] [main] INFO o.o.c.p.p.g.s.w.p.s.SetLightScheduleSteps@lambda$thePlatformBuffersASetLightScheduleResponseMessageForDevice$0:303 - Received a SOAP fault on setSchedule
[2025-04-04 13:06:12.900] [osgp-cucumber-tests-platform-publiclighting-7x89j] [main] ERROR o.o.cucumber.core.Wait@handleException:151 - Caught an exception: [Received a SOAP fault on setSchedule that could be rejected because the CorrelationUid is unknown]
[2025-04-04 13:06:12.900] [osgp-cucumber-tests-platform-publiclighting-7x89j] [main] INFO o.o.cucumber.core.Wait@untilAndReturn:74 - ... polling in Wait.until (26 seconds) ...
[2025-04-04 13:06:13.412] [osgp-cucumber-tests-platform-publiclighting-7x89j] [main] INFO o.o.c.p.p.g.s.w.p.s.SetLightScheduleSteps@lambda$thePlatformBuffersASetLightScheduleResponseMessageForDevice$0:303 - Received a SOAP fault on setSchedule
[2025-04-04 13:06:13.413] [osgp-cucumber-tests-platform-publiclighting-7x89j] [main] ERROR o.o.cucumber.core.Wait@handleException:151 - Caught an exception: [Received a SOAP fault on setSchedule that could be rejected because the CorrelationUid is unknown]
[2025-04-04 13:06:13.413] [osgp-cucumber-tests-platform-publiclighting-7x89j] [main] INFO o.o.cucumber.core.Wait@untilAndReturn:74 - ... polling in Wait.until (26 seconds) ...
[2025-04-04 13:06:13.926] [osgp-cucumber-tests-platform-publiclighting-7x89j] [main] INFO o.o.c.p.p.g.s.w.p.s.SetLightScheduleSteps@lambda$thePlatformBuffersASetLightScheduleResponseMessageForDevice$0:303 - Received a SOAP fault on setSchedule
[2025-04-04 13:06:13.926] [osgp-cucumber-tests-platform-publiclighting-7x89j] [main] ERROR o.o.cucumber.core.Wait@handleException:151 - Caught an exception: [Received a SOAP fault on setSchedule that could be rejected because the CorrelationUid is unknown]
[2025-04-04 13:06:13.926] [osgp-cucumber-tests-platform-publiclighting-7x89j] [main] INFO o.o.cucumber.core.Wait@untilAndReturn:74 - ... polling in Wait.until (27 seconds) ...
[2025-04-04 13:06:14.439] [osgp-cucumber-tests-platform-publiclighting-7x89j] [main] INFO o.o.c.p.p.g.s.w.p.s.SetLightScheduleSteps@lambda$thePlatformBuffersASetLightScheduleResponseMessageForDevice$0:303 - Received a SOAP fault on setSchedule
[2025-04-04 13:06:14.439] [osgp-cucumber-tests-platform-publiclighting-7x89j] [main] ERROR o.o.cucumber.core.Wait@handleException:151 - Caught an exception: [Received a SOAP fault on setSchedule that could be rejected because the CorrelationUid is unknown]
[2025-04-04 13:06:14.439] [osgp-cucumber-tests-platform-publiclighting-7x89j] [main] INFO o.o.cucumber.core.Wait@untilAndReturn:74 - ... polling in Wait.until (27 seconds) ...
[2025-04-04 13:06:14.952] [osgp-cucumber-tests-platform-publiclighting-7x89j] [main] INFO o.o.c.p.p.g.s.w.p.s.SetLightScheduleSteps@lambda$thePlatformBuffersASetLightScheduleResponseMessageForDevice$0:303 - Received a SOAP fault on setSchedule
[2025-04-04 13:06:14.952] [osgp-cucumber-tests-platform-publiclighting-7x89j] [main] ERROR o.o.cucumber.core.Wait@handleException:151 - Caught an exception: [Received a SOAP fault on setSchedule that could be rejected because the CorrelationUid is unknown]
[2025-04-04 13:06:14.952] [osgp-cucumber-tests-platform-publiclighting-7x89j] [main] INFO o.o.cucumber.core.Wait@untilAndReturn:74 - ... polling in Wait.until (28 seconds) ...
[2025-04-04 13:06:15.464] [osgp-cucumber-tests-platform-publiclighting-7x89j] [main] INFO o.o.c.p.p.g.s.w.p.s.SetLightScheduleSteps@lambda$thePlatformBuffersASetLightScheduleResponseMessageForDevice$0:303 - Received a SOAP fault on setSchedule
[2025-04-04 13:06:15.464] [osgp-cucumber-tests-platform-publiclighting-7x89j] [main] ERROR o.o.cucumber.core.Wait@handleException:151 - Caught an exception: [Received a SOAP fault on setSchedule that could be rejected because the CorrelationUid is unknown]
[2025-04-04 13:06:15.464] [osgp-cucumber-tests-platform-publiclighting-7x89j] [main] INFO o.o.cucumber.core.Wait@untilAndReturn:74 - ... polling in Wait.until (28 seconds) ...
[2025-04-04 13:06:15.977] [osgp-cucumber-tests-platform-publiclighting-7x89j] [main] INFO o.o.c.p.p.g.s.w.p.s.SetLightScheduleSteps@lambda$thePlatformBuffersASetLightScheduleResponseMessageForDevice$0:303 - Received a SOAP fault on setSchedule
[2025-04-04 13:06:15.977] [osgp-cucumber-tests-platform-publiclighting-7x89j] [main] ERROR o.o.cucumber.core.Wait@handleException:151 - Caught an exception: [Received a SOAP fault on setSchedule that could be rejected because the CorrelationUid is unknown]
[2025-04-04 13:06:15.977] [osgp-cucumber-tests-platform-publiclighting-7x89j] [main] INFO o.o.cucumber.core.Wait@untilAndReturn:74 - ... polling in Wait.until (29 seconds) ...
[2025-04-04 13:06:16.491] [osgp-cucumber-tests-platform-publiclighting-7x89j] [main] INFO o.o.c.p.p.g.s.w.p.s.SetLightScheduleSteps@lambda$thePlatformBuffersASetLightScheduleResponseMessageForDevice$0:303 - Received a SOAP fault on setSchedule
[2025-04-04 13:06:16.491] [osgp-cucumber-tests-platform-publiclighting-7x89j] [main] ERROR o.o.cucumber.core.Wait@handleException:151 - Caught an exception: [Received a SOAP fault on setSchedule that could be rejected because the CorrelationUid is unknown]
[2025-04-04 13:06:16.491] [osgp-cucumber-tests-platform-publiclighting-7x89j] [main] INFO o.o.cucumber.core.Wait@untilAndReturn:74 - ... polling in Wait.until (29 seconds) ...
]]></system-out>
  <system-err><![CDATA[]]></system-err>
</testsuite>
