<?xml version="1.0" encoding="UTF-8" ?>
<testsuite errors="0" failures="1" hostname="osgp-cucumber-tests-platform-publiclighting-7x89j" name="Get status of a device(CoreDeviceInstallation Get Status)" skipped="0" tests="1" time="31.525" timestamp="2025-04-04T12:20:49">
  <properties />
  <testcase classname="org.opensmartgridplatform.cucumber.execution.DescriptionAsTest" name="Get status of a device(CoreDeviceInstallation Get Status)" time="31.525">
    <error message="Timeout after [30] seconds." type="org.opentest4j.AssertionFailedError">org.opentest4j.AssertionFailedError: Timeout after [30] seconds.
	at org.opensmartgridplatform.cucumber.core.Wait.untilAndReturn(Wait.java:53)
	at org.opensmartgridplatform.cucumber.platform.common.glue.steps.ws.core.deviceinstallation.GetStatusSteps.thePlatformBuffersADeviceInstallationGetStatusResponseMessageForDevice(GetStatusSteps.java:89)
	at ✽.the platform buffers a device installation get status response message for device &quot;TEST1024000000001&quot;(classpath:features/publiclighting/osgp-adapter-ws-core/DeviceInstallation/GetStatus.feature:27)
</error>
  </testcase>
  <system-out><![CDATA[[2025-04-04 12:20:49.018] [osgp-cucumber-tests-platform-publiclighting-7x89j] [main] INFO o.o.c.platform.database.CoreDatabase@batchDeleteAll:131 - Starting batchDeleteAll()
[2025-04-04 12:20:49.029] [osgp-cucumber-tests-platform-publiclighting-7x89j] [main] INFO o.o.c.platform.database.CoreDatabase@normalDeleteAll:154 - Starting normalDeleteAll()
[2025-04-04 12:20:49.063] [osgp-cucumber-tests-platform-publiclighting-7x89j] [main] INFO o.o.c.p.p.m.o.MockOslpServer@mockGetStatusResponse:528 - Mocking response for device dGVzdDEyMzQ1Njc4 of message type: GET_STATUS
[2025-04-04 12:20:49.154] [osgp-cucumber-tests-platform-publiclighting-7x89j] [main] INFO o.o.c.p.p.m.o.MockOslpServer@waitForRequest:187 - Device dGVzdDEyMzQ1Njc4 is waiting for request of message type: GET_STATUS, receivedResponses: 0
[2025-04-04 12:20:49.154] [osgp-cucumber-tests-platform-publiclighting-7x89j] [main] INFO o.o.c.p.p.m.o.MockOslpServer@waitForRequest:199 - Sleeping 1s 1 - Device dGVzdDEyMzQ1Njc4 is waiting for a request of message type: GET_STATUS
[2025-04-04 12:20:49.514] [osgp-cucumber-tests-platform-publiclighting-7x89j] [disposableNioEventLoopGroup-6-29] INFO o.o.c.p.p.m.o.MockOslpChannelHandler@handleRequest:403 - Device dGVzdDEyMzQ1Njc4 received [getStatusRequest {
}
], sequence number [[0, 0]]
[2025-04-04 12:20:49.514] [osgp-cucumber-tests-platform-publiclighting-7x89j] [disposableNioEventLoopGroup-6-29] INFO o.o.c.p.p.m.o.MockOslpChannelHandler@handleRequest:425 - Device dGVzdDEyMzQ1Njc4 mocked response: [getStatusResponse {
  status: OK
  value {
    index: "\001"
    on: true
    dimValue: "d"
  }
  preferredLinktype: CDMA
  actualLinktype: CDMA
  lightType: DALI
  eventNotificationMask: 0
}
]
[2025-04-04 12:20:50.154] [osgp-cucumber-tests-platform-publiclighting-7x89j] [main] INFO o.o.c.p.p.m.o.MockOslpServer@waitForRequest:214 - Device dGVzdDEyMzQ1Njc4 received a request of message type: GET_STATUS
[2025-04-04 12:20:50.186] [osgp-cucumber-tests-platform-publiclighting-7x89j] [main] ERROR o.o.cucumber.core.Wait@handleAssertionError:145 - Assertion error: 
Expecting:
 <NOT_FOUND>
to be equal to:
 <OK>
but was not.
[2025-04-04 12:20:50.186] [osgp-cucumber-tests-platform-publiclighting-7x89j] [main] INFO o.o.cucumber.core.Wait@untilAndReturn:74 - ... polling in Wait.until (0 seconds) ...
[2025-04-04 12:20:50.700] [osgp-cucumber-tests-platform-publiclighting-7x89j] [main] ERROR o.o.cucumber.core.Wait@handleAssertionError:145 - Assertion error: 
Expecting:
 <NOT_FOUND>
to be equal to:
 <OK>
but was not.
[2025-04-04 12:20:50.700] [osgp-cucumber-tests-platform-publiclighting-7x89j] [main] INFO o.o.cucumber.core.Wait@untilAndReturn:74 - ... polling in Wait.until (0 seconds) ...
[2025-04-04 12:20:51.216] [osgp-cucumber-tests-platform-publiclighting-7x89j] [main] ERROR o.o.cucumber.core.Wait@handleAssertionError:145 - Assertion error: 
Expecting:
 <NOT_FOUND>
to be equal to:
 <OK>
but was not.
[2025-04-04 12:20:51.216] [osgp-cucumber-tests-platform-publiclighting-7x89j] [main] INFO o.o.cucumber.core.Wait@untilAndReturn:74 - ... polling in Wait.until (1 seconds) ...
[2025-04-04 12:20:51.730] [osgp-cucumber-tests-platform-publiclighting-7x89j] [main] ERROR o.o.cucumber.core.Wait@handleAssertionError:145 - Assertion error: 
Expecting:
 <NOT_FOUND>
to be equal to:
 <OK>
but was not.
[2025-04-04 12:20:51.730] [osgp-cucumber-tests-platform-publiclighting-7x89j] [main] INFO o.o.cucumber.core.Wait@untilAndReturn:74 - ... polling in Wait.until (1 seconds) ...
[2025-04-04 12:20:52.245] [osgp-cucumber-tests-platform-publiclighting-7x89j] [main] ERROR o.o.cucumber.core.Wait@handleAssertionError:145 - Assertion error: 
Expecting:
 <NOT_FOUND>
to be equal to:
 <OK>
but was not.
[2025-04-04 12:20:52.245] [osgp-cucumber-tests-platform-publiclighting-7x89j] [main] INFO o.o.cucumber.core.Wait@untilAndReturn:74 - ... polling in Wait.until (2 seconds) ...
[2025-04-04 12:20:52.759] [osgp-cucumber-tests-platform-publiclighting-7x89j] [main] ERROR o.o.cucumber.core.Wait@handleAssertionError:145 - Assertion error: 
Expecting:
 <NOT_FOUND>
to be equal to:
 <OK>
but was not.
[2025-04-04 12:20:52.760] [osgp-cucumber-tests-platform-publiclighting-7x89j] [main] INFO o.o.cucumber.core.Wait@untilAndReturn:74 - ... polling in Wait.until (2 seconds) ...
[2025-04-04 12:20:53.273] [osgp-cucumber-tests-platform-publiclighting-7x89j] [main] ERROR o.o.cucumber.core.Wait@handleAssertionError:145 - Assertion error: 
Expecting:
 <NOT_FOUND>
to be equal to:
 <OK>
but was not.
[2025-04-04 12:20:53.273] [osgp-cucumber-tests-platform-publiclighting-7x89j] [main] INFO o.o.cucumber.core.Wait@untilAndReturn:74 - ... polling in Wait.until (3 seconds) ...
[2025-04-04 12:20:53.787] [osgp-cucumber-tests-platform-publiclighting-7x89j] [main] ERROR o.o.cucumber.core.Wait@handleAssertionError:145 - Assertion error: 
Expecting:
 <NOT_FOUND>
to be equal to:
 <OK>
but was not.
[2025-04-04 12:20:53.787] [osgp-cucumber-tests-platform-publiclighting-7x89j] [main] INFO o.o.cucumber.core.Wait@untilAndReturn:74 - ... polling in Wait.until (3 seconds) ...
[2025-04-04 12:20:54.301] [osgp-cucumber-tests-platform-publiclighting-7x89j] [main] ERROR o.o.cucumber.core.Wait@handleAssertionError:145 - Assertion error: 
Expecting:
 <NOT_FOUND>
to be equal to:
 <OK>
but was not.
[2025-04-04 12:20:54.301] [osgp-cucumber-tests-platform-publiclighting-7x89j] [main] INFO o.o.cucumber.core.Wait@untilAndReturn:74 - ... polling in Wait.until (4 seconds) ...
[2025-04-04 12:20:54.815] [osgp-cucumber-tests-platform-publiclighting-7x89j] [main] ERROR o.o.cucumber.core.Wait@handleAssertionError:145 - Assertion error: 
Expecting:
 <NOT_FOUND>
to be equal to:
 <OK>
but was not.
[2025-04-04 12:20:54.815] [osgp-cucumber-tests-platform-publiclighting-7x89j] [main] INFO o.o.cucumber.core.Wait@untilAndReturn:74 - ... polling in Wait.until (4 seconds) ...
[2025-04-04 12:20:55.329] [osgp-cucumber-tests-platform-publiclighting-7x89j] [main] ERROR o.o.cucumber.core.Wait@handleAssertionError:145 - Assertion error: 
Expecting:
 <NOT_FOUND>
to be equal to:
 <OK>
but was not.
[2025-04-04 12:20:55.329] [osgp-cucumber-tests-platform-publiclighting-7x89j] [main] INFO o.o.cucumber.core.Wait@untilAndReturn:74 - ... polling in Wait.until (5 seconds) ...
[2025-04-04 12:20:55.844] [osgp-cucumber-tests-platform-publiclighting-7x89j] [main] ERROR o.o.cucumber.core.Wait@handleAssertionError:145 - Assertion error: 
Expecting:
 <NOT_FOUND>
to be equal to:
 <OK>
but was not.
[2025-04-04 12:20:55.844] [osgp-cucumber-tests-platform-publiclighting-7x89j] [main] INFO o.o.cucumber.core.Wait@untilAndReturn:74 - ... polling in Wait.until (5 seconds) ...
[2025-04-04 12:20:56.360] [osgp-cucumber-tests-platform-publiclighting-7x89j] [main] ERROR o.o.cucumber.core.Wait@handleAssertionError:145 - Assertion error: 
Expecting:
 <NOT_FOUND>
to be equal to:
 <OK>
but was not.
[2025-04-04 12:20:56.360] [osgp-cucumber-tests-platform-publiclighting-7x89j] [main] INFO o.o.cucumber.core.Wait@untilAndReturn:74 - ... polling in Wait.until (6 seconds) ...
[2025-04-04 12:20:56.874] [osgp-cucumber-tests-platform-publiclighting-7x89j] [main] ERROR o.o.cucumber.core.Wait@handleAssertionError:145 - Assertion error: 
Expecting:
 <NOT_FOUND>
to be equal to:
 <OK>
but was not.
[2025-04-04 12:20:56.874] [osgp-cucumber-tests-platform-publiclighting-7x89j] [main] INFO o.o.cucumber.core.Wait@untilAndReturn:74 - ... polling in Wait.until (6 seconds) ...
[2025-04-04 12:20:57.387] [osgp-cucumber-tests-platform-publiclighting-7x89j] [main] ERROR o.o.cucumber.core.Wait@handleAssertionError:145 - Assertion error: 
Expecting:
 <NOT_FOUND>
to be equal to:
 <OK>
but was not.
[2025-04-04 12:20:57.387] [osgp-cucumber-tests-platform-publiclighting-7x89j] [main] INFO o.o.cucumber.core.Wait@untilAndReturn:74 - ... polling in Wait.until (7 seconds) ...
[2025-04-04 12:20:57.902] [osgp-cucumber-tests-platform-publiclighting-7x89j] [main] ERROR o.o.cucumber.core.Wait@handleAssertionError:145 - Assertion error: 
Expecting:
 <NOT_FOUND>
to be equal to:
 <OK>
but was not.
[2025-04-04 12:20:57.902] [osgp-cucumber-tests-platform-publiclighting-7x89j] [main] INFO o.o.cucumber.core.Wait@untilAndReturn:74 - ... polling in Wait.until (7 seconds) ...
[2025-04-04 12:20:58.416] [osgp-cucumber-tests-platform-publiclighting-7x89j] [main] ERROR o.o.cucumber.core.Wait@handleAssertionError:145 - Assertion error: 
Expecting:
 <NOT_FOUND>
to be equal to:
 <OK>
but was not.
[2025-04-04 12:20:58.416] [osgp-cucumber-tests-platform-publiclighting-7x89j] [main] INFO o.o.cucumber.core.Wait@untilAndReturn:74 - ... polling in Wait.until (8 seconds) ...
[2025-04-04 12:20:58.931] [osgp-cucumber-tests-platform-publiclighting-7x89j] [main] ERROR o.o.cucumber.core.Wait@handleAssertionError:145 - Assertion error: 
Expecting:
 <NOT_FOUND>
to be equal to:
 <OK>
but was not.
[2025-04-04 12:20:58.931] [osgp-cucumber-tests-platform-publiclighting-7x89j] [main] INFO o.o.cucumber.core.Wait@untilAndReturn:74 - ... polling in Wait.until (8 seconds) ...
[2025-04-04 12:20:59.445] [osgp-cucumber-tests-platform-publiclighting-7x89j] [main] ERROR o.o.cucumber.core.Wait@handleAssertionError:145 - Assertion error: 
Expecting:
 <NOT_FOUND>
to be equal to:
 <OK>
but was not.
[2025-04-04 12:20:59.445] [osgp-cucumber-tests-platform-publiclighting-7x89j] [main] INFO o.o.cucumber.core.Wait@untilAndReturn:74 - ... polling in Wait.until (9 seconds) ...
[2025-04-04 12:20:59.959] [osgp-cucumber-tests-platform-publiclighting-7x89j] [main] ERROR o.o.cucumber.core.Wait@handleAssertionError:145 - Assertion error: 
Expecting:
 <NOT_FOUND>
to be equal to:
 <OK>
but was not.
[2025-04-04 12:20:59.959] [osgp-cucumber-tests-platform-publiclighting-7x89j] [main] INFO o.o.cucumber.core.Wait@untilAndReturn:74 - ... polling in Wait.until (9 seconds) ...
[2025-04-04 12:21:00.487] [osgp-cucumber-tests-platform-publiclighting-7x89j] [main] ERROR o.o.cucumber.core.Wait@handleAssertionError:145 - Assertion error: 
Expecting:
 <NOT_FOUND>
to be equal to:
 <OK>
but was not.
[2025-04-04 12:21:00.487] [osgp-cucumber-tests-platform-publiclighting-7x89j] [main] INFO o.o.cucumber.core.Wait@untilAndReturn:74 - ... polling in Wait.until (10 seconds) ...
[2025-04-04 12:21:01.001] [osgp-cucumber-tests-platform-publiclighting-7x89j] [main] ERROR o.o.cucumber.core.Wait@handleAssertionError:145 - Assertion error: 
Expecting:
 <NOT_FOUND>
to be equal to:
 <OK>
but was not.
[2025-04-04 12:21:01.001] [osgp-cucumber-tests-platform-publiclighting-7x89j] [main] INFO o.o.cucumber.core.Wait@untilAndReturn:74 - ... polling in Wait.until (10 seconds) ...
[2025-04-04 12:21:01.516] [osgp-cucumber-tests-platform-publiclighting-7x89j] [main] ERROR o.o.cucumber.core.Wait@handleAssertionError:145 - Assertion error: 
Expecting:
 <NOT_FOUND>
to be equal to:
 <OK>
but was not.
[2025-04-04 12:21:01.516] [osgp-cucumber-tests-platform-publiclighting-7x89j] [main] INFO o.o.cucumber.core.Wait@untilAndReturn:74 - ... polling in Wait.until (11 seconds) ...
[2025-04-04 12:21:02.030] [osgp-cucumber-tests-platform-publiclighting-7x89j] [main] ERROR o.o.cucumber.core.Wait@handleAssertionError:145 - Assertion error: 
Expecting:
 <NOT_FOUND>
to be equal to:
 <OK>
but was not.
[2025-04-04 12:21:02.030] [osgp-cucumber-tests-platform-publiclighting-7x89j] [main] INFO o.o.cucumber.core.Wait@untilAndReturn:74 - ... polling in Wait.until (11 seconds) ...
[2025-04-04 12:21:02.543] [osgp-cucumber-tests-platform-publiclighting-7x89j] [main] ERROR o.o.cucumber.core.Wait@handleAssertionError:145 - Assertion error: 
Expecting:
 <NOT_FOUND>
to be equal to:
 <OK>
but was not.
[2025-04-04 12:21:02.543] [osgp-cucumber-tests-platform-publiclighting-7x89j] [main] INFO o.o.cucumber.core.Wait@untilAndReturn:74 - ... polling in Wait.until (12 seconds) ...
[2025-04-04 12:21:03.058] [osgp-cucumber-tests-platform-publiclighting-7x89j] [main] ERROR o.o.cucumber.core.Wait@handleAssertionError:145 - Assertion error: 
Expecting:
 <NOT_FOUND>
to be equal to:
 <OK>
but was not.
[2025-04-04 12:21:03.058] [osgp-cucumber-tests-platform-publiclighting-7x89j] [main] INFO o.o.cucumber.core.Wait@untilAndReturn:74 - ... polling in Wait.until (12 seconds) ...
[2025-04-04 12:21:03.572] [osgp-cucumber-tests-platform-publiclighting-7x89j] [main] ERROR o.o.cucumber.core.Wait@handleAssertionError:145 - Assertion error: 
Expecting:
 <NOT_FOUND>
to be equal to:
 <OK>
but was not.
[2025-04-04 12:21:03.572] [osgp-cucumber-tests-platform-publiclighting-7x89j] [main] INFO o.o.cucumber.core.Wait@untilAndReturn:74 - ... polling in Wait.until (13 seconds) ...
[2025-04-04 12:21:04.086] [osgp-cucumber-tests-platform-publiclighting-7x89j] [main] ERROR o.o.cucumber.core.Wait@handleAssertionError:145 - Assertion error: 
Expecting:
 <NOT_FOUND>
to be equal to:
 <OK>
but was not.
[2025-04-04 12:21:04.086] [osgp-cucumber-tests-platform-publiclighting-7x89j] [main] INFO o.o.cucumber.core.Wait@untilAndReturn:74 - ... polling in Wait.until (13 seconds) ...
[2025-04-04 12:21:04.598] [osgp-cucumber-tests-platform-publiclighting-7x89j] [main] ERROR o.o.cucumber.core.Wait@handleAssertionError:145 - Assertion error: 
Expecting:
 <NOT_FOUND>
to be equal to:
 <OK>
but was not.
[2025-04-04 12:21:04.598] [osgp-cucumber-tests-platform-publiclighting-7x89j] [main] INFO o.o.cucumber.core.Wait@untilAndReturn:74 - ... polling in Wait.until (14 seconds) ...
[2025-04-04 12:21:05.112] [osgp-cucumber-tests-platform-publiclighting-7x89j] [main] ERROR o.o.cucumber.core.Wait@handleAssertionError:145 - Assertion error: 
Expecting:
 <NOT_FOUND>
to be equal to:
 <OK>
but was not.
[2025-04-04 12:21:05.112] [osgp-cucumber-tests-platform-publiclighting-7x89j] [main] INFO o.o.cucumber.core.Wait@untilAndReturn:74 - ... polling in Wait.until (14 seconds) ...
[2025-04-04 12:21:05.625] [osgp-cucumber-tests-platform-publiclighting-7x89j] [main] ERROR o.o.cucumber.core.Wait@handleAssertionError:145 - Assertion error: 
Expecting:
 <NOT_FOUND>
to be equal to:
 <OK>
but was not.
[2025-04-04 12:21:05.625] [osgp-cucumber-tests-platform-publiclighting-7x89j] [main] INFO o.o.cucumber.core.Wait@untilAndReturn:74 - ... polling in Wait.until (15 seconds) ...
[2025-04-04 12:21:06.138] [osgp-cucumber-tests-platform-publiclighting-7x89j] [main] ERROR o.o.cucumber.core.Wait@handleAssertionError:145 - Assertion error: 
Expecting:
 <NOT_FOUND>
to be equal to:
 <OK>
but was not.
[2025-04-04 12:21:06.138] [osgp-cucumber-tests-platform-publiclighting-7x89j] [main] INFO o.o.cucumber.core.Wait@untilAndReturn:74 - ... polling in Wait.until (15 seconds) ...
[2025-04-04 12:21:06.653] [osgp-cucumber-tests-platform-publiclighting-7x89j] [main] ERROR o.o.cucumber.core.Wait@handleAssertionError:145 - Assertion error: 
Expecting:
 <NOT_FOUND>
to be equal to:
 <OK>
but was not.
[2025-04-04 12:21:06.653] [osgp-cucumber-tests-platform-publiclighting-7x89j] [main] INFO o.o.cucumber.core.Wait@untilAndReturn:74 - ... polling in Wait.until (16 seconds) ...
[2025-04-04 12:21:07.167] [osgp-cucumber-tests-platform-publiclighting-7x89j] [main] ERROR o.o.cucumber.core.Wait@handleAssertionError:145 - Assertion error: 
Expecting:
 <NOT_FOUND>
to be equal to:
 <OK>
but was not.
[2025-04-04 12:21:07.167] [osgp-cucumber-tests-platform-publiclighting-7x89j] [main] INFO o.o.cucumber.core.Wait@untilAndReturn:74 - ... polling in Wait.until (17 seconds) ...
[2025-04-04 12:21:07.681] [osgp-cucumber-tests-platform-publiclighting-7x89j] [main] ERROR o.o.cucumber.core.Wait@handleAssertionError:145 - Assertion error: 
Expecting:
 <NOT_FOUND>
to be equal to:
 <OK>
but was not.
[2025-04-04 12:21:07.681] [osgp-cucumber-tests-platform-publiclighting-7x89j] [main] INFO o.o.cucumber.core.Wait@untilAndReturn:74 - ... polling in Wait.until (17 seconds) ...
[2025-04-04 12:21:08.194] [osgp-cucumber-tests-platform-publiclighting-7x89j] [main] ERROR o.o.cucumber.core.Wait@handleAssertionError:145 - Assertion error: 
Expecting:
 <NOT_FOUND>
to be equal to:
 <OK>
but was not.
[2025-04-04 12:21:08.194] [osgp-cucumber-tests-platform-publiclighting-7x89j] [main] INFO o.o.cucumber.core.Wait@untilAndReturn:74 - ... polling in Wait.until (18 seconds) ...
[2025-04-04 12:21:08.708] [osgp-cucumber-tests-platform-publiclighting-7x89j] [main] ERROR o.o.cucumber.core.Wait@handleAssertionError:145 - Assertion error: 
Expecting:
 <NOT_FOUND>
to be equal to:
 <OK>
but was not.
[2025-04-04 12:21:08.708] [osgp-cucumber-tests-platform-publiclighting-7x89j] [main] INFO o.o.cucumber.core.Wait@untilAndReturn:74 - ... polling in Wait.until (18 seconds) ...
[2025-04-04 12:21:09.221] [osgp-cucumber-tests-platform-publiclighting-7x89j] [main] ERROR o.o.cucumber.core.Wait@handleAssertionError:145 - Assertion error: 
Expecting:
 <NOT_FOUND>
to be equal to:
 <OK>
but was not.
[2025-04-04 12:21:09.221] [osgp-cucumber-tests-platform-publiclighting-7x89j] [main] INFO o.o.cucumber.core.Wait@untilAndReturn:74 - ... polling in Wait.until (19 seconds) ...
[2025-04-04 12:21:09.734] [osgp-cucumber-tests-platform-publiclighting-7x89j] [main] ERROR o.o.cucumber.core.Wait@handleAssertionError:145 - Assertion error: 
Expecting:
 <NOT_FOUND>
to be equal to:
 <OK>
but was not.
[2025-04-04 12:21:09.734] [osgp-cucumber-tests-platform-publiclighting-7x89j] [main] INFO o.o.cucumber.core.Wait@untilAndReturn:74 - ... polling in Wait.until (19 seconds) ...
[2025-04-04 12:21:10.248] [osgp-cucumber-tests-platform-publiclighting-7x89j] [main] ERROR o.o.cucumber.core.Wait@handleAssertionError:145 - Assertion error: 
Expecting:
 <NOT_FOUND>
to be equal to:
 <OK>
but was not.
[2025-04-04 12:21:10.248] [osgp-cucumber-tests-platform-publiclighting-7x89j] [main] INFO o.o.cucumber.core.Wait@untilAndReturn:74 - ... polling in Wait.until (20 seconds) ...
[2025-04-04 12:21:10.779] [osgp-cucumber-tests-platform-publiclighting-7x89j] [main] ERROR o.o.cucumber.core.Wait@handleAssertionError:145 - Assertion error: 
Expecting:
 <NOT_FOUND>
to be equal to:
 <OK>
but was not.
[2025-04-04 12:21:10.779] [osgp-cucumber-tests-platform-publiclighting-7x89j] [main] INFO o.o.cucumber.core.Wait@untilAndReturn:74 - ... polling in Wait.until (20 seconds) ...
[2025-04-04 12:21:11.296] [osgp-cucumber-tests-platform-publiclighting-7x89j] [main] ERROR o.o.cucumber.core.Wait@handleAssertionError:145 - Assertion error: 
Expecting:
 <NOT_FOUND>
to be equal to:
 <OK>
but was not.
[2025-04-04 12:21:11.296] [osgp-cucumber-tests-platform-publiclighting-7x89j] [main] INFO o.o.cucumber.core.Wait@untilAndReturn:74 - ... polling in Wait.until (21 seconds) ...
[2025-04-04 12:21:11.813] [osgp-cucumber-tests-platform-publiclighting-7x89j] [main] ERROR o.o.cucumber.core.Wait@handleAssertionError:145 - Assertion error: 
Expecting:
 <NOT_FOUND>
to be equal to:
 <OK>
but was not.
[2025-04-04 12:21:11.814] [osgp-cucumber-tests-platform-publiclighting-7x89j] [main] INFO o.o.cucumber.core.Wait@untilAndReturn:74 - ... polling in Wait.until (21 seconds) ...
[2025-04-04 12:21:12.327] [osgp-cucumber-tests-platform-publiclighting-7x89j] [main] ERROR o.o.cucumber.core.Wait@handleAssertionError:145 - Assertion error: 
Expecting:
 <NOT_FOUND>
to be equal to:
 <OK>
but was not.
[2025-04-04 12:21:12.327] [osgp-cucumber-tests-platform-publiclighting-7x89j] [main] INFO o.o.cucumber.core.Wait@untilAndReturn:74 - ... polling in Wait.until (22 seconds) ...
[2025-04-04 12:21:12.843] [osgp-cucumber-tests-platform-publiclighting-7x89j] [main] ERROR o.o.cucumber.core.Wait@handleAssertionError:145 - Assertion error: 
Expecting:
 <NOT_FOUND>
to be equal to:
 <OK>
but was not.
[2025-04-04 12:21:12.843] [osgp-cucumber-tests-platform-publiclighting-7x89j] [main] INFO o.o.cucumber.core.Wait@untilAndReturn:74 - ... polling in Wait.until (22 seconds) ...
[2025-04-04 12:21:13.357] [osgp-cucumber-tests-platform-publiclighting-7x89j] [main] ERROR o.o.cucumber.core.Wait@handleAssertionError:145 - Assertion error: 
Expecting:
 <NOT_FOUND>
to be equal to:
 <OK>
but was not.
[2025-04-04 12:21:13.357] [osgp-cucumber-tests-platform-publiclighting-7x89j] [main] INFO o.o.cucumber.core.Wait@untilAndReturn:74 - ... polling in Wait.until (23 seconds) ...
[2025-04-04 12:21:13.871] [osgp-cucumber-tests-platform-publiclighting-7x89j] [main] ERROR o.o.cucumber.core.Wait@handleAssertionError:145 - Assertion error: 
Expecting:
 <NOT_FOUND>
to be equal to:
 <OK>
but was not.
[2025-04-04 12:21:13.871] [osgp-cucumber-tests-platform-publiclighting-7x89j] [main] INFO o.o.cucumber.core.Wait@untilAndReturn:74 - ... polling in Wait.until (23 seconds) ...
[2025-04-04 12:21:14.384] [osgp-cucumber-tests-platform-publiclighting-7x89j] [main] ERROR o.o.cucumber.core.Wait@handleAssertionError:145 - Assertion error: 
Expecting:
 <NOT_FOUND>
to be equal to:
 <OK>
but was not.
[2025-04-04 12:21:14.385] [osgp-cucumber-tests-platform-publiclighting-7x89j] [main] INFO o.o.cucumber.core.Wait@untilAndReturn:74 - ... polling in Wait.until (24 seconds) ...
[2025-04-04 12:21:14.898] [osgp-cucumber-tests-platform-publiclighting-7x89j] [main] ERROR o.o.cucumber.core.Wait@handleAssertionError:145 - Assertion error: 
Expecting:
 <NOT_FOUND>
to be equal to:
 <OK>
but was not.
[2025-04-04 12:21:14.898] [osgp-cucumber-tests-platform-publiclighting-7x89j] [main] INFO o.o.cucumber.core.Wait@untilAndReturn:74 - ... polling in Wait.until (24 seconds) ...
[2025-04-04 12:21:15.411] [osgp-cucumber-tests-platform-publiclighting-7x89j] [main] ERROR o.o.cucumber.core.Wait@handleAssertionError:145 - Assertion error: 
Expecting:
 <NOT_FOUND>
to be equal to:
 <OK>
but was not.
[2025-04-04 12:21:15.412] [osgp-cucumber-tests-platform-publiclighting-7x89j] [main] INFO o.o.cucumber.core.Wait@untilAndReturn:74 - ... polling in Wait.until (25 seconds) ...
[2025-04-04 12:21:15.925] [osgp-cucumber-tests-platform-publiclighting-7x89j] [main] ERROR o.o.cucumber.core.Wait@handleAssertionError:145 - Assertion error: 
Expecting:
 <NOT_FOUND>
to be equal to:
 <OK>
but was not.
[2025-04-04 12:21:15.925] [osgp-cucumber-tests-platform-publiclighting-7x89j] [main] INFO o.o.cucumber.core.Wait@untilAndReturn:74 - ... polling in Wait.until (25 seconds) ...
[2025-04-04 12:21:16.438] [osgp-cucumber-tests-platform-publiclighting-7x89j] [main] ERROR o.o.cucumber.core.Wait@handleAssertionError:145 - Assertion error: 
Expecting:
 <NOT_FOUND>
to be equal to:
 <OK>
but was not.
[2025-04-04 12:21:16.438] [osgp-cucumber-tests-platform-publiclighting-7x89j] [main] INFO o.o.cucumber.core.Wait@untilAndReturn:74 - ... polling in Wait.until (26 seconds) ...
[2025-04-04 12:21:16.952] [osgp-cucumber-tests-platform-publiclighting-7x89j] [main] ERROR o.o.cucumber.core.Wait@handleAssertionError:145 - Assertion error: 
Expecting:
 <NOT_FOUND>
to be equal to:
 <OK>
but was not.
[2025-04-04 12:21:16.952] [osgp-cucumber-tests-platform-publiclighting-7x89j] [main] INFO o.o.cucumber.core.Wait@untilAndReturn:74 - ... polling in Wait.until (26 seconds) ...
[2025-04-04 12:21:17.466] [osgp-cucumber-tests-platform-publiclighting-7x89j] [main] ERROR o.o.cucumber.core.Wait@handleAssertionError:145 - Assertion error: 
Expecting:
 <NOT_FOUND>
to be equal to:
 <OK>
but was not.
[2025-04-04 12:21:17.466] [osgp-cucumber-tests-platform-publiclighting-7x89j] [main] INFO o.o.cucumber.core.Wait@untilAndReturn:74 - ... polling in Wait.until (27 seconds) ...
[2025-04-04 12:21:17.984] [osgp-cucumber-tests-platform-publiclighting-7x89j] [main] ERROR o.o.cucumber.core.Wait@handleAssertionError:145 - Assertion error: 
Expecting:
 <NOT_FOUND>
to be equal to:
 <OK>
but was not.
[2025-04-04 12:21:17.984] [osgp-cucumber-tests-platform-publiclighting-7x89j] [main] INFO o.o.cucumber.core.Wait@untilAndReturn:74 - ... polling in Wait.until (27 seconds) ...
[2025-04-04 12:21:18.497] [osgp-cucumber-tests-platform-publiclighting-7x89j] [main] ERROR o.o.cucumber.core.Wait@handleAssertionError:145 - Assertion error: 
Expecting:
 <NOT_FOUND>
to be equal to:
 <OK>
but was not.
[2025-04-04 12:21:18.497] [osgp-cucumber-tests-platform-publiclighting-7x89j] [main] INFO o.o.cucumber.core.Wait@untilAndReturn:74 - ... polling in Wait.until (28 seconds) ...
[2025-04-04 12:21:19.010] [osgp-cucumber-tests-platform-publiclighting-7x89j] [main] ERROR o.o.cucumber.core.Wait@handleAssertionError:145 - Assertion error: 
Expecting:
 <NOT_FOUND>
to be equal to:
 <OK>
but was not.
[2025-04-04 12:21:19.010] [osgp-cucumber-tests-platform-publiclighting-7x89j] [main] INFO o.o.cucumber.core.Wait@untilAndReturn:74 - ... polling in Wait.until (28 seconds) ...
[2025-04-04 12:21:19.524] [osgp-cucumber-tests-platform-publiclighting-7x89j] [main] ERROR o.o.cucumber.core.Wait@handleAssertionError:145 - Assertion error: 
Expecting:
 <NOT_FOUND>
to be equal to:
 <OK>
but was not.
[2025-04-04 12:21:19.524] [osgp-cucumber-tests-platform-publiclighting-7x89j] [main] INFO o.o.cucumber.core.Wait@untilAndReturn:74 - ... polling in Wait.until (29 seconds) ...
[2025-04-04 12:21:20.038] [osgp-cucumber-tests-platform-publiclighting-7x89j] [main] ERROR o.o.cucumber.core.Wait@handleAssertionError:145 - Assertion error: 
Expecting:
 <NOT_FOUND>
to be equal to:
 <OK>
but was not.
[2025-04-04 12:21:20.038] [osgp-cucumber-tests-platform-publiclighting-7x89j] [main] INFO o.o.cucumber.core.Wait@untilAndReturn:74 - ... polling in Wait.until (29 seconds) ...
]]></system-out>
  <system-err><![CDATA[]]></system-err>
</testsuite>
