<?xml version="1.0" encoding="UTF-8" ?>
<testsuite errors="0" failures="1" hostname="osgp-cucumber-tests-platform-publiclighting-7x89j" name="Failed set light schedule(PublicLightingScheduleManagement Set Light Schedule)" skipped="0" tests="1" time="31.491" timestamp="2025-04-04T13:06:50">
  <properties />
  <testcase classname="org.opensmartgridplatform.cucumber.execution.DescriptionAsTest" name="Failed set light schedule(PublicLightingScheduleManagement Set Light Schedule)" time="31.491">
    <error message="Timeout after [30] seconds." type="org.opentest4j.AssertionFailedError">org.opentest4j.AssertionFailedError: Timeout after [30] seconds.
	at org.opensmartgridplatform.cucumber.core.Wait.untilAndReturn(Wait.java:53)
	at org.opensmartgridplatform.cucumber.platform.publiclighting.glue.steps.ws.publiclighting.schedulemanagement.SetLightScheduleSteps.thePlatformBuffersASetLightScheduleResponseMessageForDevice(SetLightScheduleSteps.java:298)
	at ✽.the platform buffers a set light schedule response message for device &quot;TEST1024000000001&quot;(classpath:features/publiclighting/osgp-adapter-ws-publiclighting/ScheduleManagement/SetLightSchedule.feature:188)
</error>
  </testcase>
  <system-out><![CDATA[[2025-04-04 13:06:50.573] [osgp-cucumber-tests-platform-publiclighting-7x89j] [main] INFO o.o.c.platform.database.CoreDatabase@batchDeleteAll:131 - Starting batchDeleteAll()
[2025-04-04 13:06:50.580] [osgp-cucumber-tests-platform-publiclighting-7x89j] [main] INFO o.o.c.platform.database.CoreDatabase@normalDeleteAll:154 - Starting normalDeleteAll()
[2025-04-04 13:06:50.613] [osgp-cucumber-tests-platform-publiclighting-7x89j] [main] INFO o.o.c.p.p.m.o.MockOslpServer@mockSetScheduleResponse:611 - Mocking response for device dGVzdDEyMzQ1Njc4 of message type: SET_LIGHT_SCHEDULE
[2025-04-04 13:06:50.713] [osgp-cucumber-tests-platform-publiclighting-7x89j] [main] INFO o.o.c.p.p.g.s.w.p.s.SetLightScheduleSteps@theSetLightScheduleAsyncResponseContains:274 - Got CorrelationUid: [test-org|||TEST1024000000001|||20250404130650631|||81494e37-f164-4aa4-a8a3-17b97110f1f7]
[2025-04-04 13:06:50.714] [osgp-cucumber-tests-platform-publiclighting-7x89j] [main] INFO o.o.c.p.p.m.o.MockOslpServer@waitForRequest:187 - Device dGVzdDEyMzQ1Njc4 is waiting for request of message type: SET_LIGHT_SCHEDULE, receivedResponses: 0
[2025-04-04 13:06:50.714] [osgp-cucumber-tests-platform-publiclighting-7x89j] [main] INFO o.o.c.p.p.m.o.MockOslpServer@waitForRequest:199 - Sleeping 1s 1 - Device dGVzdDEyMzQ1Njc4 is waiting for a request of message type: SET_LIGHT_SCHEDULE
[2025-04-04 13:06:51.084] [osgp-cucumber-tests-platform-publiclighting-7x89j] [disposableNioEventLoopGroup-6-21] INFO o.o.c.p.p.m.o.MockOslpChannelHandler@handleRequest:403 - Device dGVzdDEyMzQ1Njc4 received [setScheduleRequest {
  schedules {
    weekday: MONDAY
    actionTime: ABSOLUTETIME
    time: "180000"
    value {
      index: "\000"
      on: true
    }
  }
  scheduleType: LIGHT
}
], sequence number [[0, 0]]
[2025-04-04 13:06:51.085] [osgp-cucumber-tests-platform-publiclighting-7x89j] [disposableNioEventLoopGroup-6-21] INFO o.o.c.p.p.m.o.MockOslpChannelHandler@handleRequest:425 - Device dGVzdDEyMzQ1Njc4 mocked response: [setScheduleResponse {
  status: FAILURE
}
]
[2025-04-04 13:06:51.714] [osgp-cucumber-tests-platform-publiclighting-7x89j] [main] INFO o.o.c.p.p.m.o.MockOslpServer@waitForRequest:214 - Device dGVzdDEyMzQ1Njc4 received a request of message type: SET_LIGHT_SCHEDULE
[2025-04-04 13:06:51.729] [osgp-cucumber-tests-platform-publiclighting-7x89j] [main] INFO o.o.c.p.p.g.s.w.p.s.SetLightScheduleSteps@lambda$thePlatformBuffersASetLightScheduleResponseMessageForDevice$0:303 - Received a SOAP fault on setSchedule
[2025-04-04 13:06:51.729] [osgp-cucumber-tests-platform-publiclighting-7x89j] [main] ERROR o.o.cucumber.core.Wait@handleException:151 - Caught an exception: [Received a SOAP fault on setSchedule that could be rejected because the CorrelationUid is unknown]
[2025-04-04 13:06:51.729] [osgp-cucumber-tests-platform-publiclighting-7x89j] [main] INFO o.o.cucumber.core.Wait@untilAndReturn:74 - ... polling in Wait.until (0 seconds) ...
[2025-04-04 13:06:52.244] [osgp-cucumber-tests-platform-publiclighting-7x89j] [main] INFO o.o.c.p.p.g.s.w.p.s.SetLightScheduleSteps@lambda$thePlatformBuffersASetLightScheduleResponseMessageForDevice$0:303 - Received a SOAP fault on setSchedule
[2025-04-04 13:06:52.244] [osgp-cucumber-tests-platform-publiclighting-7x89j] [main] ERROR o.o.cucumber.core.Wait@handleException:151 - Caught an exception: [Received a SOAP fault on setSchedule that could be rejected because the CorrelationUid is unknown]
[2025-04-04 13:06:52.244] [osgp-cucumber-tests-platform-publiclighting-7x89j] [main] INFO o.o.cucumber.core.Wait@untilAndReturn:74 - ... polling in Wait.until (0 seconds) ...
[2025-04-04 13:06:52.757] [osgp-cucumber-tests-platform-publiclighting-7x89j] [main] INFO o.o.c.p.p.g.s.w.p.s.SetLightScheduleSteps@lambda$thePlatformBuffersASetLightScheduleResponseMessageForDevice$0:303 - Received a SOAP fault on setSchedule
[2025-04-04 13:06:52.758] [osgp-cucumber-tests-platform-publiclighting-7x89j] [main] ERROR o.o.cucumber.core.Wait@handleException:151 - Caught an exception: [Received a SOAP fault on setSchedule that could be rejected because the CorrelationUid is unknown]
[2025-04-04 13:06:52.758] [osgp-cucumber-tests-platform-publiclighting-7x89j] [main] INFO o.o.cucumber.core.Wait@untilAndReturn:74 - ... polling in Wait.until (1 seconds) ...
[2025-04-04 13:06:53.271] [osgp-cucumber-tests-platform-publiclighting-7x89j] [main] INFO o.o.c.p.p.g.s.w.p.s.SetLightScheduleSteps@lambda$thePlatformBuffersASetLightScheduleResponseMessageForDevice$0:303 - Received a SOAP fault on setSchedule
[2025-04-04 13:06:53.271] [osgp-cucumber-tests-platform-publiclighting-7x89j] [main] ERROR o.o.cucumber.core.Wait@handleException:151 - Caught an exception: [Received a SOAP fault on setSchedule that could be rejected because the CorrelationUid is unknown]
[2025-04-04 13:06:53.271] [osgp-cucumber-tests-platform-publiclighting-7x89j] [main] INFO o.o.cucumber.core.Wait@untilAndReturn:74 - ... polling in Wait.until (1 seconds) ...
[2025-04-04 13:06:53.785] [osgp-cucumber-tests-platform-publiclighting-7x89j] [main] INFO o.o.c.p.p.g.s.w.p.s.SetLightScheduleSteps@lambda$thePlatformBuffersASetLightScheduleResponseMessageForDevice$0:303 - Received a SOAP fault on setSchedule
[2025-04-04 13:06:53.785] [osgp-cucumber-tests-platform-publiclighting-7x89j] [main] ERROR o.o.cucumber.core.Wait@handleException:151 - Caught an exception: [Received a SOAP fault on setSchedule that could be rejected because the CorrelationUid is unknown]
[2025-04-04 13:06:53.785] [osgp-cucumber-tests-platform-publiclighting-7x89j] [main] INFO o.o.cucumber.core.Wait@untilAndReturn:74 - ... polling in Wait.until (2 seconds) ...
[2025-04-04 13:06:54.313] [osgp-cucumber-tests-platform-publiclighting-7x89j] [main] INFO o.o.c.p.p.g.s.w.p.s.SetLightScheduleSteps@lambda$thePlatformBuffersASetLightScheduleResponseMessageForDevice$0:303 - Received a SOAP fault on setSchedule
[2025-04-04 13:06:54.313] [osgp-cucumber-tests-platform-publiclighting-7x89j] [main] ERROR o.o.cucumber.core.Wait@handleException:151 - Caught an exception: [Received a SOAP fault on setSchedule that could be rejected because the CorrelationUid is unknown]
[2025-04-04 13:06:54.313] [osgp-cucumber-tests-platform-publiclighting-7x89j] [main] INFO o.o.cucumber.core.Wait@untilAndReturn:74 - ... polling in Wait.until (2 seconds) ...
[2025-04-04 13:06:54.827] [osgp-cucumber-tests-platform-publiclighting-7x89j] [main] INFO o.o.c.p.p.g.s.w.p.s.SetLightScheduleSteps@lambda$thePlatformBuffersASetLightScheduleResponseMessageForDevice$0:303 - Received a SOAP fault on setSchedule
[2025-04-04 13:06:54.827] [osgp-cucumber-tests-platform-publiclighting-7x89j] [main] ERROR o.o.cucumber.core.Wait@handleException:151 - Caught an exception: [Received a SOAP fault on setSchedule that could be rejected because the CorrelationUid is unknown]
[2025-04-04 13:06:54.827] [osgp-cucumber-tests-platform-publiclighting-7x89j] [main] INFO o.o.cucumber.core.Wait@untilAndReturn:74 - ... polling in Wait.until (3 seconds) ...
[2025-04-04 13:06:55.341] [osgp-cucumber-tests-platform-publiclighting-7x89j] [main] INFO o.o.c.p.p.g.s.w.p.s.SetLightScheduleSteps@lambda$thePlatformBuffersASetLightScheduleResponseMessageForDevice$0:303 - Received a SOAP fault on setSchedule
[2025-04-04 13:06:55.341] [osgp-cucumber-tests-platform-publiclighting-7x89j] [main] ERROR o.o.cucumber.core.Wait@handleException:151 - Caught an exception: [Received a SOAP fault on setSchedule that could be rejected because the CorrelationUid is unknown]
[2025-04-04 13:06:55.341] [osgp-cucumber-tests-platform-publiclighting-7x89j] [main] INFO o.o.cucumber.core.Wait@untilAndReturn:74 - ... polling in Wait.until (3 seconds) ...
[2025-04-04 13:06:55.854] [osgp-cucumber-tests-platform-publiclighting-7x89j] [main] INFO o.o.c.p.p.g.s.w.p.s.SetLightScheduleSteps@lambda$thePlatformBuffersASetLightScheduleResponseMessageForDevice$0:303 - Received a SOAP fault on setSchedule
[2025-04-04 13:06:55.854] [osgp-cucumber-tests-platform-publiclighting-7x89j] [main] ERROR o.o.cucumber.core.Wait@handleException:151 - Caught an exception: [Received a SOAP fault on setSchedule that could be rejected because the CorrelationUid is unknown]
[2025-04-04 13:06:55.854] [osgp-cucumber-tests-platform-publiclighting-7x89j] [main] INFO o.o.cucumber.core.Wait@untilAndReturn:74 - ... polling in Wait.until (4 seconds) ...
[2025-04-04 13:06:56.368] [osgp-cucumber-tests-platform-publiclighting-7x89j] [main] INFO o.o.c.p.p.g.s.w.p.s.SetLightScheduleSteps@lambda$thePlatformBuffersASetLightScheduleResponseMessageForDevice$0:303 - Received a SOAP fault on setSchedule
[2025-04-04 13:06:56.369] [osgp-cucumber-tests-platform-publiclighting-7x89j] [main] ERROR o.o.cucumber.core.Wait@handleException:151 - Caught an exception: [Received a SOAP fault on setSchedule that could be rejected because the CorrelationUid is unknown]
[2025-04-04 13:06:56.369] [osgp-cucumber-tests-platform-publiclighting-7x89j] [main] INFO o.o.cucumber.core.Wait@untilAndReturn:74 - ... polling in Wait.until (4 seconds) ...
[2025-04-04 13:06:56.882] [osgp-cucumber-tests-platform-publiclighting-7x89j] [main] INFO o.o.c.p.p.g.s.w.p.s.SetLightScheduleSteps@lambda$thePlatformBuffersASetLightScheduleResponseMessageForDevice$0:303 - Received a SOAP fault on setSchedule
[2025-04-04 13:06:56.882] [osgp-cucumber-tests-platform-publiclighting-7x89j] [main] ERROR o.o.cucumber.core.Wait@handleException:151 - Caught an exception: [Received a SOAP fault on setSchedule that could be rejected because the CorrelationUid is unknown]
[2025-04-04 13:06:56.882] [osgp-cucumber-tests-platform-publiclighting-7x89j] [main] INFO o.o.cucumber.core.Wait@untilAndReturn:74 - ... polling in Wait.until (5 seconds) ...
[2025-04-04 13:06:57.398] [osgp-cucumber-tests-platform-publiclighting-7x89j] [main] INFO o.o.c.p.p.g.s.w.p.s.SetLightScheduleSteps@lambda$thePlatformBuffersASetLightScheduleResponseMessageForDevice$0:303 - Received a SOAP fault on setSchedule
[2025-04-04 13:06:57.398] [osgp-cucumber-tests-platform-publiclighting-7x89j] [main] ERROR o.o.cucumber.core.Wait@handleException:151 - Caught an exception: [Received a SOAP fault on setSchedule that could be rejected because the CorrelationUid is unknown]
[2025-04-04 13:06:57.398] [osgp-cucumber-tests-platform-publiclighting-7x89j] [main] INFO o.o.cucumber.core.Wait@untilAndReturn:74 - ... polling in Wait.until (5 seconds) ...
[2025-04-04 13:06:57.912] [osgp-cucumber-tests-platform-publiclighting-7x89j] [main] INFO o.o.c.p.p.g.s.w.p.s.SetLightScheduleSteps@lambda$thePlatformBuffersASetLightScheduleResponseMessageForDevice$0:303 - Received a SOAP fault on setSchedule
[2025-04-04 13:06:57.912] [osgp-cucumber-tests-platform-publiclighting-7x89j] [main] ERROR o.o.cucumber.core.Wait@handleException:151 - Caught an exception: [Received a SOAP fault on setSchedule that could be rejected because the CorrelationUid is unknown]
[2025-04-04 13:06:57.912] [osgp-cucumber-tests-platform-publiclighting-7x89j] [main] INFO o.o.cucumber.core.Wait@untilAndReturn:74 - ... polling in Wait.until (6 seconds) ...
[2025-04-04 13:06:58.426] [osgp-cucumber-tests-platform-publiclighting-7x89j] [main] INFO o.o.c.p.p.g.s.w.p.s.SetLightScheduleSteps@lambda$thePlatformBuffersASetLightScheduleResponseMessageForDevice$0:303 - Received a SOAP fault on setSchedule
[2025-04-04 13:06:58.426] [osgp-cucumber-tests-platform-publiclighting-7x89j] [main] ERROR o.o.cucumber.core.Wait@handleException:151 - Caught an exception: [Received a SOAP fault on setSchedule that could be rejected because the CorrelationUid is unknown]
[2025-04-04 13:06:58.426] [osgp-cucumber-tests-platform-publiclighting-7x89j] [main] INFO o.o.cucumber.core.Wait@untilAndReturn:74 - ... polling in Wait.until (6 seconds) ...
[2025-04-04 13:06:58.939] [osgp-cucumber-tests-platform-publiclighting-7x89j] [main] INFO o.o.c.p.p.g.s.w.p.s.SetLightScheduleSteps@lambda$thePlatformBuffersASetLightScheduleResponseMessageForDevice$0:303 - Received a SOAP fault on setSchedule
[2025-04-04 13:06:58.939] [osgp-cucumber-tests-platform-publiclighting-7x89j] [main] ERROR o.o.cucumber.core.Wait@handleException:151 - Caught an exception: [Received a SOAP fault on setSchedule that could be rejected because the CorrelationUid is unknown]
[2025-04-04 13:06:58.939] [osgp-cucumber-tests-platform-publiclighting-7x89j] [main] INFO o.o.cucumber.core.Wait@untilAndReturn:74 - ... polling in Wait.until (7 seconds) ...
[2025-04-04 13:06:59.453] [osgp-cucumber-tests-platform-publiclighting-7x89j] [main] INFO o.o.c.p.p.g.s.w.p.s.SetLightScheduleSteps@lambda$thePlatformBuffersASetLightScheduleResponseMessageForDevice$0:303 - Received a SOAP fault on setSchedule
[2025-04-04 13:06:59.453] [osgp-cucumber-tests-platform-publiclighting-7x89j] [main] ERROR o.o.cucumber.core.Wait@handleException:151 - Caught an exception: [Received a SOAP fault on setSchedule that could be rejected because the CorrelationUid is unknown]
[2025-04-04 13:06:59.454] [osgp-cucumber-tests-platform-publiclighting-7x89j] [main] INFO o.o.cucumber.core.Wait@untilAndReturn:74 - ... polling in Wait.until (7 seconds) ...
[2025-04-04 13:06:59.966] [osgp-cucumber-tests-platform-publiclighting-7x89j] [main] INFO o.o.c.p.p.g.s.w.p.s.SetLightScheduleSteps@lambda$thePlatformBuffersASetLightScheduleResponseMessageForDevice$0:303 - Received a SOAP fault on setSchedule
[2025-04-04 13:06:59.966] [osgp-cucumber-tests-platform-publiclighting-7x89j] [main] ERROR o.o.cucumber.core.Wait@handleException:151 - Caught an exception: [Received a SOAP fault on setSchedule that could be rejected because the CorrelationUid is unknown]
[2025-04-04 13:06:59.966] [osgp-cucumber-tests-platform-publiclighting-7x89j] [main] INFO o.o.cucumber.core.Wait@untilAndReturn:74 - ... polling in Wait.until (8 seconds) ...
[2025-04-04 13:07:00.480] [osgp-cucumber-tests-platform-publiclighting-7x89j] [main] INFO o.o.c.p.p.g.s.w.p.s.SetLightScheduleSteps@lambda$thePlatformBuffersASetLightScheduleResponseMessageForDevice$0:303 - Received a SOAP fault on setSchedule
[2025-04-04 13:07:00.480] [osgp-cucumber-tests-platform-publiclighting-7x89j] [main] ERROR o.o.cucumber.core.Wait@handleException:151 - Caught an exception: [Received a SOAP fault on setSchedule that could be rejected because the CorrelationUid is unknown]
[2025-04-04 13:07:00.480] [osgp-cucumber-tests-platform-publiclighting-7x89j] [main] INFO o.o.cucumber.core.Wait@untilAndReturn:74 - ... polling in Wait.until (8 seconds) ...
[2025-04-04 13:07:00.993] [osgp-cucumber-tests-platform-publiclighting-7x89j] [main] INFO o.o.c.p.p.g.s.w.p.s.SetLightScheduleSteps@lambda$thePlatformBuffersASetLightScheduleResponseMessageForDevice$0:303 - Received a SOAP fault on setSchedule
[2025-04-04 13:07:00.993] [osgp-cucumber-tests-platform-publiclighting-7x89j] [main] ERROR o.o.cucumber.core.Wait@handleException:151 - Caught an exception: [Received a SOAP fault on setSchedule that could be rejected because the CorrelationUid is unknown]
[2025-04-04 13:07:00.993] [osgp-cucumber-tests-platform-publiclighting-7x89j] [main] INFO o.o.cucumber.core.Wait@untilAndReturn:74 - ... polling in Wait.until (9 seconds) ...
[2025-04-04 13:07:01.506] [osgp-cucumber-tests-platform-publiclighting-7x89j] [main] INFO o.o.c.p.p.g.s.w.p.s.SetLightScheduleSteps@lambda$thePlatformBuffersASetLightScheduleResponseMessageForDevice$0:303 - Received a SOAP fault on setSchedule
[2025-04-04 13:07:01.506] [osgp-cucumber-tests-platform-publiclighting-7x89j] [main] ERROR o.o.cucumber.core.Wait@handleException:151 - Caught an exception: [Received a SOAP fault on setSchedule that could be rejected because the CorrelationUid is unknown]
[2025-04-04 13:07:01.506] [osgp-cucumber-tests-platform-publiclighting-7x89j] [main] INFO o.o.cucumber.core.Wait@untilAndReturn:74 - ... polling in Wait.until (9 seconds) ...
[2025-04-04 13:07:02.020] [osgp-cucumber-tests-platform-publiclighting-7x89j] [main] INFO o.o.c.p.p.g.s.w.p.s.SetLightScheduleSteps@lambda$thePlatformBuffersASetLightScheduleResponseMessageForDevice$0:303 - Received a SOAP fault on setSchedule
[2025-04-04 13:07:02.020] [osgp-cucumber-tests-platform-publiclighting-7x89j] [main] ERROR o.o.cucumber.core.Wait@handleException:151 - Caught an exception: [Received a SOAP fault on setSchedule that could be rejected because the CorrelationUid is unknown]
[2025-04-04 13:07:02.020] [osgp-cucumber-tests-platform-publiclighting-7x89j] [main] INFO o.o.cucumber.core.Wait@untilAndReturn:74 - ... polling in Wait.until (10 seconds) ...
[2025-04-04 13:07:02.533] [osgp-cucumber-tests-platform-publiclighting-7x89j] [main] INFO o.o.c.p.p.g.s.w.p.s.SetLightScheduleSteps@lambda$thePlatformBuffersASetLightScheduleResponseMessageForDevice$0:303 - Received a SOAP fault on setSchedule
[2025-04-04 13:07:02.533] [osgp-cucumber-tests-platform-publiclighting-7x89j] [main] ERROR o.o.cucumber.core.Wait@handleException:151 - Caught an exception: [Received a SOAP fault on setSchedule that could be rejected because the CorrelationUid is unknown]
[2025-04-04 13:07:02.534] [osgp-cucumber-tests-platform-publiclighting-7x89j] [main] INFO o.o.cucumber.core.Wait@untilAndReturn:74 - ... polling in Wait.until (10 seconds) ...
[2025-04-04 13:07:03.046] [osgp-cucumber-tests-platform-publiclighting-7x89j] [main] INFO o.o.c.p.p.g.s.w.p.s.SetLightScheduleSteps@lambda$thePlatformBuffersASetLightScheduleResponseMessageForDevice$0:303 - Received a SOAP fault on setSchedule
[2025-04-04 13:07:03.046] [osgp-cucumber-tests-platform-publiclighting-7x89j] [main] ERROR o.o.cucumber.core.Wait@handleException:151 - Caught an exception: [Received a SOAP fault on setSchedule that could be rejected because the CorrelationUid is unknown]
[2025-04-04 13:07:03.046] [osgp-cucumber-tests-platform-publiclighting-7x89j] [main] INFO o.o.cucumber.core.Wait@untilAndReturn:74 - ... polling in Wait.until (11 seconds) ...
[2025-04-04 13:07:03.559] [osgp-cucumber-tests-platform-publiclighting-7x89j] [main] INFO o.o.c.p.p.g.s.w.p.s.SetLightScheduleSteps@lambda$thePlatformBuffersASetLightScheduleResponseMessageForDevice$0:303 - Received a SOAP fault on setSchedule
[2025-04-04 13:07:03.559] [osgp-cucumber-tests-platform-publiclighting-7x89j] [main] ERROR o.o.cucumber.core.Wait@handleException:151 - Caught an exception: [Received a SOAP fault on setSchedule that could be rejected because the CorrelationUid is unknown]
[2025-04-04 13:07:03.559] [osgp-cucumber-tests-platform-publiclighting-7x89j] [main] INFO o.o.cucumber.core.Wait@untilAndReturn:74 - ... polling in Wait.until (11 seconds) ...
[2025-04-04 13:07:04.072] [osgp-cucumber-tests-platform-publiclighting-7x89j] [main] INFO o.o.c.p.p.g.s.w.p.s.SetLightScheduleSteps@lambda$thePlatformBuffersASetLightScheduleResponseMessageForDevice$0:303 - Received a SOAP fault on setSchedule
[2025-04-04 13:07:04.072] [osgp-cucumber-tests-platform-publiclighting-7x89j] [main] ERROR o.o.cucumber.core.Wait@handleException:151 - Caught an exception: [Received a SOAP fault on setSchedule that could be rejected because the CorrelationUid is unknown]
[2025-04-04 13:07:04.072] [osgp-cucumber-tests-platform-publiclighting-7x89j] [main] INFO o.o.cucumber.core.Wait@untilAndReturn:74 - ... polling in Wait.until (12 seconds) ...
[2025-04-04 13:07:04.600] [osgp-cucumber-tests-platform-publiclighting-7x89j] [main] INFO o.o.c.p.p.g.s.w.p.s.SetLightScheduleSteps@lambda$thePlatformBuffersASetLightScheduleResponseMessageForDevice$0:303 - Received a SOAP fault on setSchedule
[2025-04-04 13:07:04.600] [osgp-cucumber-tests-platform-publiclighting-7x89j] [main] ERROR o.o.cucumber.core.Wait@handleException:151 - Caught an exception: [Received a SOAP fault on setSchedule that could be rejected because the CorrelationUid is unknown]
[2025-04-04 13:07:04.601] [osgp-cucumber-tests-platform-publiclighting-7x89j] [main] INFO o.o.cucumber.core.Wait@untilAndReturn:74 - ... polling in Wait.until (12 seconds) ...
[2025-04-04 13:07:05.115] [osgp-cucumber-tests-platform-publiclighting-7x89j] [main] INFO o.o.c.p.p.g.s.w.p.s.SetLightScheduleSteps@lambda$thePlatformBuffersASetLightScheduleResponseMessageForDevice$0:303 - Received a SOAP fault on setSchedule
[2025-04-04 13:07:05.115] [osgp-cucumber-tests-platform-publiclighting-7x89j] [main] ERROR o.o.cucumber.core.Wait@handleException:151 - Caught an exception: [Received a SOAP fault on setSchedule that could be rejected because the CorrelationUid is unknown]
[2025-04-04 13:07:05.115] [osgp-cucumber-tests-platform-publiclighting-7x89j] [main] INFO o.o.cucumber.core.Wait@untilAndReturn:74 - ... polling in Wait.until (13 seconds) ...
[2025-04-04 13:07:05.631] [osgp-cucumber-tests-platform-publiclighting-7x89j] [main] INFO o.o.c.p.p.g.s.w.p.s.SetLightScheduleSteps@lambda$thePlatformBuffersASetLightScheduleResponseMessageForDevice$0:303 - Received a SOAP fault on setSchedule
[2025-04-04 13:07:05.631] [osgp-cucumber-tests-platform-publiclighting-7x89j] [main] ERROR o.o.cucumber.core.Wait@handleException:151 - Caught an exception: [Received a SOAP fault on setSchedule that could be rejected because the CorrelationUid is unknown]
[2025-04-04 13:07:05.631] [osgp-cucumber-tests-platform-publiclighting-7x89j] [main] INFO o.o.cucumber.core.Wait@untilAndReturn:74 - ... polling in Wait.until (13 seconds) ...
[2025-04-04 13:07:06.144] [osgp-cucumber-tests-platform-publiclighting-7x89j] [main] INFO o.o.c.p.p.g.s.w.p.s.SetLightScheduleSteps@lambda$thePlatformBuffersASetLightScheduleResponseMessageForDevice$0:303 - Received a SOAP fault on setSchedule
[2025-04-04 13:07:06.144] [osgp-cucumber-tests-platform-publiclighting-7x89j] [main] ERROR o.o.cucumber.core.Wait@handleException:151 - Caught an exception: [Received a SOAP fault on setSchedule that could be rejected because the CorrelationUid is unknown]
[2025-04-04 13:07:06.144] [osgp-cucumber-tests-platform-publiclighting-7x89j] [main] INFO o.o.cucumber.core.Wait@untilAndReturn:74 - ... polling in Wait.until (14 seconds) ...
[2025-04-04 13:07:06.658] [osgp-cucumber-tests-platform-publiclighting-7x89j] [main] INFO o.o.c.p.p.g.s.w.p.s.SetLightScheduleSteps@lambda$thePlatformBuffersASetLightScheduleResponseMessageForDevice$0:303 - Received a SOAP fault on setSchedule
[2025-04-04 13:07:06.658] [osgp-cucumber-tests-platform-publiclighting-7x89j] [main] ERROR o.o.cucumber.core.Wait@handleException:151 - Caught an exception: [Received a SOAP fault on setSchedule that could be rejected because the CorrelationUid is unknown]
[2025-04-04 13:07:06.658] [osgp-cucumber-tests-platform-publiclighting-7x89j] [main] INFO o.o.cucumber.core.Wait@untilAndReturn:74 - ... polling in Wait.until (14 seconds) ...
[2025-04-04 13:07:07.171] [osgp-cucumber-tests-platform-publiclighting-7x89j] [main] INFO o.o.c.p.p.g.s.w.p.s.SetLightScheduleSteps@lambda$thePlatformBuffersASetLightScheduleResponseMessageForDevice$0:303 - Received a SOAP fault on setSchedule
[2025-04-04 13:07:07.171] [osgp-cucumber-tests-platform-publiclighting-7x89j] [main] ERROR o.o.cucumber.core.Wait@handleException:151 - Caught an exception: [Received a SOAP fault on setSchedule that could be rejected because the CorrelationUid is unknown]
[2025-04-04 13:07:07.171] [osgp-cucumber-tests-platform-publiclighting-7x89j] [main] INFO o.o.cucumber.core.Wait@untilAndReturn:74 - ... polling in Wait.until (15 seconds) ...
[2025-04-04 13:07:07.690] [osgp-cucumber-tests-platform-publiclighting-7x89j] [main] INFO o.o.c.p.p.g.s.w.p.s.SetLightScheduleSteps@lambda$thePlatformBuffersASetLightScheduleResponseMessageForDevice$0:303 - Received a SOAP fault on setSchedule
[2025-04-04 13:07:07.690] [osgp-cucumber-tests-platform-publiclighting-7x89j] [main] ERROR o.o.cucumber.core.Wait@handleException:151 - Caught an exception: [Received a SOAP fault on setSchedule that could be rejected because the CorrelationUid is unknown]
[2025-04-04 13:07:07.690] [osgp-cucumber-tests-platform-publiclighting-7x89j] [main] INFO o.o.cucumber.core.Wait@untilAndReturn:74 - ... polling in Wait.until (15 seconds) ...
[2025-04-04 13:07:08.203] [osgp-cucumber-tests-platform-publiclighting-7x89j] [main] INFO o.o.c.p.p.g.s.w.p.s.SetLightScheduleSteps@lambda$thePlatformBuffersASetLightScheduleResponseMessageForDevice$0:303 - Received a SOAP fault on setSchedule
[2025-04-04 13:07:08.203] [osgp-cucumber-tests-platform-publiclighting-7x89j] [main] ERROR o.o.cucumber.core.Wait@handleException:151 - Caught an exception: [Received a SOAP fault on setSchedule that could be rejected because the CorrelationUid is unknown]
[2025-04-04 13:07:08.203] [osgp-cucumber-tests-platform-publiclighting-7x89j] [main] INFO o.o.cucumber.core.Wait@untilAndReturn:74 - ... polling in Wait.until (16 seconds) ...
[2025-04-04 13:07:08.716] [osgp-cucumber-tests-platform-publiclighting-7x89j] [main] INFO o.o.c.p.p.g.s.w.p.s.SetLightScheduleSteps@lambda$thePlatformBuffersASetLightScheduleResponseMessageForDevice$0:303 - Received a SOAP fault on setSchedule
[2025-04-04 13:07:08.716] [osgp-cucumber-tests-platform-publiclighting-7x89j] [main] ERROR o.o.cucumber.core.Wait@handleException:151 - Caught an exception: [Received a SOAP fault on setSchedule that could be rejected because the CorrelationUid is unknown]
[2025-04-04 13:07:08.716] [osgp-cucumber-tests-platform-publiclighting-7x89j] [main] INFO o.o.cucumber.core.Wait@untilAndReturn:74 - ... polling in Wait.until (17 seconds) ...
[2025-04-04 13:07:09.228] [osgp-cucumber-tests-platform-publiclighting-7x89j] [main] INFO o.o.c.p.p.g.s.w.p.s.SetLightScheduleSteps@lambda$thePlatformBuffersASetLightScheduleResponseMessageForDevice$0:303 - Received a SOAP fault on setSchedule
[2025-04-04 13:07:09.228] [osgp-cucumber-tests-platform-publiclighting-7x89j] [main] ERROR o.o.cucumber.core.Wait@handleException:151 - Caught an exception: [Received a SOAP fault on setSchedule that could be rejected because the CorrelationUid is unknown]
[2025-04-04 13:07:09.228] [osgp-cucumber-tests-platform-publiclighting-7x89j] [main] INFO o.o.cucumber.core.Wait@untilAndReturn:74 - ... polling in Wait.until (17 seconds) ...
[2025-04-04 13:07:09.741] [osgp-cucumber-tests-platform-publiclighting-7x89j] [main] INFO o.o.c.p.p.g.s.w.p.s.SetLightScheduleSteps@lambda$thePlatformBuffersASetLightScheduleResponseMessageForDevice$0:303 - Received a SOAP fault on setSchedule
[2025-04-04 13:07:09.742] [osgp-cucumber-tests-platform-publiclighting-7x89j] [main] ERROR o.o.cucumber.core.Wait@handleException:151 - Caught an exception: [Received a SOAP fault on setSchedule that could be rejected because the CorrelationUid is unknown]
[2025-04-04 13:07:09.742] [osgp-cucumber-tests-platform-publiclighting-7x89j] [main] INFO o.o.cucumber.core.Wait@untilAndReturn:74 - ... polling in Wait.until (18 seconds) ...
[2025-04-04 13:07:10.255] [osgp-cucumber-tests-platform-publiclighting-7x89j] [main] INFO o.o.c.p.p.g.s.w.p.s.SetLightScheduleSteps@lambda$thePlatformBuffersASetLightScheduleResponseMessageForDevice$0:303 - Received a SOAP fault on setSchedule
[2025-04-04 13:07:10.255] [osgp-cucumber-tests-platform-publiclighting-7x89j] [main] ERROR o.o.cucumber.core.Wait@handleException:151 - Caught an exception: [Received a SOAP fault on setSchedule that could be rejected because the CorrelationUid is unknown]
[2025-04-04 13:07:10.255] [osgp-cucumber-tests-platform-publiclighting-7x89j] [main] INFO o.o.cucumber.core.Wait@untilAndReturn:74 - ... polling in Wait.until (18 seconds) ...
[2025-04-04 13:07:10.768] [osgp-cucumber-tests-platform-publiclighting-7x89j] [main] INFO o.o.c.p.p.g.s.w.p.s.SetLightScheduleSteps@lambda$thePlatformBuffersASetLightScheduleResponseMessageForDevice$0:303 - Received a SOAP fault on setSchedule
[2025-04-04 13:07:10.768] [osgp-cucumber-tests-platform-publiclighting-7x89j] [main] ERROR o.o.cucumber.core.Wait@handleException:151 - Caught an exception: [Received a SOAP fault on setSchedule that could be rejected because the CorrelationUid is unknown]
[2025-04-04 13:07:10.768] [osgp-cucumber-tests-platform-publiclighting-7x89j] [main] INFO o.o.cucumber.core.Wait@untilAndReturn:74 - ... polling in Wait.until (19 seconds) ...
[2025-04-04 13:07:11.281] [osgp-cucumber-tests-platform-publiclighting-7x89j] [main] INFO o.o.c.p.p.g.s.w.p.s.SetLightScheduleSteps@lambda$thePlatformBuffersASetLightScheduleResponseMessageForDevice$0:303 - Received a SOAP fault on setSchedule
[2025-04-04 13:07:11.281] [osgp-cucumber-tests-platform-publiclighting-7x89j] [main] ERROR o.o.cucumber.core.Wait@handleException:151 - Caught an exception: [Received a SOAP fault on setSchedule that could be rejected because the CorrelationUid is unknown]
[2025-04-04 13:07:11.281] [osgp-cucumber-tests-platform-publiclighting-7x89j] [main] INFO o.o.cucumber.core.Wait@untilAndReturn:74 - ... polling in Wait.until (19 seconds) ...
[2025-04-04 13:07:11.793] [osgp-cucumber-tests-platform-publiclighting-7x89j] [main] INFO o.o.c.p.p.g.s.w.p.s.SetLightScheduleSteps@lambda$thePlatformBuffersASetLightScheduleResponseMessageForDevice$0:303 - Received a SOAP fault on setSchedule
[2025-04-04 13:07:11.793] [osgp-cucumber-tests-platform-publiclighting-7x89j] [main] ERROR o.o.cucumber.core.Wait@handleException:151 - Caught an exception: [Received a SOAP fault on setSchedule that could be rejected because the CorrelationUid is unknown]
[2025-04-04 13:07:11.794] [osgp-cucumber-tests-platform-publiclighting-7x89j] [main] INFO o.o.cucumber.core.Wait@untilAndReturn:74 - ... polling in Wait.until (20 seconds) ...
[2025-04-04 13:07:12.307] [osgp-cucumber-tests-platform-publiclighting-7x89j] [main] INFO o.o.c.p.p.g.s.w.p.s.SetLightScheduleSteps@lambda$thePlatformBuffersASetLightScheduleResponseMessageForDevice$0:303 - Received a SOAP fault on setSchedule
[2025-04-04 13:07:12.307] [osgp-cucumber-tests-platform-publiclighting-7x89j] [main] ERROR o.o.cucumber.core.Wait@handleException:151 - Caught an exception: [Received a SOAP fault on setSchedule that could be rejected because the CorrelationUid is unknown]
[2025-04-04 13:07:12.307] [osgp-cucumber-tests-platform-publiclighting-7x89j] [main] INFO o.o.cucumber.core.Wait@untilAndReturn:74 - ... polling in Wait.until (20 seconds) ...
[2025-04-04 13:07:12.820] [osgp-cucumber-tests-platform-publiclighting-7x89j] [main] INFO o.o.c.p.p.g.s.w.p.s.SetLightScheduleSteps@lambda$thePlatformBuffersASetLightScheduleResponseMessageForDevice$0:303 - Received a SOAP fault on setSchedule
[2025-04-04 13:07:12.821] [osgp-cucumber-tests-platform-publiclighting-7x89j] [main] ERROR o.o.cucumber.core.Wait@handleException:151 - Caught an exception: [Received a SOAP fault on setSchedule that could be rejected because the CorrelationUid is unknown]
[2025-04-04 13:07:12.821] [osgp-cucumber-tests-platform-publiclighting-7x89j] [main] INFO o.o.cucumber.core.Wait@untilAndReturn:74 - ... polling in Wait.until (21 seconds) ...
[2025-04-04 13:07:13.334] [osgp-cucumber-tests-platform-publiclighting-7x89j] [main] INFO o.o.c.p.p.g.s.w.p.s.SetLightScheduleSteps@lambda$thePlatformBuffersASetLightScheduleResponseMessageForDevice$0:303 - Received a SOAP fault on setSchedule
[2025-04-04 13:07:13.334] [osgp-cucumber-tests-platform-publiclighting-7x89j] [main] ERROR o.o.cucumber.core.Wait@handleException:151 - Caught an exception: [Received a SOAP fault on setSchedule that could be rejected because the CorrelationUid is unknown]
[2025-04-04 13:07:13.334] [osgp-cucumber-tests-platform-publiclighting-7x89j] [main] INFO o.o.cucumber.core.Wait@untilAndReturn:74 - ... polling in Wait.until (21 seconds) ...
[2025-04-04 13:07:13.847] [osgp-cucumber-tests-platform-publiclighting-7x89j] [main] INFO o.o.c.p.p.g.s.w.p.s.SetLightScheduleSteps@lambda$thePlatformBuffersASetLightScheduleResponseMessageForDevice$0:303 - Received a SOAP fault on setSchedule
[2025-04-04 13:07:13.847] [osgp-cucumber-tests-platform-publiclighting-7x89j] [main] ERROR o.o.cucumber.core.Wait@handleException:151 - Caught an exception: [Received a SOAP fault on setSchedule that could be rejected because the CorrelationUid is unknown]
[2025-04-04 13:07:13.847] [osgp-cucumber-tests-platform-publiclighting-7x89j] [main] INFO o.o.cucumber.core.Wait@untilAndReturn:74 - ... polling in Wait.until (22 seconds) ...
[2025-04-04 13:07:14.360] [osgp-cucumber-tests-platform-publiclighting-7x89j] [main] INFO o.o.c.p.p.g.s.w.p.s.SetLightScheduleSteps@lambda$thePlatformBuffersASetLightScheduleResponseMessageForDevice$0:303 - Received a SOAP fault on setSchedule
[2025-04-04 13:07:14.360] [osgp-cucumber-tests-platform-publiclighting-7x89j] [main] ERROR o.o.cucumber.core.Wait@handleException:151 - Caught an exception: [Received a SOAP fault on setSchedule that could be rejected because the CorrelationUid is unknown]
[2025-04-04 13:07:14.360] [osgp-cucumber-tests-platform-publiclighting-7x89j] [main] INFO o.o.cucumber.core.Wait@untilAndReturn:74 - ... polling in Wait.until (22 seconds) ...
[2025-04-04 13:07:14.887] [osgp-cucumber-tests-platform-publiclighting-7x89j] [main] INFO o.o.c.p.p.g.s.w.p.s.SetLightScheduleSteps@lambda$thePlatformBuffersASetLightScheduleResponseMessageForDevice$0:303 - Received a SOAP fault on setSchedule
[2025-04-04 13:07:14.887] [osgp-cucumber-tests-platform-publiclighting-7x89j] [main] ERROR o.o.cucumber.core.Wait@handleException:151 - Caught an exception: [Received a SOAP fault on setSchedule that could be rejected because the CorrelationUid is unknown]
[2025-04-04 13:07:14.887] [osgp-cucumber-tests-platform-publiclighting-7x89j] [main] INFO o.o.cucumber.core.Wait@untilAndReturn:74 - ... polling in Wait.until (23 seconds) ...
[2025-04-04 13:07:15.401] [osgp-cucumber-tests-platform-publiclighting-7x89j] [main] INFO o.o.c.p.p.g.s.w.p.s.SetLightScheduleSteps@lambda$thePlatformBuffersASetLightScheduleResponseMessageForDevice$0:303 - Received a SOAP fault on setSchedule
[2025-04-04 13:07:15.401] [osgp-cucumber-tests-platform-publiclighting-7x89j] [main] ERROR o.o.cucumber.core.Wait@handleException:151 - Caught an exception: [Received a SOAP fault on setSchedule that could be rejected because the CorrelationUid is unknown]
[2025-04-04 13:07:15.401] [osgp-cucumber-tests-platform-publiclighting-7x89j] [main] INFO o.o.cucumber.core.Wait@untilAndReturn:74 - ... polling in Wait.until (23 seconds) ...
[2025-04-04 13:07:15.914] [osgp-cucumber-tests-platform-publiclighting-7x89j] [main] INFO o.o.c.p.p.g.s.w.p.s.SetLightScheduleSteps@lambda$thePlatformBuffersASetLightScheduleResponseMessageForDevice$0:303 - Received a SOAP fault on setSchedule
[2025-04-04 13:07:15.914] [osgp-cucumber-tests-platform-publiclighting-7x89j] [main] ERROR o.o.cucumber.core.Wait@handleException:151 - Caught an exception: [Received a SOAP fault on setSchedule that could be rejected because the CorrelationUid is unknown]
[2025-04-04 13:07:15.914] [osgp-cucumber-tests-platform-publiclighting-7x89j] [main] INFO o.o.cucumber.core.Wait@untilAndReturn:74 - ... polling in Wait.until (24 seconds) ...
[2025-04-04 13:07:16.427] [osgp-cucumber-tests-platform-publiclighting-7x89j] [main] INFO o.o.c.p.p.g.s.w.p.s.SetLightScheduleSteps@lambda$thePlatformBuffersASetLightScheduleResponseMessageForDevice$0:303 - Received a SOAP fault on setSchedule
[2025-04-04 13:07:16.427] [osgp-cucumber-tests-platform-publiclighting-7x89j] [main] ERROR o.o.cucumber.core.Wait@handleException:151 - Caught an exception: [Received a SOAP fault on setSchedule that could be rejected because the CorrelationUid is unknown]
[2025-04-04 13:07:16.427] [osgp-cucumber-tests-platform-publiclighting-7x89j] [main] INFO o.o.cucumber.core.Wait@untilAndReturn:74 - ... polling in Wait.until (24 seconds) ...
[2025-04-04 13:07:16.940] [osgp-cucumber-tests-platform-publiclighting-7x89j] [main] INFO o.o.c.p.p.g.s.w.p.s.SetLightScheduleSteps@lambda$thePlatformBuffersASetLightScheduleResponseMessageForDevice$0:303 - Received a SOAP fault on setSchedule
[2025-04-04 13:07:16.940] [osgp-cucumber-tests-platform-publiclighting-7x89j] [main] ERROR o.o.cucumber.core.Wait@handleException:151 - Caught an exception: [Received a SOAP fault on setSchedule that could be rejected because the CorrelationUid is unknown]
[2025-04-04 13:07:16.940] [osgp-cucumber-tests-platform-publiclighting-7x89j] [main] INFO o.o.cucumber.core.Wait@untilAndReturn:74 - ... polling in Wait.until (25 seconds) ...
[2025-04-04 13:07:17.453] [osgp-cucumber-tests-platform-publiclighting-7x89j] [main] INFO o.o.c.p.p.g.s.w.p.s.SetLightScheduleSteps@lambda$thePlatformBuffersASetLightScheduleResponseMessageForDevice$0:303 - Received a SOAP fault on setSchedule
[2025-04-04 13:07:17.453] [osgp-cucumber-tests-platform-publiclighting-7x89j] [main] ERROR o.o.cucumber.core.Wait@handleException:151 - Caught an exception: [Received a SOAP fault on setSchedule that could be rejected because the CorrelationUid is unknown]
[2025-04-04 13:07:17.453] [osgp-cucumber-tests-platform-publiclighting-7x89j] [main] INFO o.o.cucumber.core.Wait@untilAndReturn:74 - ... polling in Wait.until (25 seconds) ...
[2025-04-04 13:07:17.966] [osgp-cucumber-tests-platform-publiclighting-7x89j] [main] INFO o.o.c.p.p.g.s.w.p.s.SetLightScheduleSteps@lambda$thePlatformBuffersASetLightScheduleResponseMessageForDevice$0:303 - Received a SOAP fault on setSchedule
[2025-04-04 13:07:17.966] [osgp-cucumber-tests-platform-publiclighting-7x89j] [main] ERROR o.o.cucumber.core.Wait@handleException:151 - Caught an exception: [Received a SOAP fault on setSchedule that could be rejected because the CorrelationUid is unknown]
[2025-04-04 13:07:17.966] [osgp-cucumber-tests-platform-publiclighting-7x89j] [main] INFO o.o.cucumber.core.Wait@untilAndReturn:74 - ... polling in Wait.until (26 seconds) ...
[2025-04-04 13:07:18.478] [osgp-cucumber-tests-platform-publiclighting-7x89j] [main] INFO o.o.c.p.p.g.s.w.p.s.SetLightScheduleSteps@lambda$thePlatformBuffersASetLightScheduleResponseMessageForDevice$0:303 - Received a SOAP fault on setSchedule
[2025-04-04 13:07:18.478] [osgp-cucumber-tests-platform-publiclighting-7x89j] [main] ERROR o.o.cucumber.core.Wait@handleException:151 - Caught an exception: [Received a SOAP fault on setSchedule that could be rejected because the CorrelationUid is unknown]
[2025-04-04 13:07:18.478] [osgp-cucumber-tests-platform-publiclighting-7x89j] [main] INFO o.o.cucumber.core.Wait@untilAndReturn:74 - ... polling in Wait.until (26 seconds) ...
[2025-04-04 13:07:18.991] [osgp-cucumber-tests-platform-publiclighting-7x89j] [main] INFO o.o.c.p.p.g.s.w.p.s.SetLightScheduleSteps@lambda$thePlatformBuffersASetLightScheduleResponseMessageForDevice$0:303 - Received a SOAP fault on setSchedule
[2025-04-04 13:07:18.991] [osgp-cucumber-tests-platform-publiclighting-7x89j] [main] ERROR o.o.cucumber.core.Wait@handleException:151 - Caught an exception: [Received a SOAP fault on setSchedule that could be rejected because the CorrelationUid is unknown]
[2025-04-04 13:07:18.991] [osgp-cucumber-tests-platform-publiclighting-7x89j] [main] INFO o.o.cucumber.core.Wait@untilAndReturn:74 - ... polling in Wait.until (27 seconds) ...
[2025-04-04 13:07:19.504] [osgp-cucumber-tests-platform-publiclighting-7x89j] [main] INFO o.o.c.p.p.g.s.w.p.s.SetLightScheduleSteps@lambda$thePlatformBuffersASetLightScheduleResponseMessageForDevice$0:303 - Received a SOAP fault on setSchedule
[2025-04-04 13:07:19.504] [osgp-cucumber-tests-platform-publiclighting-7x89j] [main] ERROR o.o.cucumber.core.Wait@handleException:151 - Caught an exception: [Received a SOAP fault on setSchedule that could be rejected because the CorrelationUid is unknown]
[2025-04-04 13:07:19.505] [osgp-cucumber-tests-platform-publiclighting-7x89j] [main] INFO o.o.cucumber.core.Wait@untilAndReturn:74 - ... polling in Wait.until (27 seconds) ...
[2025-04-04 13:07:20.018] [osgp-cucumber-tests-platform-publiclighting-7x89j] [main] INFO o.o.c.p.p.g.s.w.p.s.SetLightScheduleSteps@lambda$thePlatformBuffersASetLightScheduleResponseMessageForDevice$0:303 - Received a SOAP fault on setSchedule
[2025-04-04 13:07:20.018] [osgp-cucumber-tests-platform-publiclighting-7x89j] [main] ERROR o.o.cucumber.core.Wait@handleException:151 - Caught an exception: [Received a SOAP fault on setSchedule that could be rejected because the CorrelationUid is unknown]
[2025-04-04 13:07:20.019] [osgp-cucumber-tests-platform-publiclighting-7x89j] [main] INFO o.o.cucumber.core.Wait@untilAndReturn:74 - ... polling in Wait.until (28 seconds) ...
[2025-04-04 13:07:20.532] [osgp-cucumber-tests-platform-publiclighting-7x89j] [main] INFO o.o.c.p.p.g.s.w.p.s.SetLightScheduleSteps@lambda$thePlatformBuffersASetLightScheduleResponseMessageForDevice$0:303 - Received a SOAP fault on setSchedule
[2025-04-04 13:07:20.532] [osgp-cucumber-tests-platform-publiclighting-7x89j] [main] ERROR o.o.cucumber.core.Wait@handleException:151 - Caught an exception: [Received a SOAP fault on setSchedule that could be rejected because the CorrelationUid is unknown]
[2025-04-04 13:07:20.532] [osgp-cucumber-tests-platform-publiclighting-7x89j] [main] INFO o.o.cucumber.core.Wait@untilAndReturn:74 - ... polling in Wait.until (28 seconds) ...
[2025-04-04 13:07:21.044] [osgp-cucumber-tests-platform-publiclighting-7x89j] [main] INFO o.o.c.p.p.g.s.w.p.s.SetLightScheduleSteps@lambda$thePlatformBuffersASetLightScheduleResponseMessageForDevice$0:303 - Received a SOAP fault on setSchedule
[2025-04-04 13:07:21.044] [osgp-cucumber-tests-platform-publiclighting-7x89j] [main] ERROR o.o.cucumber.core.Wait@handleException:151 - Caught an exception: [Received a SOAP fault on setSchedule that could be rejected because the CorrelationUid is unknown]
[2025-04-04 13:07:21.045] [osgp-cucumber-tests-platform-publiclighting-7x89j] [main] INFO o.o.cucumber.core.Wait@untilAndReturn:74 - ... polling in Wait.until (29 seconds) ...
[2025-04-04 13:07:21.557] [osgp-cucumber-tests-platform-publiclighting-7x89j] [main] INFO o.o.c.p.p.g.s.w.p.s.SetLightScheduleSteps@lambda$thePlatformBuffersASetLightScheduleResponseMessageForDevice$0:303 - Received a SOAP fault on setSchedule
[2025-04-04 13:07:21.557] [osgp-cucumber-tests-platform-publiclighting-7x89j] [main] ERROR o.o.cucumber.core.Wait@handleException:151 - Caught an exception: [Received a SOAP fault on setSchedule that could be rejected because the CorrelationUid is unknown]
[2025-04-04 13:07:21.557] [osgp-cucumber-tests-platform-publiclighting-7x89j] [main] INFO o.o.cucumber.core.Wait@untilAndReturn:74 - ... polling in Wait.until (29 seconds) ...
]]></system-out>
  <system-err><![CDATA[]]></system-err>
</testsuite>
