<?xml version="1.0" encoding="UTF-8" ?>
<testsuite errors="0" failures="1" hostname="osgp-cucumber-tests-platform-publiclighting-7x89j" name="Succesfully receive multiple event notifications in one request(OslpAdapter Event notifications)" skipped="0" tests="1" time="0.044" timestamp="2025-04-04T13:34:14">
  <properties />
  <testcase classname="org.opensmartgridplatform.cucumber.execution.DescriptionAsTest" name="Succesfully receive multiple event notifications in one request(OslpAdapter Event notifications)" time="0.044">
    <error message="Unable to connect" type="java.io.IOException">java.io.IOException: Unable to connect
	at org.opensmartgridplatform.cucumber.platform.publiclighting.mocks.oslpdevice.MockOslpChannelHandler.send(MockOslpChannelHandler.java:342)
	at org.opensmartgridplatform.cucumber.platform.publiclighting.mocks.oslpdevice.MockOslpServer.send(MockOslpServer.java:224)
	at org.opensmartgridplatform.cucumber.platform.publiclighting.glue.steps.mocks.OslpDeviceSteps.send(OslpDeviceSteps.java:1473)
	at org.opensmartgridplatform.cucumber.platform.publiclighting.glue.steps.mocks.OslpDeviceSteps.theDeviceSendsMultipleEventNotificationsRequestToThePlatform(OslpDeviceSteps.java:1374)
	at ✽.the device sends multiple event notifications request to the platform over &quot;OSLP ELSTER&quot;(classpath:features/publiclighting/protocol-adapter-oslp/EventNotifications.feature:57)
</error>
  </testcase>
  <system-out><![CDATA[[2025-04-04 13:34:14.847] [osgp-cucumber-tests-platform-publiclighting-7x89j] [main] INFO o.o.c.platform.database.CoreDatabase@batchDeleteAll:131 - Starting batchDeleteAll()
[2025-04-04 13:34:14.852] [osgp-cucumber-tests-platform-publiclighting-7x89j] [main] INFO o.o.c.platform.database.CoreDatabase@normalDeleteAll:154 - Starting normalDeleteAll()
[2025-04-04 13:34:14.886] [osgp-cucumber-tests-platform-publiclighting-7x89j] [main] WARN o.o.c.p.p.m.o.MockOslpChannelHandler@send:341 - Unable to connect to: httpd:443/<unresolved>:12122
]]></system-out>
  <system-err><![CDATA[]]></system-err>
</testsuite>
