<?xml version="1.0" encoding="UTF-8" ?>
<testsuite errors="0" failures="1" hostname="osgp-cucumber-tests-platform-publiclighting-7x89j" name="Set reverse tariff schedule(TariffSwitchingScheduleManagement Set Reverse Tariff Schedule)" skipped="0" tests="1" time="31.594" timestamp="2025-04-04T13:30:24">
  <properties />
  <testcase classname="org.opensmartgridplatform.cucumber.execution.DescriptionAsTest" name="Set reverse tariff schedule(TariffSwitchingScheduleManagement Set Reverse Tariff Schedule)" time="31.594">
    <error message="Timeout after [30] seconds." type="org.opentest4j.AssertionFailedError">org.opentest4j.AssertionFailedError: Timeout after [30] seconds.
	at org.opensmartgridplatform.cucumber.core.Wait.untilAndReturn(Wait.java:53)
	at org.opensmartgridplatform.cucumber.platform.publiclighting.glue.steps.ws.tariffswitching.schedulemanagement.SetTariffScheduleSteps.thePlatformBuffersASetTariffScheduleResponseMessageForDevice(SetTariffScheduleSteps.java:236)
	at org.opensmartgridplatform.cucumber.platform.publiclighting.glue.steps.ws.tariffswitching.schedulemanagement.SetReverseTariffScheduleSteps.thePlatformBuffersASetReverseTariffScheduleResponseMessageForDevice(SetReverseTariffScheduleSteps.java:62)
	at ✽.the platform buffers a set reverse tariff schedule response message for device &quot;TEST1024000000001&quot;(classpath:features/publiclighting/osgp-adapter-ws-tariffswitching/ScheduleManagement/SetReverseTariffSchedule.feature:33)
</error>
  </testcase>
  <system-out><![CDATA[[2025-04-04 13:30:24.987] [osgp-cucumber-tests-platform-publiclighting-7x89j] [main] INFO o.o.c.platform.database.CoreDatabase@batchDeleteAll:131 - Starting batchDeleteAll()
[2025-04-04 13:30:25.001] [osgp-cucumber-tests-platform-publiclighting-7x89j] [main] INFO o.o.c.platform.database.CoreDatabase@normalDeleteAll:154 - Starting normalDeleteAll()
[2025-04-04 13:30:25.034] [osgp-cucumber-tests-platform-publiclighting-7x89j] [main] INFO o.o.c.p.p.m.o.MockOslpServer@mockSetScheduleResponse:611 - Mocking response for device dGVzdDEyMzQ1Njc4 of message type: SET_TARIFF_SCHEDULE
[2025-04-04 13:30:25.134] [osgp-cucumber-tests-platform-publiclighting-7x89j] [main] INFO o.o.c.p.p.g.s.w.t.s.SetTariffScheduleSteps@theSetTariffScheduleAsyncResponseContains:212 - Got CorrelationUid: [test-org|||TEST1024000000001|||20250404133025056|||17e11e69-1f46-4aab-9da7-8d9e0e080df3]
[2025-04-04 13:30:25.135] [osgp-cucumber-tests-platform-publiclighting-7x89j] [main] INFO o.o.c.p.p.m.o.MockOslpServer@waitForRequest:187 - Device dGVzdDEyMzQ1Njc4 is waiting for request of message type: SET_TARIFF_SCHEDULE, receivedResponses: 0
[2025-04-04 13:30:25.135] [osgp-cucumber-tests-platform-publiclighting-7x89j] [main] INFO o.o.c.p.p.m.o.MockOslpServer@waitForRequest:199 - Sleeping 1s 1 - Device dGVzdDEyMzQ1Njc4 is waiting for a request of message type: SET_TARIFF_SCHEDULE
[2025-04-04 13:30:25.495] [osgp-cucumber-tests-platform-publiclighting-7x89j] [disposableNioEventLoopGroup-6-27] INFO o.o.c.p.p.m.o.MockOslpChannelHandler@handleRequest:403 - Device dGVzdDEyMzQ1Njc4 received [setScheduleRequest {
  schedules {
    weekday: ABSOLUTEDAY
    startDay: "20160101"
    endDay: "20161231"
    actionTime: ABSOLUTETIME
    time: "180000"
    value {
      index: "\000"
      on: true
    }
  }
  scheduleType: TARIFF
}
], sequence number [[0, 0]]
[2025-04-04 13:30:25.496] [osgp-cucumber-tests-platform-publiclighting-7x89j] [disposableNioEventLoopGroup-6-27] INFO o.o.c.p.p.m.o.MockOslpChannelHandler@handleRequest:425 - Device dGVzdDEyMzQ1Njc4 mocked response: [setScheduleResponse {
  status: OK
}
]
[2025-04-04 13:30:26.135] [osgp-cucumber-tests-platform-publiclighting-7x89j] [main] INFO o.o.c.p.p.m.o.MockOslpServer@waitForRequest:214 - Device dGVzdDEyMzQ1Njc4 received a request of message type: SET_TARIFF_SCHEDULE
[2025-04-04 13:30:26.150] [osgp-cucumber-tests-platform-publiclighting-7x89j] [main] ERROR o.o.cucumber.core.Wait@handleException:151 - Caught an exception: [CorrelationUid is unknown.]
[2025-04-04 13:30:26.150] [osgp-cucumber-tests-platform-publiclighting-7x89j] [main] INFO o.o.cucumber.core.Wait@untilAndReturn:74 - ... polling in Wait.until (0 seconds) ...
[2025-04-04 13:30:26.664] [osgp-cucumber-tests-platform-publiclighting-7x89j] [main] ERROR o.o.cucumber.core.Wait@handleException:151 - Caught an exception: [CorrelationUid is unknown.]
[2025-04-04 13:30:26.664] [osgp-cucumber-tests-platform-publiclighting-7x89j] [main] INFO o.o.cucumber.core.Wait@untilAndReturn:74 - ... polling in Wait.until (0 seconds) ...
[2025-04-04 13:30:27.178] [osgp-cucumber-tests-platform-publiclighting-7x89j] [main] ERROR o.o.cucumber.core.Wait@handleException:151 - Caught an exception: [CorrelationUid is unknown.]
[2025-04-04 13:30:27.179] [osgp-cucumber-tests-platform-publiclighting-7x89j] [main] INFO o.o.cucumber.core.Wait@untilAndReturn:74 - ... polling in Wait.until (1 seconds) ...
[2025-04-04 13:30:27.694] [osgp-cucumber-tests-platform-publiclighting-7x89j] [main] ERROR o.o.cucumber.core.Wait@handleException:151 - Caught an exception: [CorrelationUid is unknown.]
[2025-04-04 13:30:27.694] [osgp-cucumber-tests-platform-publiclighting-7x89j] [main] INFO o.o.cucumber.core.Wait@untilAndReturn:74 - ... polling in Wait.until (1 seconds) ...
[2025-04-04 13:30:28.209] [osgp-cucumber-tests-platform-publiclighting-7x89j] [main] ERROR o.o.cucumber.core.Wait@handleException:151 - Caught an exception: [CorrelationUid is unknown.]
[2025-04-04 13:30:28.209] [osgp-cucumber-tests-platform-publiclighting-7x89j] [main] INFO o.o.cucumber.core.Wait@untilAndReturn:74 - ... polling in Wait.until (2 seconds) ...
[2025-04-04 13:30:28.724] [osgp-cucumber-tests-platform-publiclighting-7x89j] [main] ERROR o.o.cucumber.core.Wait@handleException:151 - Caught an exception: [CorrelationUid is unknown.]
[2025-04-04 13:30:28.724] [osgp-cucumber-tests-platform-publiclighting-7x89j] [main] INFO o.o.cucumber.core.Wait@untilAndReturn:74 - ... polling in Wait.until (2 seconds) ...
[2025-04-04 13:30:29.238] [osgp-cucumber-tests-platform-publiclighting-7x89j] [main] ERROR o.o.cucumber.core.Wait@handleException:151 - Caught an exception: [CorrelationUid is unknown.]
[2025-04-04 13:30:29.238] [osgp-cucumber-tests-platform-publiclighting-7x89j] [main] INFO o.o.cucumber.core.Wait@untilAndReturn:74 - ... polling in Wait.until (3 seconds) ...
[2025-04-04 13:30:29.754] [osgp-cucumber-tests-platform-publiclighting-7x89j] [main] ERROR o.o.cucumber.core.Wait@handleException:151 - Caught an exception: [CorrelationUid is unknown.]
[2025-04-04 13:30:29.754] [osgp-cucumber-tests-platform-publiclighting-7x89j] [main] INFO o.o.cucumber.core.Wait@untilAndReturn:74 - ... polling in Wait.until (3 seconds) ...
[2025-04-04 13:30:30.269] [osgp-cucumber-tests-platform-publiclighting-7x89j] [main] ERROR o.o.cucumber.core.Wait@handleException:151 - Caught an exception: [CorrelationUid is unknown.]
[2025-04-04 13:30:30.269] [osgp-cucumber-tests-platform-publiclighting-7x89j] [main] INFO o.o.cucumber.core.Wait@untilAndReturn:74 - ... polling in Wait.until (4 seconds) ...
[2025-04-04 13:30:30.783] [osgp-cucumber-tests-platform-publiclighting-7x89j] [main] ERROR o.o.cucumber.core.Wait@handleException:151 - Caught an exception: [CorrelationUid is unknown.]
[2025-04-04 13:30:30.784] [osgp-cucumber-tests-platform-publiclighting-7x89j] [main] INFO o.o.cucumber.core.Wait@untilAndReturn:74 - ... polling in Wait.until (4 seconds) ...
[2025-04-04 13:30:31.297] [osgp-cucumber-tests-platform-publiclighting-7x89j] [main] ERROR o.o.cucumber.core.Wait@handleException:151 - Caught an exception: [CorrelationUid is unknown.]
[2025-04-04 13:30:31.298] [osgp-cucumber-tests-platform-publiclighting-7x89j] [main] INFO o.o.cucumber.core.Wait@untilAndReturn:74 - ... polling in Wait.until (5 seconds) ...
[2025-04-04 13:30:31.812] [osgp-cucumber-tests-platform-publiclighting-7x89j] [main] ERROR o.o.cucumber.core.Wait@handleException:151 - Caught an exception: [CorrelationUid is unknown.]
[2025-04-04 13:30:31.812] [osgp-cucumber-tests-platform-publiclighting-7x89j] [main] INFO o.o.cucumber.core.Wait@untilAndReturn:74 - ... polling in Wait.until (5 seconds) ...
[2025-04-04 13:30:32.327] [osgp-cucumber-tests-platform-publiclighting-7x89j] [main] ERROR o.o.cucumber.core.Wait@handleException:151 - Caught an exception: [CorrelationUid is unknown.]
[2025-04-04 13:30:32.327] [osgp-cucumber-tests-platform-publiclighting-7x89j] [main] INFO o.o.cucumber.core.Wait@untilAndReturn:74 - ... polling in Wait.until (6 seconds) ...
[2025-04-04 13:30:32.847] [osgp-cucumber-tests-platform-publiclighting-7x89j] [main] ERROR o.o.cucumber.core.Wait@handleException:151 - Caught an exception: [CorrelationUid is unknown.]
[2025-04-04 13:30:32.847] [osgp-cucumber-tests-platform-publiclighting-7x89j] [main] INFO o.o.cucumber.core.Wait@untilAndReturn:74 - ... polling in Wait.until (6 seconds) ...
[2025-04-04 13:30:33.380] [osgp-cucumber-tests-platform-publiclighting-7x89j] [main] ERROR o.o.cucumber.core.Wait@handleException:151 - Caught an exception: [CorrelationUid is unknown.]
[2025-04-04 13:30:33.381] [osgp-cucumber-tests-platform-publiclighting-7x89j] [main] INFO o.o.cucumber.core.Wait@untilAndReturn:74 - ... polling in Wait.until (7 seconds) ...
[2025-04-04 13:30:33.896] [osgp-cucumber-tests-platform-publiclighting-7x89j] [main] ERROR o.o.cucumber.core.Wait@handleException:151 - Caught an exception: [CorrelationUid is unknown.]
[2025-04-04 13:30:33.896] [osgp-cucumber-tests-platform-publiclighting-7x89j] [main] INFO o.o.cucumber.core.Wait@untilAndReturn:74 - ... polling in Wait.until (7 seconds) ...
[2025-04-04 13:30:34.410] [osgp-cucumber-tests-platform-publiclighting-7x89j] [main] ERROR o.o.cucumber.core.Wait@handleException:151 - Caught an exception: [CorrelationUid is unknown.]
[2025-04-04 13:30:34.411] [osgp-cucumber-tests-platform-publiclighting-7x89j] [main] INFO o.o.cucumber.core.Wait@untilAndReturn:74 - ... polling in Wait.until (8 seconds) ...
[2025-04-04 13:30:34.925] [osgp-cucumber-tests-platform-publiclighting-7x89j] [main] ERROR o.o.cucumber.core.Wait@handleException:151 - Caught an exception: [CorrelationUid is unknown.]
[2025-04-04 13:30:34.926] [osgp-cucumber-tests-platform-publiclighting-7x89j] [main] INFO o.o.cucumber.core.Wait@untilAndReturn:74 - ... polling in Wait.until (8 seconds) ...
[2025-04-04 13:30:35.440] [osgp-cucumber-tests-platform-publiclighting-7x89j] [main] ERROR o.o.cucumber.core.Wait@handleException:151 - Caught an exception: [CorrelationUid is unknown.]
[2025-04-04 13:30:35.440] [osgp-cucumber-tests-platform-publiclighting-7x89j] [main] INFO o.o.cucumber.core.Wait@untilAndReturn:74 - ... polling in Wait.until (9 seconds) ...
[2025-04-04 13:30:35.955] [osgp-cucumber-tests-platform-publiclighting-7x89j] [main] ERROR o.o.cucumber.core.Wait@handleException:151 - Caught an exception: [CorrelationUid is unknown.]
[2025-04-04 13:30:35.955] [osgp-cucumber-tests-platform-publiclighting-7x89j] [main] INFO o.o.cucumber.core.Wait@untilAndReturn:74 - ... polling in Wait.until (9 seconds) ...
[2025-04-04 13:30:36.468] [osgp-cucumber-tests-platform-publiclighting-7x89j] [main] ERROR o.o.cucumber.core.Wait@handleException:151 - Caught an exception: [CorrelationUid is unknown.]
[2025-04-04 13:30:36.468] [osgp-cucumber-tests-platform-publiclighting-7x89j] [main] INFO o.o.cucumber.core.Wait@untilAndReturn:74 - ... polling in Wait.until (10 seconds) ...
[2025-04-04 13:30:36.982] [osgp-cucumber-tests-platform-publiclighting-7x89j] [main] ERROR o.o.cucumber.core.Wait@handleException:151 - Caught an exception: [CorrelationUid is unknown.]
[2025-04-04 13:30:36.983] [osgp-cucumber-tests-platform-publiclighting-7x89j] [main] INFO o.o.cucumber.core.Wait@untilAndReturn:74 - ... polling in Wait.until (10 seconds) ...
[2025-04-04 13:30:37.497] [osgp-cucumber-tests-platform-publiclighting-7x89j] [main] ERROR o.o.cucumber.core.Wait@handleException:151 - Caught an exception: [CorrelationUid is unknown.]
[2025-04-04 13:30:37.497] [osgp-cucumber-tests-platform-publiclighting-7x89j] [main] INFO o.o.cucumber.core.Wait@untilAndReturn:74 - ... polling in Wait.until (11 seconds) ...
[2025-04-04 13:30:38.013] [osgp-cucumber-tests-platform-publiclighting-7x89j] [main] ERROR o.o.cucumber.core.Wait@handleException:151 - Caught an exception: [CorrelationUid is unknown.]
[2025-04-04 13:30:38.013] [osgp-cucumber-tests-platform-publiclighting-7x89j] [main] INFO o.o.cucumber.core.Wait@untilAndReturn:74 - ... polling in Wait.until (11 seconds) ...
[2025-04-04 13:30:38.528] [osgp-cucumber-tests-platform-publiclighting-7x89j] [main] ERROR o.o.cucumber.core.Wait@handleException:151 - Caught an exception: [CorrelationUid is unknown.]
[2025-04-04 13:30:38.528] [osgp-cucumber-tests-platform-publiclighting-7x89j] [main] INFO o.o.cucumber.core.Wait@untilAndReturn:74 - ... polling in Wait.until (12 seconds) ...
[2025-04-04 13:30:39.048] [osgp-cucumber-tests-platform-publiclighting-7x89j] [main] ERROR o.o.cucumber.core.Wait@handleException:151 - Caught an exception: [CorrelationUid is unknown.]
[2025-04-04 13:30:39.049] [osgp-cucumber-tests-platform-publiclighting-7x89j] [main] INFO o.o.cucumber.core.Wait@untilAndReturn:74 - ... polling in Wait.until (12 seconds) ...
[2025-04-04 13:30:39.563] [osgp-cucumber-tests-platform-publiclighting-7x89j] [main] ERROR o.o.cucumber.core.Wait@handleException:151 - Caught an exception: [CorrelationUid is unknown.]
[2025-04-04 13:30:39.563] [osgp-cucumber-tests-platform-publiclighting-7x89j] [main] INFO o.o.cucumber.core.Wait@untilAndReturn:74 - ... polling in Wait.until (13 seconds) ...
[2025-04-04 13:30:40.078] [osgp-cucumber-tests-platform-publiclighting-7x89j] [main] ERROR o.o.cucumber.core.Wait@handleException:151 - Caught an exception: [CorrelationUid is unknown.]
[2025-04-04 13:30:40.079] [osgp-cucumber-tests-platform-publiclighting-7x89j] [main] INFO o.o.cucumber.core.Wait@untilAndReturn:74 - ... polling in Wait.until (13 seconds) ...
[2025-04-04 13:30:40.593] [osgp-cucumber-tests-platform-publiclighting-7x89j] [main] ERROR o.o.cucumber.core.Wait@handleException:151 - Caught an exception: [CorrelationUid is unknown.]
[2025-04-04 13:30:40.593] [osgp-cucumber-tests-platform-publiclighting-7x89j] [main] INFO o.o.cucumber.core.Wait@untilAndReturn:74 - ... polling in Wait.until (14 seconds) ...
[2025-04-04 13:30:41.109] [osgp-cucumber-tests-platform-publiclighting-7x89j] [main] ERROR o.o.cucumber.core.Wait@handleException:151 - Caught an exception: [CorrelationUid is unknown.]
[2025-04-04 13:30:41.109] [osgp-cucumber-tests-platform-publiclighting-7x89j] [main] INFO o.o.cucumber.core.Wait@untilAndReturn:74 - ... polling in Wait.until (14 seconds) ...
[2025-04-04 13:30:41.625] [osgp-cucumber-tests-platform-publiclighting-7x89j] [main] ERROR o.o.cucumber.core.Wait@handleException:151 - Caught an exception: [CorrelationUid is unknown.]
[2025-04-04 13:30:41.626] [osgp-cucumber-tests-platform-publiclighting-7x89j] [main] INFO o.o.cucumber.core.Wait@untilAndReturn:74 - ... polling in Wait.until (15 seconds) ...
[2025-04-04 13:30:42.140] [osgp-cucumber-tests-platform-publiclighting-7x89j] [main] ERROR o.o.cucumber.core.Wait@handleException:151 - Caught an exception: [CorrelationUid is unknown.]
[2025-04-04 13:30:42.140] [osgp-cucumber-tests-platform-publiclighting-7x89j] [main] INFO o.o.cucumber.core.Wait@untilAndReturn:74 - ... polling in Wait.until (16 seconds) ...
[2025-04-04 13:30:42.654] [osgp-cucumber-tests-platform-publiclighting-7x89j] [main] ERROR o.o.cucumber.core.Wait@handleException:151 - Caught an exception: [CorrelationUid is unknown.]
[2025-04-04 13:30:42.654] [osgp-cucumber-tests-platform-publiclighting-7x89j] [main] INFO o.o.cucumber.core.Wait@untilAndReturn:74 - ... polling in Wait.until (16 seconds) ...
[2025-04-04 13:30:43.168] [osgp-cucumber-tests-platform-publiclighting-7x89j] [main] ERROR o.o.cucumber.core.Wait@handleException:151 - Caught an exception: [CorrelationUid is unknown.]
[2025-04-04 13:30:43.169] [osgp-cucumber-tests-platform-publiclighting-7x89j] [main] INFO o.o.cucumber.core.Wait@untilAndReturn:74 - ... polling in Wait.until (17 seconds) ...
[2025-04-04 13:30:43.701] [osgp-cucumber-tests-platform-publiclighting-7x89j] [main] ERROR o.o.cucumber.core.Wait@handleException:151 - Caught an exception: [CorrelationUid is unknown.]
[2025-04-04 13:30:43.701] [osgp-cucumber-tests-platform-publiclighting-7x89j] [main] INFO o.o.cucumber.core.Wait@untilAndReturn:74 - ... polling in Wait.until (17 seconds) ...
[2025-04-04 13:30:44.215] [osgp-cucumber-tests-platform-publiclighting-7x89j] [main] ERROR o.o.cucumber.core.Wait@handleException:151 - Caught an exception: [CorrelationUid is unknown.]
[2025-04-04 13:30:44.216] [osgp-cucumber-tests-platform-publiclighting-7x89j] [main] INFO o.o.cucumber.core.Wait@untilAndReturn:74 - ... polling in Wait.until (18 seconds) ...
[2025-04-04 13:30:44.729] [osgp-cucumber-tests-platform-publiclighting-7x89j] [main] ERROR o.o.cucumber.core.Wait@handleException:151 - Caught an exception: [CorrelationUid is unknown.]
[2025-04-04 13:30:44.729] [osgp-cucumber-tests-platform-publiclighting-7x89j] [main] INFO o.o.cucumber.core.Wait@untilAndReturn:74 - ... polling in Wait.until (18 seconds) ...
[2025-04-04 13:30:45.243] [osgp-cucumber-tests-platform-publiclighting-7x89j] [main] ERROR o.o.cucumber.core.Wait@handleException:151 - Caught an exception: [CorrelationUid is unknown.]
[2025-04-04 13:30:45.243] [osgp-cucumber-tests-platform-publiclighting-7x89j] [main] INFO o.o.cucumber.core.Wait@untilAndReturn:74 - ... polling in Wait.until (19 seconds) ...
[2025-04-04 13:30:45.758] [osgp-cucumber-tests-platform-publiclighting-7x89j] [main] ERROR o.o.cucumber.core.Wait@handleException:151 - Caught an exception: [CorrelationUid is unknown.]
[2025-04-04 13:30:45.758] [osgp-cucumber-tests-platform-publiclighting-7x89j] [main] INFO o.o.cucumber.core.Wait@untilAndReturn:74 - ... polling in Wait.until (19 seconds) ...
[2025-04-04 13:30:46.272] [osgp-cucumber-tests-platform-publiclighting-7x89j] [main] ERROR o.o.cucumber.core.Wait@handleException:151 - Caught an exception: [CorrelationUid is unknown.]
[2025-04-04 13:30:46.272] [osgp-cucumber-tests-platform-publiclighting-7x89j] [main] INFO o.o.cucumber.core.Wait@untilAndReturn:74 - ... polling in Wait.until (20 seconds) ...
[2025-04-04 13:30:46.786] [osgp-cucumber-tests-platform-publiclighting-7x89j] [main] ERROR o.o.cucumber.core.Wait@handleException:151 - Caught an exception: [CorrelationUid is unknown.]
[2025-04-04 13:30:46.786] [osgp-cucumber-tests-platform-publiclighting-7x89j] [main] INFO o.o.cucumber.core.Wait@untilAndReturn:74 - ... polling in Wait.until (20 seconds) ...
[2025-04-04 13:30:47.300] [osgp-cucumber-tests-platform-publiclighting-7x89j] [main] ERROR o.o.cucumber.core.Wait@handleException:151 - Caught an exception: [CorrelationUid is unknown.]
[2025-04-04 13:30:47.301] [osgp-cucumber-tests-platform-publiclighting-7x89j] [main] INFO o.o.cucumber.core.Wait@untilAndReturn:74 - ... polling in Wait.until (21 seconds) ...
[2025-04-04 13:30:47.815] [osgp-cucumber-tests-platform-publiclighting-7x89j] [main] ERROR o.o.cucumber.core.Wait@handleException:151 - Caught an exception: [CorrelationUid is unknown.]
[2025-04-04 13:30:47.815] [osgp-cucumber-tests-platform-publiclighting-7x89j] [main] INFO o.o.cucumber.core.Wait@untilAndReturn:74 - ... polling in Wait.until (21 seconds) ...
[2025-04-04 13:30:48.328] [osgp-cucumber-tests-platform-publiclighting-7x89j] [main] ERROR o.o.cucumber.core.Wait@handleException:151 - Caught an exception: [CorrelationUid is unknown.]
[2025-04-04 13:30:48.328] [osgp-cucumber-tests-platform-publiclighting-7x89j] [main] INFO o.o.cucumber.core.Wait@untilAndReturn:74 - ... polling in Wait.until (22 seconds) ...
[2025-04-04 13:30:48.842] [osgp-cucumber-tests-platform-publiclighting-7x89j] [main] ERROR o.o.cucumber.core.Wait@handleException:151 - Caught an exception: [CorrelationUid is unknown.]
[2025-04-04 13:30:48.843] [osgp-cucumber-tests-platform-publiclighting-7x89j] [main] INFO o.o.cucumber.core.Wait@untilAndReturn:74 - ... polling in Wait.until (22 seconds) ...
[2025-04-04 13:30:49.358] [osgp-cucumber-tests-platform-publiclighting-7x89j] [main] ERROR o.o.cucumber.core.Wait@handleException:151 - Caught an exception: [CorrelationUid is unknown.]
[2025-04-04 13:30:49.358] [osgp-cucumber-tests-platform-publiclighting-7x89j] [main] INFO o.o.cucumber.core.Wait@untilAndReturn:74 - ... polling in Wait.until (23 seconds) ...
[2025-04-04 13:30:49.872] [osgp-cucumber-tests-platform-publiclighting-7x89j] [main] ERROR o.o.cucumber.core.Wait@handleException:151 - Caught an exception: [CorrelationUid is unknown.]
[2025-04-04 13:30:49.872] [osgp-cucumber-tests-platform-publiclighting-7x89j] [main] INFO o.o.cucumber.core.Wait@untilAndReturn:74 - ... polling in Wait.until (23 seconds) ...
[2025-04-04 13:30:50.385] [osgp-cucumber-tests-platform-publiclighting-7x89j] [main] ERROR o.o.cucumber.core.Wait@handleException:151 - Caught an exception: [CorrelationUid is unknown.]
[2025-04-04 13:30:50.386] [osgp-cucumber-tests-platform-publiclighting-7x89j] [main] INFO o.o.cucumber.core.Wait@untilAndReturn:74 - ... polling in Wait.until (24 seconds) ...
[2025-04-04 13:30:50.900] [osgp-cucumber-tests-platform-publiclighting-7x89j] [main] ERROR o.o.cucumber.core.Wait@handleException:151 - Caught an exception: [CorrelationUid is unknown.]
[2025-04-04 13:30:50.900] [osgp-cucumber-tests-platform-publiclighting-7x89j] [main] INFO o.o.cucumber.core.Wait@untilAndReturn:74 - ... polling in Wait.until (24 seconds) ...
[2025-04-04 13:30:51.413] [osgp-cucumber-tests-platform-publiclighting-7x89j] [main] ERROR o.o.cucumber.core.Wait@handleException:151 - Caught an exception: [CorrelationUid is unknown.]
[2025-04-04 13:30:51.414] [osgp-cucumber-tests-platform-publiclighting-7x89j] [main] INFO o.o.cucumber.core.Wait@untilAndReturn:74 - ... polling in Wait.until (25 seconds) ...
[2025-04-04 13:30:51.928] [osgp-cucumber-tests-platform-publiclighting-7x89j] [main] ERROR o.o.cucumber.core.Wait@handleException:151 - Caught an exception: [CorrelationUid is unknown.]
[2025-04-04 13:30:51.928] [osgp-cucumber-tests-platform-publiclighting-7x89j] [main] INFO o.o.cucumber.core.Wait@untilAndReturn:74 - ... polling in Wait.until (25 seconds) ...
[2025-04-04 13:30:52.442] [osgp-cucumber-tests-platform-publiclighting-7x89j] [main] ERROR o.o.cucumber.core.Wait@handleException:151 - Caught an exception: [CorrelationUid is unknown.]
[2025-04-04 13:30:52.442] [osgp-cucumber-tests-platform-publiclighting-7x89j] [main] INFO o.o.cucumber.core.Wait@untilAndReturn:74 - ... polling in Wait.until (26 seconds) ...
[2025-04-04 13:30:52.956] [osgp-cucumber-tests-platform-publiclighting-7x89j] [main] ERROR o.o.cucumber.core.Wait@handleException:151 - Caught an exception: [CorrelationUid is unknown.]
[2025-04-04 13:30:52.956] [osgp-cucumber-tests-platform-publiclighting-7x89j] [main] INFO o.o.cucumber.core.Wait@untilAndReturn:74 - ... polling in Wait.until (26 seconds) ...
[2025-04-04 13:30:53.475] [osgp-cucumber-tests-platform-publiclighting-7x89j] [main] ERROR o.o.cucumber.core.Wait@handleException:151 - Caught an exception: [CorrelationUid is unknown.]
[2025-04-04 13:30:53.475] [osgp-cucumber-tests-platform-publiclighting-7x89j] [main] INFO o.o.cucumber.core.Wait@untilAndReturn:74 - ... polling in Wait.until (27 seconds) ...
[2025-04-04 13:30:54.014] [osgp-cucumber-tests-platform-publiclighting-7x89j] [main] ERROR o.o.cucumber.core.Wait@handleException:151 - Caught an exception: [CorrelationUid is unknown.]
[2025-04-04 13:30:54.014] [osgp-cucumber-tests-platform-publiclighting-7x89j] [main] INFO o.o.cucumber.core.Wait@untilAndReturn:74 - ... polling in Wait.until (27 seconds) ...
[2025-04-04 13:30:54.533] [osgp-cucumber-tests-platform-publiclighting-7x89j] [main] ERROR o.o.cucumber.core.Wait@handleException:151 - Caught an exception: [CorrelationUid is unknown.]
[2025-04-04 13:30:54.533] [osgp-cucumber-tests-platform-publiclighting-7x89j] [main] INFO o.o.cucumber.core.Wait@untilAndReturn:74 - ... polling in Wait.until (28 seconds) ...
[2025-04-04 13:30:55.046] [osgp-cucumber-tests-platform-publiclighting-7x89j] [main] ERROR o.o.cucumber.core.Wait@handleException:151 - Caught an exception: [CorrelationUid is unknown.]
[2025-04-04 13:30:55.046] [osgp-cucumber-tests-platform-publiclighting-7x89j] [main] INFO o.o.cucumber.core.Wait@untilAndReturn:74 - ... polling in Wait.until (28 seconds) ...
[2025-04-04 13:30:55.561] [osgp-cucumber-tests-platform-publiclighting-7x89j] [main] ERROR o.o.cucumber.core.Wait@handleException:151 - Caught an exception: [CorrelationUid is unknown.]
[2025-04-04 13:30:55.561] [osgp-cucumber-tests-platform-publiclighting-7x89j] [main] INFO o.o.cucumber.core.Wait@untilAndReturn:74 - ... polling in Wait.until (29 seconds) ...
[2025-04-04 13:30:56.077] [osgp-cucumber-tests-platform-publiclighting-7x89j] [main] ERROR o.o.cucumber.core.Wait@handleException:151 - Caught an exception: [CorrelationUid is unknown.]
[2025-04-04 13:30:56.077] [osgp-cucumber-tests-platform-publiclighting-7x89j] [main] INFO o.o.cucumber.core.Wait@untilAndReturn:74 - ... polling in Wait.until (29 seconds) ...
]]></system-out>
  <system-err><![CDATA[]]></system-err>
</testsuite>
