<?xml version="1.0" encoding="UTF-8" ?>
<testsuite errors="0" failures="1" hostname="osgp-cucumber-tests-platform-publiclighting-7x89j" name="Rejected set light schedule(PublicLightingScheduleManagement Set Light Schedule)" skipped="0" tests="1" time="31.526" timestamp="2025-04-04T13:07:22">
  <properties />
  <testcase classname="org.opensmartgridplatform.cucumber.execution.DescriptionAsTest" name="Rejected set light schedule(PublicLightingScheduleManagement Set Light Schedule)" time="31.526">
    <error message="Timeout after [30] seconds." type="org.opentest4j.AssertionFailedError">org.opentest4j.AssertionFailedError: Timeout after [30] seconds.
	at org.opensmartgridplatform.cucumber.core.Wait.untilAndReturn(Wait.java:53)
	at org.opensmartgridplatform.cucumber.platform.publiclighting.glue.steps.ws.publiclighting.schedulemanagement.SetLightScheduleSteps.thePlatformBuffersASetLightScheduleResponseMessageForDevice(SetLightScheduleSteps.java:298)
	at ✽.the platform buffers a set light schedule response message for device &quot;TEST1024000000001&quot;(classpath:features/publiclighting/osgp-adapter-ws-publiclighting/ScheduleManagement/SetLightSchedule.feature:224)
</error>
  </testcase>
  <system-out><![CDATA[[2025-04-04 13:07:22.065] [osgp-cucumber-tests-platform-publiclighting-7x89j] [main] INFO o.o.c.platform.database.CoreDatabase@batchDeleteAll:131 - Starting batchDeleteAll()
[2025-04-04 13:07:22.079] [osgp-cucumber-tests-platform-publiclighting-7x89j] [main] INFO o.o.c.platform.database.CoreDatabase@normalDeleteAll:154 - Starting normalDeleteAll()
[2025-04-04 13:07:22.111] [osgp-cucumber-tests-platform-publiclighting-7x89j] [main] INFO o.o.c.p.p.m.o.MockOslpServer@mockSetScheduleResponse:611 - Mocking response for device dGVzdDEyMzQ1Njc4 of message type: SET_LIGHT_SCHEDULE
[2025-04-04 13:07:22.204] [osgp-cucumber-tests-platform-publiclighting-7x89j] [main] INFO o.o.c.p.p.g.s.w.p.s.SetLightScheduleSteps@theSetLightScheduleAsyncResponseContains:274 - Got CorrelationUid: [test-org|||TEST1024000000001|||20250404130722128|||943e5fa7-8e1e-464c-8f4d-b6017cea6a1a]
[2025-04-04 13:07:22.204] [osgp-cucumber-tests-platform-publiclighting-7x89j] [main] INFO o.o.c.p.p.m.o.MockOslpServer@waitForRequest:187 - Device dGVzdDEyMzQ1Njc4 is waiting for request of message type: SET_LIGHT_SCHEDULE, receivedResponses: 0
[2025-04-04 13:07:22.204] [osgp-cucumber-tests-platform-publiclighting-7x89j] [main] INFO o.o.c.p.p.m.o.MockOslpServer@waitForRequest:199 - Sleeping 1s 1 - Device dGVzdDEyMzQ1Njc4 is waiting for a request of message type: SET_LIGHT_SCHEDULE
[2025-04-04 13:07:22.734] [osgp-cucumber-tests-platform-publiclighting-7x89j] [disposableNioEventLoopGroup-6-22] INFO o.o.c.p.p.m.o.MockOslpChannelHandler@handleRequest:403 - Device dGVzdDEyMzQ1Njc4 received [setScheduleRequest {
  schedules {
    weekday: MONDAY
    actionTime: ABSOLUTETIME
    time: "180000"
    value {
      index: "\000"
      on: true
    }
  }
  scheduleType: LIGHT
}
], sequence number [[0, 0]]
[2025-04-04 13:07:22.735] [osgp-cucumber-tests-platform-publiclighting-7x89j] [disposableNioEventLoopGroup-6-22] INFO o.o.c.p.p.m.o.MockOslpChannelHandler@handleRequest:425 - Device dGVzdDEyMzQ1Njc4 mocked response: [setScheduleResponse {
  status: REJECTED
}
]
[2025-04-04 13:07:23.205] [osgp-cucumber-tests-platform-publiclighting-7x89j] [main] INFO o.o.c.p.p.m.o.MockOslpServer@waitForRequest:214 - Device dGVzdDEyMzQ1Njc4 received a request of message type: SET_LIGHT_SCHEDULE
[2025-04-04 13:07:23.218] [osgp-cucumber-tests-platform-publiclighting-7x89j] [main] INFO o.o.c.p.p.g.s.w.p.s.SetLightScheduleSteps@lambda$thePlatformBuffersASetLightScheduleResponseMessageForDevice$0:303 - Received a SOAP fault on setSchedule
[2025-04-04 13:07:23.218] [osgp-cucumber-tests-platform-publiclighting-7x89j] [main] ERROR o.o.cucumber.core.Wait@handleException:151 - Caught an exception: [Received a SOAP fault on setSchedule that could be rejected because the CorrelationUid is unknown]
[2025-04-04 13:07:23.218] [osgp-cucumber-tests-platform-publiclighting-7x89j] [main] INFO o.o.cucumber.core.Wait@untilAndReturn:74 - ... polling in Wait.until (0 seconds) ...
[2025-04-04 13:07:23.731] [osgp-cucumber-tests-platform-publiclighting-7x89j] [main] INFO o.o.c.p.p.g.s.w.p.s.SetLightScheduleSteps@lambda$thePlatformBuffersASetLightScheduleResponseMessageForDevice$0:303 - Received a SOAP fault on setSchedule
[2025-04-04 13:07:23.731] [osgp-cucumber-tests-platform-publiclighting-7x89j] [main] ERROR o.o.cucumber.core.Wait@handleException:151 - Caught an exception: [Received a SOAP fault on setSchedule that could be rejected because the CorrelationUid is unknown]
[2025-04-04 13:07:23.731] [osgp-cucumber-tests-platform-publiclighting-7x89j] [main] INFO o.o.cucumber.core.Wait@untilAndReturn:74 - ... polling in Wait.until (0 seconds) ...
[2025-04-04 13:07:24.244] [osgp-cucumber-tests-platform-publiclighting-7x89j] [main] INFO o.o.c.p.p.g.s.w.p.s.SetLightScheduleSteps@lambda$thePlatformBuffersASetLightScheduleResponseMessageForDevice$0:303 - Received a SOAP fault on setSchedule
[2025-04-04 13:07:24.244] [osgp-cucumber-tests-platform-publiclighting-7x89j] [main] ERROR o.o.cucumber.core.Wait@handleException:151 - Caught an exception: [Received a SOAP fault on setSchedule that could be rejected because the CorrelationUid is unknown]
[2025-04-04 13:07:24.244] [osgp-cucumber-tests-platform-publiclighting-7x89j] [main] INFO o.o.cucumber.core.Wait@untilAndReturn:74 - ... polling in Wait.until (1 seconds) ...
[2025-04-04 13:07:24.757] [osgp-cucumber-tests-platform-publiclighting-7x89j] [main] INFO o.o.c.p.p.g.s.w.p.s.SetLightScheduleSteps@lambda$thePlatformBuffersASetLightScheduleResponseMessageForDevice$0:303 - Received a SOAP fault on setSchedule
[2025-04-04 13:07:24.757] [osgp-cucumber-tests-platform-publiclighting-7x89j] [main] ERROR o.o.cucumber.core.Wait@handleException:151 - Caught an exception: [Received a SOAP fault on setSchedule that could be rejected because the CorrelationUid is unknown]
[2025-04-04 13:07:24.757] [osgp-cucumber-tests-platform-publiclighting-7x89j] [main] INFO o.o.cucumber.core.Wait@untilAndReturn:74 - ... polling in Wait.until (1 seconds) ...
[2025-04-04 13:07:25.283] [osgp-cucumber-tests-platform-publiclighting-7x89j] [main] INFO o.o.c.p.p.g.s.w.p.s.SetLightScheduleSteps@lambda$thePlatformBuffersASetLightScheduleResponseMessageForDevice$0:303 - Received a SOAP fault on setSchedule
[2025-04-04 13:07:25.284] [osgp-cucumber-tests-platform-publiclighting-7x89j] [main] ERROR o.o.cucumber.core.Wait@handleException:151 - Caught an exception: [Received a SOAP fault on setSchedule that could be rejected because the CorrelationUid is unknown]
[2025-04-04 13:07:25.284] [osgp-cucumber-tests-platform-publiclighting-7x89j] [main] INFO o.o.cucumber.core.Wait@untilAndReturn:74 - ... polling in Wait.until (2 seconds) ...
[2025-04-04 13:07:25.798] [osgp-cucumber-tests-platform-publiclighting-7x89j] [main] INFO o.o.c.p.p.g.s.w.p.s.SetLightScheduleSteps@lambda$thePlatformBuffersASetLightScheduleResponseMessageForDevice$0:303 - Received a SOAP fault on setSchedule
[2025-04-04 13:07:25.798] [osgp-cucumber-tests-platform-publiclighting-7x89j] [main] ERROR o.o.cucumber.core.Wait@handleException:151 - Caught an exception: [Received a SOAP fault on setSchedule that could be rejected because the CorrelationUid is unknown]
[2025-04-04 13:07:25.798] [osgp-cucumber-tests-platform-publiclighting-7x89j] [main] INFO o.o.cucumber.core.Wait@untilAndReturn:74 - ... polling in Wait.until (2 seconds) ...
[2025-04-04 13:07:26.311] [osgp-cucumber-tests-platform-publiclighting-7x89j] [main] INFO o.o.c.p.p.g.s.w.p.s.SetLightScheduleSteps@lambda$thePlatformBuffersASetLightScheduleResponseMessageForDevice$0:303 - Received a SOAP fault on setSchedule
[2025-04-04 13:07:26.311] [osgp-cucumber-tests-platform-publiclighting-7x89j] [main] ERROR o.o.cucumber.core.Wait@handleException:151 - Caught an exception: [Received a SOAP fault on setSchedule that could be rejected because the CorrelationUid is unknown]
[2025-04-04 13:07:26.311] [osgp-cucumber-tests-platform-publiclighting-7x89j] [main] INFO o.o.cucumber.core.Wait@untilAndReturn:74 - ... polling in Wait.until (3 seconds) ...
[2025-04-04 13:07:26.825] [osgp-cucumber-tests-platform-publiclighting-7x89j] [main] INFO o.o.c.p.p.g.s.w.p.s.SetLightScheduleSteps@lambda$thePlatformBuffersASetLightScheduleResponseMessageForDevice$0:303 - Received a SOAP fault on setSchedule
[2025-04-04 13:07:26.825] [osgp-cucumber-tests-platform-publiclighting-7x89j] [main] ERROR o.o.cucumber.core.Wait@handleException:151 - Caught an exception: [Received a SOAP fault on setSchedule that could be rejected because the CorrelationUid is unknown]
[2025-04-04 13:07:26.825] [osgp-cucumber-tests-platform-publiclighting-7x89j] [main] INFO o.o.cucumber.core.Wait@untilAndReturn:74 - ... polling in Wait.until (3 seconds) ...
[2025-04-04 13:07:27.341] [osgp-cucumber-tests-platform-publiclighting-7x89j] [main] INFO o.o.c.p.p.g.s.w.p.s.SetLightScheduleSteps@lambda$thePlatformBuffersASetLightScheduleResponseMessageForDevice$0:303 - Received a SOAP fault on setSchedule
[2025-04-04 13:07:27.341] [osgp-cucumber-tests-platform-publiclighting-7x89j] [main] ERROR o.o.cucumber.core.Wait@handleException:151 - Caught an exception: [Received a SOAP fault on setSchedule that could be rejected because the CorrelationUid is unknown]
[2025-04-04 13:07:27.341] [osgp-cucumber-tests-platform-publiclighting-7x89j] [main] INFO o.o.cucumber.core.Wait@untilAndReturn:74 - ... polling in Wait.until (4 seconds) ...
[2025-04-04 13:07:27.857] [osgp-cucumber-tests-platform-publiclighting-7x89j] [main] INFO o.o.c.p.p.g.s.w.p.s.SetLightScheduleSteps@lambda$thePlatformBuffersASetLightScheduleResponseMessageForDevice$0:303 - Received a SOAP fault on setSchedule
[2025-04-04 13:07:27.857] [osgp-cucumber-tests-platform-publiclighting-7x89j] [main] ERROR o.o.cucumber.core.Wait@handleException:151 - Caught an exception: [Received a SOAP fault on setSchedule that could be rejected because the CorrelationUid is unknown]
[2025-04-04 13:07:27.857] [osgp-cucumber-tests-platform-publiclighting-7x89j] [main] INFO o.o.cucumber.core.Wait@untilAndReturn:74 - ... polling in Wait.until (4 seconds) ...
[2025-04-04 13:07:28.376] [osgp-cucumber-tests-platform-publiclighting-7x89j] [main] INFO o.o.c.p.p.g.s.w.p.s.SetLightScheduleSteps@lambda$thePlatformBuffersASetLightScheduleResponseMessageForDevice$0:303 - Received a SOAP fault on setSchedule
[2025-04-04 13:07:28.376] [osgp-cucumber-tests-platform-publiclighting-7x89j] [main] ERROR o.o.cucumber.core.Wait@handleException:151 - Caught an exception: [Received a SOAP fault on setSchedule that could be rejected because the CorrelationUid is unknown]
[2025-04-04 13:07:28.376] [osgp-cucumber-tests-platform-publiclighting-7x89j] [main] INFO o.o.cucumber.core.Wait@untilAndReturn:74 - ... polling in Wait.until (5 seconds) ...
[2025-04-04 13:07:28.892] [osgp-cucumber-tests-platform-publiclighting-7x89j] [main] INFO o.o.c.p.p.g.s.w.p.s.SetLightScheduleSteps@lambda$thePlatformBuffersASetLightScheduleResponseMessageForDevice$0:303 - Received a SOAP fault on setSchedule
[2025-04-04 13:07:28.892] [osgp-cucumber-tests-platform-publiclighting-7x89j] [main] ERROR o.o.cucumber.core.Wait@handleException:151 - Caught an exception: [Received a SOAP fault on setSchedule that could be rejected because the CorrelationUid is unknown]
[2025-04-04 13:07:28.892] [osgp-cucumber-tests-platform-publiclighting-7x89j] [main] INFO o.o.cucumber.core.Wait@untilAndReturn:74 - ... polling in Wait.until (5 seconds) ...
[2025-04-04 13:07:29.409] [osgp-cucumber-tests-platform-publiclighting-7x89j] [main] INFO o.o.c.p.p.g.s.w.p.s.SetLightScheduleSteps@lambda$thePlatformBuffersASetLightScheduleResponseMessageForDevice$0:303 - Received a SOAP fault on setSchedule
[2025-04-04 13:07:29.409] [osgp-cucumber-tests-platform-publiclighting-7x89j] [main] ERROR o.o.cucumber.core.Wait@handleException:151 - Caught an exception: [Received a SOAP fault on setSchedule that could be rejected because the CorrelationUid is unknown]
[2025-04-04 13:07:29.409] [osgp-cucumber-tests-platform-publiclighting-7x89j] [main] INFO o.o.cucumber.core.Wait@untilAndReturn:74 - ... polling in Wait.until (6 seconds) ...
[2025-04-04 13:07:29.924] [osgp-cucumber-tests-platform-publiclighting-7x89j] [main] INFO o.o.c.p.p.g.s.w.p.s.SetLightScheduleSteps@lambda$thePlatformBuffersASetLightScheduleResponseMessageForDevice$0:303 - Received a SOAP fault on setSchedule
[2025-04-04 13:07:29.924] [osgp-cucumber-tests-platform-publiclighting-7x89j] [main] ERROR o.o.cucumber.core.Wait@handleException:151 - Caught an exception: [Received a SOAP fault on setSchedule that could be rejected because the CorrelationUid is unknown]
[2025-04-04 13:07:29.924] [osgp-cucumber-tests-platform-publiclighting-7x89j] [main] INFO o.o.cucumber.core.Wait@untilAndReturn:74 - ... polling in Wait.until (6 seconds) ...
[2025-04-04 13:07:30.438] [osgp-cucumber-tests-platform-publiclighting-7x89j] [main] INFO o.o.c.p.p.g.s.w.p.s.SetLightScheduleSteps@lambda$thePlatformBuffersASetLightScheduleResponseMessageForDevice$0:303 - Received a SOAP fault on setSchedule
[2025-04-04 13:07:30.439] [osgp-cucumber-tests-platform-publiclighting-7x89j] [main] ERROR o.o.cucumber.core.Wait@handleException:151 - Caught an exception: [Received a SOAP fault on setSchedule that could be rejected because the CorrelationUid is unknown]
[2025-04-04 13:07:30.439] [osgp-cucumber-tests-platform-publiclighting-7x89j] [main] INFO o.o.cucumber.core.Wait@untilAndReturn:74 - ... polling in Wait.until (7 seconds) ...
[2025-04-04 13:07:30.955] [osgp-cucumber-tests-platform-publiclighting-7x89j] [main] INFO o.o.c.p.p.g.s.w.p.s.SetLightScheduleSteps@lambda$thePlatformBuffersASetLightScheduleResponseMessageForDevice$0:303 - Received a SOAP fault on setSchedule
[2025-04-04 13:07:30.955] [osgp-cucumber-tests-platform-publiclighting-7x89j] [main] ERROR o.o.cucumber.core.Wait@handleException:151 - Caught an exception: [Received a SOAP fault on setSchedule that could be rejected because the CorrelationUid is unknown]
[2025-04-04 13:07:30.955] [osgp-cucumber-tests-platform-publiclighting-7x89j] [main] INFO o.o.cucumber.core.Wait@untilAndReturn:74 - ... polling in Wait.until (7 seconds) ...
[2025-04-04 13:07:31.468] [osgp-cucumber-tests-platform-publiclighting-7x89j] [main] INFO o.o.c.p.p.g.s.w.p.s.SetLightScheduleSteps@lambda$thePlatformBuffersASetLightScheduleResponseMessageForDevice$0:303 - Received a SOAP fault on setSchedule
[2025-04-04 13:07:31.468] [osgp-cucumber-tests-platform-publiclighting-7x89j] [main] ERROR o.o.cucumber.core.Wait@handleException:151 - Caught an exception: [Received a SOAP fault on setSchedule that could be rejected because the CorrelationUid is unknown]
[2025-04-04 13:07:31.468] [osgp-cucumber-tests-platform-publiclighting-7x89j] [main] INFO o.o.cucumber.core.Wait@untilAndReturn:74 - ... polling in Wait.until (8 seconds) ...
[2025-04-04 13:07:31.980] [osgp-cucumber-tests-platform-publiclighting-7x89j] [main] INFO o.o.c.p.p.g.s.w.p.s.SetLightScheduleSteps@lambda$thePlatformBuffersASetLightScheduleResponseMessageForDevice$0:303 - Received a SOAP fault on setSchedule
[2025-04-04 13:07:31.980] [osgp-cucumber-tests-platform-publiclighting-7x89j] [main] ERROR o.o.cucumber.core.Wait@handleException:151 - Caught an exception: [Received a SOAP fault on setSchedule that could be rejected because the CorrelationUid is unknown]
[2025-04-04 13:07:31.980] [osgp-cucumber-tests-platform-publiclighting-7x89j] [main] INFO o.o.cucumber.core.Wait@untilAndReturn:74 - ... polling in Wait.until (8 seconds) ...
[2025-04-04 13:07:32.493] [osgp-cucumber-tests-platform-publiclighting-7x89j] [main] INFO o.o.c.p.p.g.s.w.p.s.SetLightScheduleSteps@lambda$thePlatformBuffersASetLightScheduleResponseMessageForDevice$0:303 - Received a SOAP fault on setSchedule
[2025-04-04 13:07:32.493] [osgp-cucumber-tests-platform-publiclighting-7x89j] [main] ERROR o.o.cucumber.core.Wait@handleException:151 - Caught an exception: [Received a SOAP fault on setSchedule that could be rejected because the CorrelationUid is unknown]
[2025-04-04 13:07:32.493] [osgp-cucumber-tests-platform-publiclighting-7x89j] [main] INFO o.o.cucumber.core.Wait@untilAndReturn:74 - ... polling in Wait.until (9 seconds) ...
[2025-04-04 13:07:33.005] [osgp-cucumber-tests-platform-publiclighting-7x89j] [main] INFO o.o.c.p.p.g.s.w.p.s.SetLightScheduleSteps@lambda$thePlatformBuffersASetLightScheduleResponseMessageForDevice$0:303 - Received a SOAP fault on setSchedule
[2025-04-04 13:07:33.005] [osgp-cucumber-tests-platform-publiclighting-7x89j] [main] ERROR o.o.cucumber.core.Wait@handleException:151 - Caught an exception: [Received a SOAP fault on setSchedule that could be rejected because the CorrelationUid is unknown]
[2025-04-04 13:07:33.005] [osgp-cucumber-tests-platform-publiclighting-7x89j] [main] INFO o.o.cucumber.core.Wait@untilAndReturn:74 - ... polling in Wait.until (9 seconds) ...
[2025-04-04 13:07:33.519] [osgp-cucumber-tests-platform-publiclighting-7x89j] [main] INFO o.o.c.p.p.g.s.w.p.s.SetLightScheduleSteps@lambda$thePlatformBuffersASetLightScheduleResponseMessageForDevice$0:303 - Received a SOAP fault on setSchedule
[2025-04-04 13:07:33.519] [osgp-cucumber-tests-platform-publiclighting-7x89j] [main] ERROR o.o.cucumber.core.Wait@handleException:151 - Caught an exception: [Received a SOAP fault on setSchedule that could be rejected because the CorrelationUid is unknown]
[2025-04-04 13:07:33.519] [osgp-cucumber-tests-platform-publiclighting-7x89j] [main] INFO o.o.cucumber.core.Wait@untilAndReturn:74 - ... polling in Wait.until (10 seconds) ...
[2025-04-04 13:07:34.033] [osgp-cucumber-tests-platform-publiclighting-7x89j] [main] INFO o.o.c.p.p.g.s.w.p.s.SetLightScheduleSteps@lambda$thePlatformBuffersASetLightScheduleResponseMessageForDevice$0:303 - Received a SOAP fault on setSchedule
[2025-04-04 13:07:34.033] [osgp-cucumber-tests-platform-publiclighting-7x89j] [main] ERROR o.o.cucumber.core.Wait@handleException:151 - Caught an exception: [Received a SOAP fault on setSchedule that could be rejected because the CorrelationUid is unknown]
[2025-04-04 13:07:34.033] [osgp-cucumber-tests-platform-publiclighting-7x89j] [main] INFO o.o.cucumber.core.Wait@untilAndReturn:74 - ... polling in Wait.until (10 seconds) ...
[2025-04-04 13:07:34.546] [osgp-cucumber-tests-platform-publiclighting-7x89j] [main] INFO o.o.c.p.p.g.s.w.p.s.SetLightScheduleSteps@lambda$thePlatformBuffersASetLightScheduleResponseMessageForDevice$0:303 - Received a SOAP fault on setSchedule
[2025-04-04 13:07:34.547] [osgp-cucumber-tests-platform-publiclighting-7x89j] [main] ERROR o.o.cucumber.core.Wait@handleException:151 - Caught an exception: [Received a SOAP fault on setSchedule that could be rejected because the CorrelationUid is unknown]
[2025-04-04 13:07:34.547] [osgp-cucumber-tests-platform-publiclighting-7x89j] [main] INFO o.o.cucumber.core.Wait@untilAndReturn:74 - ... polling in Wait.until (11 seconds) ...
[2025-04-04 13:07:35.059] [osgp-cucumber-tests-platform-publiclighting-7x89j] [main] INFO o.o.c.p.p.g.s.w.p.s.SetLightScheduleSteps@lambda$thePlatformBuffersASetLightScheduleResponseMessageForDevice$0:303 - Received a SOAP fault on setSchedule
[2025-04-04 13:07:35.060] [osgp-cucumber-tests-platform-publiclighting-7x89j] [main] ERROR o.o.cucumber.core.Wait@handleException:151 - Caught an exception: [Received a SOAP fault on setSchedule that could be rejected because the CorrelationUid is unknown]
[2025-04-04 13:07:35.060] [osgp-cucumber-tests-platform-publiclighting-7x89j] [main] INFO o.o.cucumber.core.Wait@untilAndReturn:74 - ... polling in Wait.until (11 seconds) ...
[2025-04-04 13:07:35.587] [osgp-cucumber-tests-platform-publiclighting-7x89j] [main] INFO o.o.c.p.p.g.s.w.p.s.SetLightScheduleSteps@lambda$thePlatformBuffersASetLightScheduleResponseMessageForDevice$0:303 - Received a SOAP fault on setSchedule
[2025-04-04 13:07:35.587] [osgp-cucumber-tests-platform-publiclighting-7x89j] [main] ERROR o.o.cucumber.core.Wait@handleException:151 - Caught an exception: [Received a SOAP fault on setSchedule that could be rejected because the CorrelationUid is unknown]
[2025-04-04 13:07:35.587] [osgp-cucumber-tests-platform-publiclighting-7x89j] [main] INFO o.o.cucumber.core.Wait@untilAndReturn:74 - ... polling in Wait.until (12 seconds) ...
[2025-04-04 13:07:36.100] [osgp-cucumber-tests-platform-publiclighting-7x89j] [main] INFO o.o.c.p.p.g.s.w.p.s.SetLightScheduleSteps@lambda$thePlatformBuffersASetLightScheduleResponseMessageForDevice$0:303 - Received a SOAP fault on setSchedule
[2025-04-04 13:07:36.100] [osgp-cucumber-tests-platform-publiclighting-7x89j] [main] ERROR o.o.cucumber.core.Wait@handleException:151 - Caught an exception: [Received a SOAP fault on setSchedule that could be rejected because the CorrelationUid is unknown]
[2025-04-04 13:07:36.100] [osgp-cucumber-tests-platform-publiclighting-7x89j] [main] INFO o.o.cucumber.core.Wait@untilAndReturn:74 - ... polling in Wait.until (12 seconds) ...
[2025-04-04 13:07:36.612] [osgp-cucumber-tests-platform-publiclighting-7x89j] [main] INFO o.o.c.p.p.g.s.w.p.s.SetLightScheduleSteps@lambda$thePlatformBuffersASetLightScheduleResponseMessageForDevice$0:303 - Received a SOAP fault on setSchedule
[2025-04-04 13:07:36.612] [osgp-cucumber-tests-platform-publiclighting-7x89j] [main] ERROR o.o.cucumber.core.Wait@handleException:151 - Caught an exception: [Received a SOAP fault on setSchedule that could be rejected because the CorrelationUid is unknown]
[2025-04-04 13:07:36.612] [osgp-cucumber-tests-platform-publiclighting-7x89j] [main] INFO o.o.cucumber.core.Wait@untilAndReturn:74 - ... polling in Wait.until (13 seconds) ...
[2025-04-04 13:07:37.126] [osgp-cucumber-tests-platform-publiclighting-7x89j] [main] INFO o.o.c.p.p.g.s.w.p.s.SetLightScheduleSteps@lambda$thePlatformBuffersASetLightScheduleResponseMessageForDevice$0:303 - Received a SOAP fault on setSchedule
[2025-04-04 13:07:37.126] [osgp-cucumber-tests-platform-publiclighting-7x89j] [main] ERROR o.o.cucumber.core.Wait@handleException:151 - Caught an exception: [Received a SOAP fault on setSchedule that could be rejected because the CorrelationUid is unknown]
[2025-04-04 13:07:37.126] [osgp-cucumber-tests-platform-publiclighting-7x89j] [main] INFO o.o.cucumber.core.Wait@untilAndReturn:74 - ... polling in Wait.until (13 seconds) ...
[2025-04-04 13:07:37.639] [osgp-cucumber-tests-platform-publiclighting-7x89j] [main] INFO o.o.c.p.p.g.s.w.p.s.SetLightScheduleSteps@lambda$thePlatformBuffersASetLightScheduleResponseMessageForDevice$0:303 - Received a SOAP fault on setSchedule
[2025-04-04 13:07:37.639] [osgp-cucumber-tests-platform-publiclighting-7x89j] [main] ERROR o.o.cucumber.core.Wait@handleException:151 - Caught an exception: [Received a SOAP fault on setSchedule that could be rejected because the CorrelationUid is unknown]
[2025-04-04 13:07:37.639] [osgp-cucumber-tests-platform-publiclighting-7x89j] [main] INFO o.o.cucumber.core.Wait@untilAndReturn:74 - ... polling in Wait.until (14 seconds) ...
[2025-04-04 13:07:38.153] [osgp-cucumber-tests-platform-publiclighting-7x89j] [main] INFO o.o.c.p.p.g.s.w.p.s.SetLightScheduleSteps@lambda$thePlatformBuffersASetLightScheduleResponseMessageForDevice$0:303 - Received a SOAP fault on setSchedule
[2025-04-04 13:07:38.153] [osgp-cucumber-tests-platform-publiclighting-7x89j] [main] ERROR o.o.cucumber.core.Wait@handleException:151 - Caught an exception: [Received a SOAP fault on setSchedule that could be rejected because the CorrelationUid is unknown]
[2025-04-04 13:07:38.153] [osgp-cucumber-tests-platform-publiclighting-7x89j] [main] INFO o.o.cucumber.core.Wait@untilAndReturn:74 - ... polling in Wait.until (14 seconds) ...
[2025-04-04 13:07:38.667] [osgp-cucumber-tests-platform-publiclighting-7x89j] [main] INFO o.o.c.p.p.g.s.w.p.s.SetLightScheduleSteps@lambda$thePlatformBuffersASetLightScheduleResponseMessageForDevice$0:303 - Received a SOAP fault on setSchedule
[2025-04-04 13:07:38.667] [osgp-cucumber-tests-platform-publiclighting-7x89j] [main] ERROR o.o.cucumber.core.Wait@handleException:151 - Caught an exception: [Received a SOAP fault on setSchedule that could be rejected because the CorrelationUid is unknown]
[2025-04-04 13:07:38.667] [osgp-cucumber-tests-platform-publiclighting-7x89j] [main] INFO o.o.cucumber.core.Wait@untilAndReturn:74 - ... polling in Wait.until (15 seconds) ...
[2025-04-04 13:07:39.180] [osgp-cucumber-tests-platform-publiclighting-7x89j] [main] INFO o.o.c.p.p.g.s.w.p.s.SetLightScheduleSteps@lambda$thePlatformBuffersASetLightScheduleResponseMessageForDevice$0:303 - Received a SOAP fault on setSchedule
[2025-04-04 13:07:39.180] [osgp-cucumber-tests-platform-publiclighting-7x89j] [main] ERROR o.o.cucumber.core.Wait@handleException:151 - Caught an exception: [Received a SOAP fault on setSchedule that could be rejected because the CorrelationUid is unknown]
[2025-04-04 13:07:39.180] [osgp-cucumber-tests-platform-publiclighting-7x89j] [main] INFO o.o.cucumber.core.Wait@untilAndReturn:74 - ... polling in Wait.until (15 seconds) ...
[2025-04-04 13:07:39.692] [osgp-cucumber-tests-platform-publiclighting-7x89j] [main] INFO o.o.c.p.p.g.s.w.p.s.SetLightScheduleSteps@lambda$thePlatformBuffersASetLightScheduleResponseMessageForDevice$0:303 - Received a SOAP fault on setSchedule
[2025-04-04 13:07:39.692] [osgp-cucumber-tests-platform-publiclighting-7x89j] [main] ERROR o.o.cucumber.core.Wait@handleException:151 - Caught an exception: [Received a SOAP fault on setSchedule that could be rejected because the CorrelationUid is unknown]
[2025-04-04 13:07:39.692] [osgp-cucumber-tests-platform-publiclighting-7x89j] [main] INFO o.o.cucumber.core.Wait@untilAndReturn:74 - ... polling in Wait.until (16 seconds) ...
[2025-04-04 13:07:40.204] [osgp-cucumber-tests-platform-publiclighting-7x89j] [main] INFO o.o.c.p.p.g.s.w.p.s.SetLightScheduleSteps@lambda$thePlatformBuffersASetLightScheduleResponseMessageForDevice$0:303 - Received a SOAP fault on setSchedule
[2025-04-04 13:07:40.204] [osgp-cucumber-tests-platform-publiclighting-7x89j] [main] ERROR o.o.cucumber.core.Wait@handleException:151 - Caught an exception: [Received a SOAP fault on setSchedule that could be rejected because the CorrelationUid is unknown]
[2025-04-04 13:07:40.204] [osgp-cucumber-tests-platform-publiclighting-7x89j] [main] INFO o.o.cucumber.core.Wait@untilAndReturn:74 - ... polling in Wait.until (16 seconds) ...
[2025-04-04 13:07:40.719] [osgp-cucumber-tests-platform-publiclighting-7x89j] [main] INFO o.o.c.p.p.g.s.w.p.s.SetLightScheduleSteps@lambda$thePlatformBuffersASetLightScheduleResponseMessageForDevice$0:303 - Received a SOAP fault on setSchedule
[2025-04-04 13:07:40.719] [osgp-cucumber-tests-platform-publiclighting-7x89j] [main] ERROR o.o.cucumber.core.Wait@handleException:151 - Caught an exception: [Received a SOAP fault on setSchedule that could be rejected because the CorrelationUid is unknown]
[2025-04-04 13:07:40.719] [osgp-cucumber-tests-platform-publiclighting-7x89j] [main] INFO o.o.cucumber.core.Wait@untilAndReturn:74 - ... polling in Wait.until (17 seconds) ...
[2025-04-04 13:07:41.232] [osgp-cucumber-tests-platform-publiclighting-7x89j] [main] INFO o.o.c.p.p.g.s.w.p.s.SetLightScheduleSteps@lambda$thePlatformBuffersASetLightScheduleResponseMessageForDevice$0:303 - Received a SOAP fault on setSchedule
[2025-04-04 13:07:41.232] [osgp-cucumber-tests-platform-publiclighting-7x89j] [main] ERROR o.o.cucumber.core.Wait@handleException:151 - Caught an exception: [Received a SOAP fault on setSchedule that could be rejected because the CorrelationUid is unknown]
[2025-04-04 13:07:41.232] [osgp-cucumber-tests-platform-publiclighting-7x89j] [main] INFO o.o.cucumber.core.Wait@untilAndReturn:74 - ... polling in Wait.until (18 seconds) ...
[2025-04-04 13:07:41.747] [osgp-cucumber-tests-platform-publiclighting-7x89j] [main] INFO o.o.c.p.p.g.s.w.p.s.SetLightScheduleSteps@lambda$thePlatformBuffersASetLightScheduleResponseMessageForDevice$0:303 - Received a SOAP fault on setSchedule
[2025-04-04 13:07:41.747] [osgp-cucumber-tests-platform-publiclighting-7x89j] [main] ERROR o.o.cucumber.core.Wait@handleException:151 - Caught an exception: [Received a SOAP fault on setSchedule that could be rejected because the CorrelationUid is unknown]
[2025-04-04 13:07:41.747] [osgp-cucumber-tests-platform-publiclighting-7x89j] [main] INFO o.o.cucumber.core.Wait@untilAndReturn:74 - ... polling in Wait.until (18 seconds) ...
[2025-04-04 13:07:42.261] [osgp-cucumber-tests-platform-publiclighting-7x89j] [main] INFO o.o.c.p.p.g.s.w.p.s.SetLightScheduleSteps@lambda$thePlatformBuffersASetLightScheduleResponseMessageForDevice$0:303 - Received a SOAP fault on setSchedule
[2025-04-04 13:07:42.261] [osgp-cucumber-tests-platform-publiclighting-7x89j] [main] ERROR o.o.cucumber.core.Wait@handleException:151 - Caught an exception: [Received a SOAP fault on setSchedule that could be rejected because the CorrelationUid is unknown]
[2025-04-04 13:07:42.261] [osgp-cucumber-tests-platform-publiclighting-7x89j] [main] INFO o.o.cucumber.core.Wait@untilAndReturn:74 - ... polling in Wait.until (19 seconds) ...
[2025-04-04 13:07:42.774] [osgp-cucumber-tests-platform-publiclighting-7x89j] [main] INFO o.o.c.p.p.g.s.w.p.s.SetLightScheduleSteps@lambda$thePlatformBuffersASetLightScheduleResponseMessageForDevice$0:303 - Received a SOAP fault on setSchedule
[2025-04-04 13:07:42.774] [osgp-cucumber-tests-platform-publiclighting-7x89j] [main] ERROR o.o.cucumber.core.Wait@handleException:151 - Caught an exception: [Received a SOAP fault on setSchedule that could be rejected because the CorrelationUid is unknown]
[2025-04-04 13:07:42.774] [osgp-cucumber-tests-platform-publiclighting-7x89j] [main] INFO o.o.cucumber.core.Wait@untilAndReturn:74 - ... polling in Wait.until (19 seconds) ...
[2025-04-04 13:07:43.288] [osgp-cucumber-tests-platform-publiclighting-7x89j] [main] INFO o.o.c.p.p.g.s.w.p.s.SetLightScheduleSteps@lambda$thePlatformBuffersASetLightScheduleResponseMessageForDevice$0:303 - Received a SOAP fault on setSchedule
[2025-04-04 13:07:43.288] [osgp-cucumber-tests-platform-publiclighting-7x89j] [main] ERROR o.o.cucumber.core.Wait@handleException:151 - Caught an exception: [Received a SOAP fault on setSchedule that could be rejected because the CorrelationUid is unknown]
[2025-04-04 13:07:43.288] [osgp-cucumber-tests-platform-publiclighting-7x89j] [main] INFO o.o.cucumber.core.Wait@untilAndReturn:74 - ... polling in Wait.until (20 seconds) ...
[2025-04-04 13:07:43.803] [osgp-cucumber-tests-platform-publiclighting-7x89j] [main] INFO o.o.c.p.p.g.s.w.p.s.SetLightScheduleSteps@lambda$thePlatformBuffersASetLightScheduleResponseMessageForDevice$0:303 - Received a SOAP fault on setSchedule
[2025-04-04 13:07:43.803] [osgp-cucumber-tests-platform-publiclighting-7x89j] [main] ERROR o.o.cucumber.core.Wait@handleException:151 - Caught an exception: [Received a SOAP fault on setSchedule that could be rejected because the CorrelationUid is unknown]
[2025-04-04 13:07:43.803] [osgp-cucumber-tests-platform-publiclighting-7x89j] [main] INFO o.o.cucumber.core.Wait@untilAndReturn:74 - ... polling in Wait.until (20 seconds) ...
[2025-04-04 13:07:44.316] [osgp-cucumber-tests-platform-publiclighting-7x89j] [main] INFO o.o.c.p.p.g.s.w.p.s.SetLightScheduleSteps@lambda$thePlatformBuffersASetLightScheduleResponseMessageForDevice$0:303 - Received a SOAP fault on setSchedule
[2025-04-04 13:07:44.317] [osgp-cucumber-tests-platform-publiclighting-7x89j] [main] ERROR o.o.cucumber.core.Wait@handleException:151 - Caught an exception: [Received a SOAP fault on setSchedule that could be rejected because the CorrelationUid is unknown]
[2025-04-04 13:07:44.317] [osgp-cucumber-tests-platform-publiclighting-7x89j] [main] INFO o.o.cucumber.core.Wait@untilAndReturn:74 - ... polling in Wait.until (21 seconds) ...
[2025-04-04 13:07:44.830] [osgp-cucumber-tests-platform-publiclighting-7x89j] [main] INFO o.o.c.p.p.g.s.w.p.s.SetLightScheduleSteps@lambda$thePlatformBuffersASetLightScheduleResponseMessageForDevice$0:303 - Received a SOAP fault on setSchedule
[2025-04-04 13:07:44.830] [osgp-cucumber-tests-platform-publiclighting-7x89j] [main] ERROR o.o.cucumber.core.Wait@handleException:151 - Caught an exception: [Received a SOAP fault on setSchedule that could be rejected because the CorrelationUid is unknown]
[2025-04-04 13:07:44.830] [osgp-cucumber-tests-platform-publiclighting-7x89j] [main] INFO o.o.cucumber.core.Wait@untilAndReturn:74 - ... polling in Wait.until (21 seconds) ...
[2025-04-04 13:07:45.343] [osgp-cucumber-tests-platform-publiclighting-7x89j] [main] INFO o.o.c.p.p.g.s.w.p.s.SetLightScheduleSteps@lambda$thePlatformBuffersASetLightScheduleResponseMessageForDevice$0:303 - Received a SOAP fault on setSchedule
[2025-04-04 13:07:45.343] [osgp-cucumber-tests-platform-publiclighting-7x89j] [main] ERROR o.o.cucumber.core.Wait@handleException:151 - Caught an exception: [Received a SOAP fault on setSchedule that could be rejected because the CorrelationUid is unknown]
[2025-04-04 13:07:45.343] [osgp-cucumber-tests-platform-publiclighting-7x89j] [main] INFO o.o.cucumber.core.Wait@untilAndReturn:74 - ... polling in Wait.until (22 seconds) ...
[2025-04-04 13:07:45.877] [osgp-cucumber-tests-platform-publiclighting-7x89j] [main] INFO o.o.c.p.p.g.s.w.p.s.SetLightScheduleSteps@lambda$thePlatformBuffersASetLightScheduleResponseMessageForDevice$0:303 - Received a SOAP fault on setSchedule
[2025-04-04 13:07:45.877] [osgp-cucumber-tests-platform-publiclighting-7x89j] [main] ERROR o.o.cucumber.core.Wait@handleException:151 - Caught an exception: [Received a SOAP fault on setSchedule that could be rejected because the CorrelationUid is unknown]
[2025-04-04 13:07:45.877] [osgp-cucumber-tests-platform-publiclighting-7x89j] [main] INFO o.o.cucumber.core.Wait@untilAndReturn:74 - ... polling in Wait.until (22 seconds) ...
[2025-04-04 13:07:46.391] [osgp-cucumber-tests-platform-publiclighting-7x89j] [main] INFO o.o.c.p.p.g.s.w.p.s.SetLightScheduleSteps@lambda$thePlatformBuffersASetLightScheduleResponseMessageForDevice$0:303 - Received a SOAP fault on setSchedule
[2025-04-04 13:07:46.391] [osgp-cucumber-tests-platform-publiclighting-7x89j] [main] ERROR o.o.cucumber.core.Wait@handleException:151 - Caught an exception: [Received a SOAP fault on setSchedule that could be rejected because the CorrelationUid is unknown]
[2025-04-04 13:07:46.391] [osgp-cucumber-tests-platform-publiclighting-7x89j] [main] INFO o.o.cucumber.core.Wait@untilAndReturn:74 - ... polling in Wait.until (23 seconds) ...
[2025-04-04 13:07:46.904] [osgp-cucumber-tests-platform-publiclighting-7x89j] [main] INFO o.o.c.p.p.g.s.w.p.s.SetLightScheduleSteps@lambda$thePlatformBuffersASetLightScheduleResponseMessageForDevice$0:303 - Received a SOAP fault on setSchedule
[2025-04-04 13:07:46.904] [osgp-cucumber-tests-platform-publiclighting-7x89j] [main] ERROR o.o.cucumber.core.Wait@handleException:151 - Caught an exception: [Received a SOAP fault on setSchedule that could be rejected because the CorrelationUid is unknown]
[2025-04-04 13:07:46.904] [osgp-cucumber-tests-platform-publiclighting-7x89j] [main] INFO o.o.cucumber.core.Wait@untilAndReturn:74 - ... polling in Wait.until (23 seconds) ...
[2025-04-04 13:07:47.420] [osgp-cucumber-tests-platform-publiclighting-7x89j] [main] INFO o.o.c.p.p.g.s.w.p.s.SetLightScheduleSteps@lambda$thePlatformBuffersASetLightScheduleResponseMessageForDevice$0:303 - Received a SOAP fault on setSchedule
[2025-04-04 13:07:47.420] [osgp-cucumber-tests-platform-publiclighting-7x89j] [main] ERROR o.o.cucumber.core.Wait@handleException:151 - Caught an exception: [Received a SOAP fault on setSchedule that could be rejected because the CorrelationUid is unknown]
[2025-04-04 13:07:47.421] [osgp-cucumber-tests-platform-publiclighting-7x89j] [main] INFO o.o.cucumber.core.Wait@untilAndReturn:74 - ... polling in Wait.until (24 seconds) ...
[2025-04-04 13:07:47.935] [osgp-cucumber-tests-platform-publiclighting-7x89j] [main] INFO o.o.c.p.p.g.s.w.p.s.SetLightScheduleSteps@lambda$thePlatformBuffersASetLightScheduleResponseMessageForDevice$0:303 - Received a SOAP fault on setSchedule
[2025-04-04 13:07:47.935] [osgp-cucumber-tests-platform-publiclighting-7x89j] [main] ERROR o.o.cucumber.core.Wait@handleException:151 - Caught an exception: [Received a SOAP fault on setSchedule that could be rejected because the CorrelationUid is unknown]
[2025-04-04 13:07:47.935] [osgp-cucumber-tests-platform-publiclighting-7x89j] [main] INFO o.o.cucumber.core.Wait@untilAndReturn:74 - ... polling in Wait.until (24 seconds) ...
[2025-04-04 13:07:48.449] [osgp-cucumber-tests-platform-publiclighting-7x89j] [main] INFO o.o.c.p.p.g.s.w.p.s.SetLightScheduleSteps@lambda$thePlatformBuffersASetLightScheduleResponseMessageForDevice$0:303 - Received a SOAP fault on setSchedule
[2025-04-04 13:07:48.449] [osgp-cucumber-tests-platform-publiclighting-7x89j] [main] ERROR o.o.cucumber.core.Wait@handleException:151 - Caught an exception: [Received a SOAP fault on setSchedule that could be rejected because the CorrelationUid is unknown]
[2025-04-04 13:07:48.449] [osgp-cucumber-tests-platform-publiclighting-7x89j] [main] INFO o.o.cucumber.core.Wait@untilAndReturn:74 - ... polling in Wait.until (25 seconds) ...
[2025-04-04 13:07:48.967] [osgp-cucumber-tests-platform-publiclighting-7x89j] [main] INFO o.o.c.p.p.g.s.w.p.s.SetLightScheduleSteps@lambda$thePlatformBuffersASetLightScheduleResponseMessageForDevice$0:303 - Received a SOAP fault on setSchedule
[2025-04-04 13:07:48.967] [osgp-cucumber-tests-platform-publiclighting-7x89j] [main] ERROR o.o.cucumber.core.Wait@handleException:151 - Caught an exception: [Received a SOAP fault on setSchedule that could be rejected because the CorrelationUid is unknown]
[2025-04-04 13:07:48.967] [osgp-cucumber-tests-platform-publiclighting-7x89j] [main] INFO o.o.cucumber.core.Wait@untilAndReturn:74 - ... polling in Wait.until (25 seconds) ...
[2025-04-04 13:07:49.481] [osgp-cucumber-tests-platform-publiclighting-7x89j] [main] INFO o.o.c.p.p.g.s.w.p.s.SetLightScheduleSteps@lambda$thePlatformBuffersASetLightScheduleResponseMessageForDevice$0:303 - Received a SOAP fault on setSchedule
[2025-04-04 13:07:49.481] [osgp-cucumber-tests-platform-publiclighting-7x89j] [main] ERROR o.o.cucumber.core.Wait@handleException:151 - Caught an exception: [Received a SOAP fault on setSchedule that could be rejected because the CorrelationUid is unknown]
[2025-04-04 13:07:49.482] [osgp-cucumber-tests-platform-publiclighting-7x89j] [main] INFO o.o.cucumber.core.Wait@untilAndReturn:74 - ... polling in Wait.until (26 seconds) ...
[2025-04-04 13:07:49.997] [osgp-cucumber-tests-platform-publiclighting-7x89j] [main] INFO o.o.c.p.p.g.s.w.p.s.SetLightScheduleSteps@lambda$thePlatformBuffersASetLightScheduleResponseMessageForDevice$0:303 - Received a SOAP fault on setSchedule
[2025-04-04 13:07:49.997] [osgp-cucumber-tests-platform-publiclighting-7x89j] [main] ERROR o.o.cucumber.core.Wait@handleException:151 - Caught an exception: [Received a SOAP fault on setSchedule that could be rejected because the CorrelationUid is unknown]
[2025-04-04 13:07:49.997] [osgp-cucumber-tests-platform-publiclighting-7x89j] [main] INFO o.o.cucumber.core.Wait@untilAndReturn:74 - ... polling in Wait.until (26 seconds) ...
[2025-04-04 13:07:50.512] [osgp-cucumber-tests-platform-publiclighting-7x89j] [main] INFO o.o.c.p.p.g.s.w.p.s.SetLightScheduleSteps@lambda$thePlatformBuffersASetLightScheduleResponseMessageForDevice$0:303 - Received a SOAP fault on setSchedule
[2025-04-04 13:07:50.512] [osgp-cucumber-tests-platform-publiclighting-7x89j] [main] ERROR o.o.cucumber.core.Wait@handleException:151 - Caught an exception: [Received a SOAP fault on setSchedule that could be rejected because the CorrelationUid is unknown]
[2025-04-04 13:07:50.512] [osgp-cucumber-tests-platform-publiclighting-7x89j] [main] INFO o.o.cucumber.core.Wait@untilAndReturn:74 - ... polling in Wait.until (27 seconds) ...
[2025-04-04 13:07:51.026] [osgp-cucumber-tests-platform-publiclighting-7x89j] [main] INFO o.o.c.p.p.g.s.w.p.s.SetLightScheduleSteps@lambda$thePlatformBuffersASetLightScheduleResponseMessageForDevice$0:303 - Received a SOAP fault on setSchedule
[2025-04-04 13:07:51.026] [osgp-cucumber-tests-platform-publiclighting-7x89j] [main] ERROR o.o.cucumber.core.Wait@handleException:151 - Caught an exception: [Received a SOAP fault on setSchedule that could be rejected because the CorrelationUid is unknown]
[2025-04-04 13:07:51.026] [osgp-cucumber-tests-platform-publiclighting-7x89j] [main] INFO o.o.cucumber.core.Wait@untilAndReturn:74 - ... polling in Wait.until (27 seconds) ...
[2025-04-04 13:07:51.540] [osgp-cucumber-tests-platform-publiclighting-7x89j] [main] INFO o.o.c.p.p.g.s.w.p.s.SetLightScheduleSteps@lambda$thePlatformBuffersASetLightScheduleResponseMessageForDevice$0:303 - Received a SOAP fault on setSchedule
[2025-04-04 13:07:51.540] [osgp-cucumber-tests-platform-publiclighting-7x89j] [main] ERROR o.o.cucumber.core.Wait@handleException:151 - Caught an exception: [Received a SOAP fault on setSchedule that could be rejected because the CorrelationUid is unknown]
[2025-04-04 13:07:51.540] [osgp-cucumber-tests-platform-publiclighting-7x89j] [main] INFO o.o.cucumber.core.Wait@untilAndReturn:74 - ... polling in Wait.until (28 seconds) ...
[2025-04-04 13:07:52.055] [osgp-cucumber-tests-platform-publiclighting-7x89j] [main] INFO o.o.c.p.p.g.s.w.p.s.SetLightScheduleSteps@lambda$thePlatformBuffersASetLightScheduleResponseMessageForDevice$0:303 - Received a SOAP fault on setSchedule
[2025-04-04 13:07:52.055] [osgp-cucumber-tests-platform-publiclighting-7x89j] [main] ERROR o.o.cucumber.core.Wait@handleException:151 - Caught an exception: [Received a SOAP fault on setSchedule that could be rejected because the CorrelationUid is unknown]
[2025-04-04 13:07:52.055] [osgp-cucumber-tests-platform-publiclighting-7x89j] [main] INFO o.o.cucumber.core.Wait@untilAndReturn:74 - ... polling in Wait.until (28 seconds) ...
[2025-04-04 13:07:52.570] [osgp-cucumber-tests-platform-publiclighting-7x89j] [main] INFO o.o.c.p.p.g.s.w.p.s.SetLightScheduleSteps@lambda$thePlatformBuffersASetLightScheduleResponseMessageForDevice$0:303 - Received a SOAP fault on setSchedule
[2025-04-04 13:07:52.570] [osgp-cucumber-tests-platform-publiclighting-7x89j] [main] ERROR o.o.cucumber.core.Wait@handleException:151 - Caught an exception: [Received a SOAP fault on setSchedule that could be rejected because the CorrelationUid is unknown]
[2025-04-04 13:07:52.570] [osgp-cucumber-tests-platform-publiclighting-7x89j] [main] INFO o.o.cucumber.core.Wait@untilAndReturn:74 - ... polling in Wait.until (29 seconds) ...
[2025-04-04 13:07:53.083] [osgp-cucumber-tests-platform-publiclighting-7x89j] [main] INFO o.o.c.p.p.g.s.w.p.s.SetLightScheduleSteps@lambda$thePlatformBuffersASetLightScheduleResponseMessageForDevice$0:303 - Received a SOAP fault on setSchedule
[2025-04-04 13:07:53.084] [osgp-cucumber-tests-platform-publiclighting-7x89j] [main] ERROR o.o.cucumber.core.Wait@handleException:151 - Caught an exception: [Received a SOAP fault on setSchedule that could be rejected because the CorrelationUid is unknown]
[2025-04-04 13:07:53.084] [osgp-cucumber-tests-platform-publiclighting-7x89j] [main] INFO o.o.cucumber.core.Wait@untilAndReturn:74 - ... polling in Wait.until (29 seconds) ...
]]></system-out>
  <system-err><![CDATA[]]></system-err>
</testsuite>
